<<<<<<< HEAD
Thu Apr 25 23:11:17 EDT 2019 : Apache Derby Network Server - 10.11.1.2 - (1629631) started and ready to accept connections on port 1527
----------------------------------------------------------------
Thu Apr 25 23:11:25 EDT 2019:
Booting Derby version The Apache Software Foundation - Apache Derby - 10.11.1.2 - (1629631): instance a816c00e-016a-57a0-3046-ffffb177156b 
on database directory C:\temp\ReservationService\database\reservationDB with class loader sun.misc.Launcher$AppClassLoader@1d44bcfa 
Loaded from file:/C:/temp/ReservationService/database/db/lib/derby.jar
=======
Thu Apr 25 23:00:55 EDT 2019 : Apache Derby Network Server - 10.11.1.2 - (1629631) started and ready to accept connections on port 1527
----------------------------------------------------------------
Thu Apr 25 23:00:59 EDT 2019:
Booting Derby version The Apache Software Foundation - Apache Derby - 10.11.1.2 - (1629631): instance a816c00e-016a-5796-b2bb-00000edabf7e 
on database directory C:\Users\CJR5662\Documents\Net\ReservationService\database\reservationDB with class loader sun.misc.Launcher$AppClassLoader@1d44bcfa 
Loaded from file:/C:/Users/CJR5662/Documents/Net/ReservationService/database/db/lib/derby.jar
>>>>>>> 1ccc5ed7c667d2481dd52b60385c35c4d8b50f9d
java.vendor=Oracle Corporation
java.runtime.version=1.8.0_144-b01
user.dir=C:\Users\CJR5662\Documents\Net\ReservationService\database\db
os.name=Windows 10
os.arch=amd64
os.version=10.0
derby.system.home=C:\Users\CJR5662\Documents\Net\ReservationService\database
Database Class Loader started - derby.database.classpath=''
----------------------------------------------------------------
<<<<<<< HEAD
Thu Apr 25 23:58:49 EDT 2019: Shutting down Derby engine
----------------------------------------------------------------
Thu Apr 25 23:58:49 EDT 2019:
Shutting down instance a816c00e-016a-57a0-3046-ffffb177156b on database directory C:\temp\ReservationService\database\reservationDB with class loader sun.misc.Launcher$AppClassLoader@1d44bcfa 
=======
Thu Apr 25 23:01:55 EDT 2019: Shutting down Derby engine
----------------------------------------------------------------
Thu Apr 25 23:01:55 EDT 2019:
Shutting down instance a816c00e-016a-5796-b2bb-00000edabf7e on database directory C:\Users\CJR5662\Documents\Net\ReservationService\database\reservationDB with class loader sun.misc.Launcher$AppClassLoader@1d44bcfa 
>>>>>>> 1ccc5ed7c667d2481dd52b60385c35c4d8b50f9d
----------------------------------------------------------------
