Apr 25, 2019 4:40:19 PM org.apache.catalina.startup.VersionLoggerListener log
INFO: Server version:        Apache Tomcat/7.0.93
Apr 25, 2019 4:40:19 PM org.apache.catalina.startup.VersionLoggerListener log
INFO: Server built:          Feb 16 2019 17:13:17 UTC
Apr 25, 2019 4:40:19 PM org.apache.catalina.startup.VersionLoggerListener log
INFO: Server number:         7.0.93.0
Apr 25, 2019 4:40:19 PM org.apache.catalina.startup.VersionLoggerListener log
INFO: OS Name:               Windows 10
Apr 25, 2019 4:40:19 PM org.apache.catalina.startup.VersionLoggerListener log
INFO: OS Version:            10.0
Apr 25, 2019 4:40:19 PM org.apache.catalina.startup.VersionLoggerListener log
INFO: Architecture:          amd64
Apr 25, 2019 4:40:19 PM org.apache.catalina.startup.VersionLoggerListener log
INFO: Java Home:             C:\Program Files\Java\JDK\jre
Apr 25, 2019 4:40:19 PM org.apache.catalina.startup.VersionLoggerListener log
INFO: JVM Version:           1.8.0_144-b01
Apr 25, 2019 4:40:19 PM org.apache.catalina.startup.VersionLoggerListener log
INFO: JVM Vendor:            Oracle Corporation
Apr 25, 2019 4:40:19 PM org.apache.catalina.startup.VersionLoggerListener log
INFO: CATALINA_BASE:         C:\temp\ReservationService\tomcat\apache-tomcat-7.0.93-windows-x64\apache-tomcat-7.0.93
Apr 25, 2019 4:40:19 PM org.apache.catalina.startup.VersionLoggerListener log
INFO: CATALINA_HOME:         C:\temp\ReservationService\tomcat\apache-tomcat-7.0.93-windows-x64\apache-tomcat-7.0.93
Apr 25, 2019 4:40:19 PM org.apache.catalina.startup.VersionLoggerListener log
INFO: Command line argument: -Djava.util.logging.config.file=C:\temp\ReservationService\tomcat\apache-tomcat-7.0.93-windows-x64\apache-tomcat-7.0.93\conf\logging.properties
Apr 25, 2019 4:40:19 PM org.apache.catalina.startup.VersionLoggerListener log
INFO: Command line argument: -Djava.util.logging.manager=org.apache.juli.ClassLoaderLogManager
Apr 25, 2019 4:40:19 PM org.apache.catalina.startup.VersionLoggerListener log
INFO: Command line argument: -Dhttp.nonProxyHosts=localhost|127.0.0.1|REMOTE97
Apr 25, 2019 4:40:19 PM org.apache.catalina.startup.VersionLoggerListener log
INFO: Command line argument: -Djdk.tls.ephemeralDHKeySize=2048
Apr 25, 2019 4:40:19 PM org.apache.catalina.startup.VersionLoggerListener log
INFO: Command line argument: -Dignore.endorsed.dirs=
Apr 25, 2019 4:40:19 PM org.apache.catalina.startup.VersionLoggerListener log
INFO: Command line argument: -Dcatalina.base=C:\temp\ReservationService\tomcat\apache-tomcat-7.0.93-windows-x64\apache-tomcat-7.0.93
Apr 25, 2019 4:40:19 PM org.apache.catalina.startup.VersionLoggerListener log
INFO: Command line argument: -Dcatalina.home=C:\temp\ReservationService\tomcat\apache-tomcat-7.0.93-windows-x64\apache-tomcat-7.0.93
Apr 25, 2019 4:40:19 PM org.apache.catalina.startup.VersionLoggerListener log
INFO: Command line argument: -Djava.io.tmpdir=C:\temp\ReservationService\tomcat\apache-tomcat-7.0.93-windows-x64\apache-tomcat-7.0.93\temp
Apr 25, 2019 4:40:19 PM org.apache.catalina.core.AprLifecycleListener lifecycleEvent
INFO: Loaded APR based Apache Tomcat Native library 1.2.21 using APR version 1.6.5.
Apr 25, 2019 4:40:19 PM org.apache.catalina.core.AprLifecycleListener lifecycleEvent
INFO: APR capabilities: IPv6 [true], sendfile [true], accept filters [false], random [true].
Apr 25, 2019 4:40:19 PM org.apache.catalina.core.AprLifecycleListener initializeSSL
INFO: OpenSSL successfully initialized (OpenSSL 1.1.1a  20 Nov 2018)
Apr 25, 2019 4:40:19 PM org.apache.coyote.AbstractProtocol init
INFO: Initializing ProtocolHandler ["http-apr-8080"]
Apr 25, 2019 4:40:19 PM org.apache.coyote.AbstractProtocol init
INFO: Initializing ProtocolHandler ["ajp-apr-8009"]
Apr 25, 2019 4:40:19 PM org.apache.catalina.startup.Catalina load
INFO: Initialization processed in 2154 ms
Apr 25, 2019 4:40:20 PM org.apache.catalina.core.StandardService startInternal
INFO: Starting service Catalina
Apr 25, 2019 4:40:20 PM org.apache.catalina.core.StandardEngine startInternal
INFO: Starting Servlet Engine: Apache Tomcat/7.0.93
Apr 25, 2019 4:40:20 PM org.apache.catalina.startup.HostConfig deployWAR
INFO: Deploying web application archive C:\temp\ReservationService\tomcat\apache-tomcat-7.0.93-windows-x64\apache-tomcat-7.0.93\webapps\calc.war
Apr 25, 2019 4:40:22 PM org.apache.catalina.startup.TldConfig execute
INFO: At least one JAR was scanned for TLDs yet contained no TLDs. Enable debug logging for this logger for a complete list of JARs that were scanned but no TLDs were found in them. Skipping unneeded JARs during scanning can improve startup time and JSP compilation time.
Apr 25, 2019 4:40:22 PM org.apache.catalina.startup.HostConfig deployWAR
INFO: Deployment of web application archive C:\temp\ReservationService\tomcat\apache-tomcat-7.0.93-windows-x64\apache-tomcat-7.0.93\webapps\calc.war has finished in 2,544 ms
Apr 25, 2019 4:40:22 PM org.apache.catalina.startup.HostConfig deployWAR
INFO: Deploying web application archive C:\temp\ReservationService\tomcat\apache-tomcat-7.0.93-windows-x64\apache-tomcat-7.0.93\webapps\database_service.war
Apr 25, 2019 4:40:23 PM org.apache.catalina.startup.TldConfig execute
INFO: At least one JAR was scanned for TLDs yet contained no TLDs. Enable debug logging for this logger for a complete list of JARs that were scanned but no TLDs were found in them. Skipping unneeded JARs during scanning can improve startup time and JSP compilation time.
Apr 25, 2019 4:40:24 PM org.apache.catalina.startup.HostConfig deployWAR
INFO: Deployment of web application archive C:\temp\ReservationService\tomcat\apache-tomcat-7.0.93-windows-x64\apache-tomcat-7.0.93\webapps\database_service.war has finished in 1,992 ms
Apr 25, 2019 4:40:24 PM org.apache.catalina.startup.HostConfig deployWAR
INFO: Deploying web application archive C:\temp\ReservationService\tomcat\apache-tomcat-7.0.93-windows-x64\apache-tomcat-7.0.93\webapps\flight_service.war
Apr 25, 2019 4:40:25 PM org.apache.catalina.startup.TldConfig execute
INFO: At least one JAR was scanned for TLDs yet contained no TLDs. Enable debug logging for this logger for a complete list of JARs that were scanned but no TLDs were found in them. Skipping unneeded JARs during scanning can improve startup time and JSP compilation time.
Apr 25, 2019 4:40:25 PM org.apache.catalina.startup.HostConfig deployWAR
INFO: Deployment of web application archive C:\temp\ReservationService\tomcat\apache-tomcat-7.0.93-windows-x64\apache-tomcat-7.0.93\webapps\flight_service.war has finished in 886 ms
Apr 25, 2019 4:40:25 PM org.apache.catalina.startup.HostConfig deployWAR
INFO: Deploying web application archive C:\temp\ReservationService\tomcat\apache-tomcat-7.0.93-windows-x64\apache-tomcat-7.0.93\webapps\hotel_service.war
Apr 25, 2019 4:40:26 PM org.apache.catalina.startup.TldConfig execute
INFO: At least one JAR was scanned for TLDs yet contained no TLDs. Enable debug logging for this logger for a complete list of JARs that were scanned but no TLDs were found in them. Skipping unneeded JARs during scanning can improve startup time and JSP compilation time.
Apr 25, 2019 4:40:26 PM org.apache.catalina.startup.HostConfig deployWAR
INFO: Deployment of web application archive C:\temp\ReservationService\tomcat\apache-tomcat-7.0.93-windows-x64\apache-tomcat-7.0.93\webapps\hotel_service.war has finished in 906 ms
Apr 25, 2019 4:40:26 PM org.apache.catalina.startup.HostConfig deployWAR
INFO: Deploying web application archive C:\temp\ReservationService\tomcat\apache-tomcat-7.0.93-windows-x64\apache-tomcat-7.0.93\webapps\orchestrator_service.war
Apr 25, 2019 4:40:27 PM org.apache.catalina.startup.TldConfig execute
INFO: At least one JAR was scanned for TLDs yet contained no TLDs. Enable debug logging for this logger for a complete list of JARs that were scanned but no TLDs were found in them. Skipping unneeded JARs during scanning can improve startup time and JSP compilation time.
Apr 25, 2019 4:40:27 PM org.apache.catalina.startup.HostConfig deployWAR
INFO: Deployment of web application archive C:\temp\ReservationService\tomcat\apache-tomcat-7.0.93-windows-x64\apache-tomcat-7.0.93\webapps\orchestrator_service.war has finished in 927 ms
Apr 25, 2019 4:40:27 PM org.apache.catalina.startup.HostConfig deployWAR
INFO: Deploying web application archive C:\temp\ReservationService\tomcat\apache-tomcat-7.0.93-windows-x64\apache-tomcat-7.0.93\webapps\vehicle_service.war
Apr 25, 2019 4:40:28 PM org.apache.catalina.startup.TldConfig execute
INFO: At least one JAR was scanned for TLDs yet contained no TLDs. Enable debug logging for this logger for a complete list of JARs that were scanned but no TLDs were found in them. Skipping unneeded JARs during scanning can improve startup time and JSP compilation time.
Apr 25, 2019 4:40:28 PM org.apache.catalina.startup.HostConfig deployWAR
INFO: Deployment of web application archive C:\temp\ReservationService\tomcat\apache-tomcat-7.0.93-windows-x64\apache-tomcat-7.0.93\webapps\vehicle_service.war has finished in 838 ms
Apr 25, 2019 4:40:28 PM org.apache.catalina.startup.HostConfig deployDirectory
INFO: Deploying web application directory C:\temp\ReservationService\tomcat\apache-tomcat-7.0.93-windows-x64\apache-tomcat-7.0.93\webapps\docs
Apr 25, 2019 4:40:28 PM org.apache.catalina.startup.TldConfig execute
INFO: At least one JAR was scanned for TLDs yet contained no TLDs. Enable debug logging for this logger for a complete list of JARs that were scanned but no TLDs were found in them. Skipping unneeded JARs during scanning can improve startup time and JSP compilation time.
Apr 25, 2019 4:40:28 PM org.apache.catalina.startup.HostConfig deployDirectory
INFO: Deployment of web application directory C:\temp\ReservationService\tomcat\apache-tomcat-7.0.93-windows-x64\apache-tomcat-7.0.93\webapps\docs has finished in 723 ms
Apr 25, 2019 4:40:28 PM org.apache.catalina.startup.HostConfig deployDirectory
INFO: Deploying web application directory C:\temp\ReservationService\tomcat\apache-tomcat-7.0.93-windows-x64\apache-tomcat-7.0.93\webapps\examples
Apr 25, 2019 4:40:30 PM org.apache.catalina.startup.TldConfig execute
INFO: At least one JAR was scanned for TLDs yet contained no TLDs. Enable debug logging for this logger for a complete list of JARs that were scanned but no TLDs were found in them. Skipping unneeded JARs during scanning can improve startup time and JSP compilation time.
Apr 25, 2019 4:40:30 PM org.apache.catalina.startup.HostConfig deployDirectory
INFO: Deployment of web application directory C:\temp\ReservationService\tomcat\apache-tomcat-7.0.93-windows-x64\apache-tomcat-7.0.93\webapps\examples has finished in 1,490 ms
Apr 25, 2019 4:40:30 PM org.apache.catalina.startup.HostConfig deployDirectory
INFO: Deploying web application directory C:\temp\ReservationService\tomcat\apache-tomcat-7.0.93-windows-x64\apache-tomcat-7.0.93\webapps\host-manager
Apr 25, 2019 4:40:31 PM org.apache.catalina.startup.TldConfig execute
INFO: At least one JAR was scanned for TLDs yet contained no TLDs. Enable debug logging for this logger for a complete list of JARs that were scanned but no TLDs were found in them. Skipping unneeded JARs during scanning can improve startup time and JSP compilation time.
Apr 25, 2019 4:40:31 PM org.apache.catalina.startup.HostConfig deployDirectory
INFO: Deployment of web application directory C:\temp\ReservationService\tomcat\apache-tomcat-7.0.93-windows-x64\apache-tomcat-7.0.93\webapps\host-manager has finished in 1,080 ms
Apr 25, 2019 4:40:31 PM org.apache.catalina.startup.HostConfig deployDirectory
INFO: Deploying web application directory C:\temp\ReservationService\tomcat\apache-tomcat-7.0.93-windows-x64\apache-tomcat-7.0.93\webapps\manager
Apr 25, 2019 4:40:32 PM org.apache.catalina.startup.TldConfig execute
INFO: At least one JAR was scanned for TLDs yet contained no TLDs. Enable debug logging for this logger for a complete list of JARs that were scanned but no TLDs were found in them. Skipping unneeded JARs during scanning can improve startup time and JSP compilation time.
Apr 25, 2019 4:40:32 PM org.apache.catalina.startup.HostConfig deployDirectory
INFO: Deployment of web application directory C:\temp\ReservationService\tomcat\apache-tomcat-7.0.93-windows-x64\apache-tomcat-7.0.93\webapps\manager has finished in 726 ms
Apr 25, 2019 4:40:32 PM org.apache.catalina.startup.HostConfig deployDirectory
INFO: Deploying web application directory C:\temp\ReservationService\tomcat\apache-tomcat-7.0.93-windows-x64\apache-tomcat-7.0.93\webapps\ROOT
Apr 25, 2019 4:40:33 PM org.apache.catalina.startup.TldConfig execute
INFO: At least one JAR was scanned for TLDs yet contained no TLDs. Enable debug logging for this logger for a complete list of JARs that were scanned but no TLDs were found in them. Skipping unneeded JARs during scanning can improve startup time and JSP compilation time.
Apr 25, 2019 4:40:33 PM org.apache.catalina.startup.HostConfig deployDirectory
INFO: Deployment of web application directory C:\temp\ReservationService\tomcat\apache-tomcat-7.0.93-windows-x64\apache-tomcat-7.0.93\webapps\ROOT has finished in 783 ms
Apr 25, 2019 4:40:33 PM org.apache.coyote.AbstractProtocol start
INFO: Starting ProtocolHandler ["http-apr-8080"]
Apr 25, 2019 4:40:33 PM org.apache.coyote.AbstractProtocol start
INFO: Starting ProtocolHandler ["ajp-apr-8009"]
Apr 25, 2019 4:40:33 PM org.apache.catalina.startup.Catalina start
INFO: Server startup in 13243 ms
Apr 25, 2019 4:42:33 PM services.database_service.DBService doPost
SEVERE: null
java.sql.SQLException: Invalid operation at current cursor position.
	at org.apache.derby.client.am.SQLExceptionFactory.getSQLException(Unknown Source)
	at org.apache.derby.client.am.SqlException.getSQLException(Unknown Source)
	at org.apache.derby.client.am.ClientResultSet.getInt(Unknown Source)
	at org.apache.derby.client.am.ClientResultSet.getInt(Unknown Source)
	at services.database_service.DBService.doPost(DBService.java:85)
	at javax.servlet.http.HttpServlet.service(HttpServlet.java:650)
	at javax.servlet.http.HttpServlet.service(HttpServlet.java:731)
	at org.apache.catalina.core.ApplicationFilterChain.internalDoFilter(ApplicationFilterChain.java:303)
	at org.apache.catalina.core.ApplicationFilterChain.doFilter(ApplicationFilterChain.java:208)
	at org.apache.tomcat.websocket.server.WsFilter.doFilter(WsFilter.java:52)
	at org.apache.catalina.core.ApplicationFilterChain.internalDoFilter(ApplicationFilterChain.java:241)
	at org.apache.catalina.core.ApplicationFilterChain.doFilter(ApplicationFilterChain.java:208)
	at org.apache.catalina.core.StandardWrapperValve.invoke(StandardWrapperValve.java:219)
	at org.apache.catalina.core.StandardContextValve.invoke(StandardContextValve.java:110)
	at org.apache.catalina.authenticator.AuthenticatorBase.invoke(AuthenticatorBase.java:494)
	at org.apache.catalina.core.StandardHostValve.invoke(StandardHostValve.java:169)
	at org.apache.catalina.valves.ErrorReportValve.invoke(ErrorReportValve.java:104)
	at org.apache.catalina.valves.AccessLogValve.invoke(AccessLogValve.java:1025)
	at org.apache.catalina.core.StandardEngineValve.invoke(StandardEngineValve.java:116)
	at org.apache.catalina.connector.CoyoteAdapter.service(CoyoteAdapter.java:445)
	at org.apache.coyote.http11.AbstractHttp11Processor.process(AbstractHttp11Processor.java:1137)
	at org.apache.coyote.AbstractProtocol$AbstractConnectionHandler.process(AbstractProtocol.java:637)
	at org.apache.tomcat.util.net.AprEndpoint$SocketProcessor.doRun(AprEndpoint.java:2575)
	at org.apache.tomcat.util.net.AprEndpoint$SocketProcessor.run(AprEndpoint.java:2564)
	at java.util.concurrent.ThreadPoolExecutor.runWorker(ThreadPoolExecutor.java:1149)
	at java.util.concurrent.ThreadPoolExecutor$Worker.run(ThreadPoolExecutor.java:624)
	at org.apache.tomcat.util.threads.TaskThread$WrappingRunnable.run(TaskThread.java:61)
	at java.lang.Thread.run(Thread.java:748)
Caused by: ERROR XJ121: Invalid operation at current cursor position.
	at org.apache.derby.client.am.ClientResultSet.checkForValidCursorPosition(Unknown Source)
	at org.apache.derby.client.am.ClientResultSet.checkGetterPreconditions(Unknown Source)
	... 26 more

Apr 25, 2019 4:42:33 PM services.database_service.DBService doPost
SEVERE: null
java.sql.SQLException: Invalid operation at current cursor position.
	at org.apache.derby.client.am.SQLExceptionFactory.getSQLException(Unknown Source)
	at org.apache.derby.client.am.SqlException.getSQLException(Unknown Source)
	at org.apache.derby.client.am.ClientResultSet.getInt(Unknown Source)
	at org.apache.derby.client.am.ClientResultSet.getInt(Unknown Source)
	at services.database_service.DBService.doPost(DBService.java:76)
	at javax.servlet.http.HttpServlet.service(HttpServlet.java:650)
	at javax.servlet.http.HttpServlet.service(HttpServlet.java:731)
	at org.apache.catalina.core.ApplicationFilterChain.internalDoFilter(ApplicationFilterChain.java:303)
	at org.apache.catalina.core.ApplicationFilterChain.doFilter(ApplicationFilterChain.java:208)
	at org.apache.tomcat.websocket.server.WsFilter.doFilter(WsFilter.java:52)
	at org.apache.catalina.core.ApplicationFilterChain.internalDoFilter(ApplicationFilterChain.java:241)
	at org.apache.catalina.core.ApplicationFilterChain.doFilter(ApplicationFilterChain.java:208)
	at org.apache.catalina.core.StandardWrapperValve.invoke(StandardWrapperValve.java:219)
	at org.apache.catalina.core.StandardContextValve.invoke(StandardContextValve.java:110)
	at org.apache.catalina.authenticator.AuthenticatorBase.invoke(AuthenticatorBase.java:494)
	at org.apache.catalina.core.StandardHostValve.invoke(StandardHostValve.java:169)
	at org.apache.catalina.valves.ErrorReportValve.invoke(ErrorReportValve.java:104)
	at org.apache.catalina.valves.AccessLogValve.invoke(AccessLogValve.java:1025)
	at org.apache.catalina.core.StandardEngineValve.invoke(StandardEngineValve.java:116)
	at org.apache.catalina.connector.CoyoteAdapter.service(CoyoteAdapter.java:445)
	at org.apache.coyote.http11.AbstractHttp11Processor.process(AbstractHttp11Processor.java:1137)
	at org.apache.coyote.AbstractProtocol$AbstractConnectionHandler.process(AbstractProtocol.java:637)
	at org.apache.tomcat.util.net.AprEndpoint$SocketProcessor.doRun(AprEndpoint.java:2575)
	at org.apache.tomcat.util.net.AprEndpoint$SocketProcessor.run(AprEndpoint.java:2564)
	at java.util.concurrent.ThreadPoolExecutor.runWorker(ThreadPoolExecutor.java:1149)
	at java.util.concurrent.ThreadPoolExecutor$Worker.run(ThreadPoolExecutor.java:624)
	at org.apache.tomcat.util.threads.TaskThread$WrappingRunnable.run(TaskThread.java:61)
	at java.lang.Thread.run(Thread.java:748)
Caused by: ERROR XJ121: Invalid operation at current cursor position.
	at org.apache.derby.client.am.ClientResultSet.checkForValidCursorPosition(Unknown Source)
	at org.apache.derby.client.am.ClientResultSet.checkGetterPreconditions(Unknown Source)
	... 26 more

Apr 25, 2019 4:42:33 PM services.database_service.DBService doPost
SEVERE: null
java.sql.SQLException: Invalid operation at current cursor position.
	at org.apache.derby.client.am.SQLExceptionFactory.getSQLException(Unknown Source)
	at org.apache.derby.client.am.SqlException.getSQLException(Unknown Source)
	at org.apache.derby.client.am.ClientResultSet.getInt(Unknown Source)
	at org.apache.derby.client.am.ClientResultSet.getInt(Unknown Source)
	at services.database_service.DBService.doPost(DBService.java:67)
	at javax.servlet.http.HttpServlet.service(HttpServlet.java:650)
	at javax.servlet.http.HttpServlet.service(HttpServlet.java:731)
	at org.apache.catalina.core.ApplicationFilterChain.internalDoFilter(ApplicationFilterChain.java:303)
	at org.apache.catalina.core.ApplicationFilterChain.doFilter(ApplicationFilterChain.java:208)
	at org.apache.tomcat.websocket.server.WsFilter.doFilter(WsFilter.java:52)
	at org.apache.catalina.core.ApplicationFilterChain.internalDoFilter(ApplicationFilterChain.java:241)
	at org.apache.catalina.core.ApplicationFilterChain.doFilter(ApplicationFilterChain.java:208)
	at org.apache.catalina.core.StandardWrapperValve.invoke(StandardWrapperValve.java:219)
	at org.apache.catalina.core.StandardContextValve.invoke(StandardContextValve.java:110)
	at org.apache.catalina.authenticator.AuthenticatorBase.invoke(AuthenticatorBase.java:494)
	at org.apache.catalina.core.StandardHostValve.invoke(StandardHostValve.java:169)
	at org.apache.catalina.valves.ErrorReportValve.invoke(ErrorReportValve.java:104)
	at org.apache.catalina.valves.AccessLogValve.invoke(AccessLogValve.java:1025)
	at org.apache.catalina.core.StandardEngineValve.invoke(StandardEngineValve.java:116)
	at org.apache.catalina.connector.CoyoteAdapter.service(CoyoteAdapter.java:445)
	at org.apache.coyote.http11.AbstractHttp11Processor.process(AbstractHttp11Processor.java:1137)
	at org.apache.coyote.AbstractProtocol$AbstractConnectionHandler.process(AbstractProtocol.java:637)
	at org.apache.tomcat.util.net.AprEndpoint$SocketProcessor.doRun(AprEndpoint.java:2575)
	at org.apache.tomcat.util.net.AprEndpoint$SocketProcessor.run(AprEndpoint.java:2564)
	at java.util.concurrent.ThreadPoolExecutor.runWorker(ThreadPoolExecutor.java:1149)
	at java.util.concurrent.ThreadPoolExecutor$Worker.run(ThreadPoolExecutor.java:624)
	at org.apache.tomcat.util.threads.TaskThread$WrappingRunnable.run(TaskThread.java:61)
	at java.lang.Thread.run(Thread.java:748)
Caused by: ERROR XJ121: Invalid operation at current cursor position.
	at org.apache.derby.client.am.ClientResultSet.checkForValidCursorPosition(Unknown Source)
	at org.apache.derby.client.am.ClientResultSet.checkGetterPreconditions(Unknown Source)
	... 26 more

Apr 25, 2019 4:42:33 PM services.database_service.DBService doPost
SEVERE: null
java.sql.SQLException: Invalid operation at current cursor position.
	at org.apache.derby.client.am.SQLExceptionFactory.getSQLException(Unknown Source)
	at org.apache.derby.client.am.SqlException.getSQLException(Unknown Source)
	at org.apache.derby.client.am.ClientResultSet.getInt(Unknown Source)
	at org.apache.derby.client.am.ClientResultSet.getInt(Unknown Source)
	at services.database_service.DBService.doPost(DBService.java:67)
	at javax.servlet.http.HttpServlet.service(HttpServlet.java:650)
	at javax.servlet.http.HttpServlet.service(HttpServlet.java:731)
	at org.apache.catalina.core.ApplicationFilterChain.internalDoFilter(ApplicationFilterChain.java:303)
	at org.apache.catalina.core.ApplicationFilterChain.doFilter(ApplicationFilterChain.java:208)
	at org.apache.tomcat.websocket.server.WsFilter.doFilter(WsFilter.java:52)
	at org.apache.catalina.core.ApplicationFilterChain.internalDoFilter(ApplicationFilterChain.java:241)
	at org.apache.catalina.core.ApplicationFilterChain.doFilter(ApplicationFilterChain.java:208)
	at org.apache.catalina.core.StandardWrapperValve.invoke(StandardWrapperValve.java:219)
	at org.apache.catalina.core.StandardContextValve.invoke(StandardContextValve.java:110)
	at org.apache.catalina.authenticator.AuthenticatorBase.invoke(AuthenticatorBase.java:494)
	at org.apache.catalina.core.StandardHostValve.invoke(StandardHostValve.java:169)
	at org.apache.catalina.valves.ErrorReportValve.invoke(ErrorReportValve.java:104)
	at org.apache.catalina.valves.AccessLogValve.invoke(AccessLogValve.java:1025)
	at org.apache.catalina.core.StandardEngineValve.invoke(StandardEngineValve.java:116)
	at org.apache.catalina.connector.CoyoteAdapter.service(CoyoteAdapter.java:445)
	at org.apache.coyote.http11.AbstractHttp11Processor.process(AbstractHttp11Processor.java:1137)
	at org.apache.coyote.AbstractProtocol$AbstractConnectionHandler.process(AbstractProtocol.java:637)
	at org.apache.tomcat.util.net.AprEndpoint$SocketProcessor.doRun(AprEndpoint.java:2575)
	at org.apache.tomcat.util.net.AprEndpoint$SocketProcessor.run(AprEndpoint.java:2564)
	at java.util.concurrent.ThreadPoolExecutor.runWorker(ThreadPoolExecutor.java:1149)
	at java.util.concurrent.ThreadPoolExecutor$Worker.run(ThreadPoolExecutor.java:624)
	at org.apache.tomcat.util.threads.TaskThread$WrappingRunnable.run(TaskThread.java:61)
	at java.lang.Thread.run(Thread.java:748)
Caused by: ERROR XJ121: Invalid operation at current cursor position.
	at org.apache.derby.client.am.ClientResultSet.checkForValidCursorPosition(Unknown Source)
	at org.apache.derby.client.am.ClientResultSet.checkGetterPreconditions(Unknown Source)
	... 26 more

Apr 25, 2019 5:12:08 PM org.apache.catalina.core.StandardServer await
INFO: A valid shutdown command was received via the shutdown port. Stopping the Server instance.
Apr 25, 2019 5:12:08 PM org.apache.coyote.AbstractProtocol pause
INFO: Pausing ProtocolHandler ["http-apr-8080"]
Apr 25, 2019 5:12:08 PM org.apache.coyote.AbstractProtocol pause
INFO: Pausing ProtocolHandler ["ajp-apr-8009"]
Apr 25, 2019 5:12:08 PM org.apache.catalina.core.StandardService stopInternal
INFO: Stopping service Catalina
Apr 25, 2019 5:12:08 PM org.apache.coyote.AbstractProtocol stop
INFO: Stopping ProtocolHandler ["http-apr-8080"]
Apr 25, 2019 5:12:08 PM org.apache.coyote.AbstractProtocol stop
INFO: Stopping ProtocolHandler ["ajp-apr-8009"]
Apr 25, 2019 5:12:09 PM org.apache.coyote.AbstractProtocol destroy
INFO: Destroying ProtocolHandler ["http-apr-8080"]
Apr 25, 2019 5:12:09 PM org.apache.coyote.AbstractProtocol destroy
INFO: Destroying ProtocolHandler ["ajp-apr-8009"]
