Apr 21, 2019 4:33:45 PM org.apache.catalina.startup.VersionLoggerListener log
INFO: Server version:        Apache Tomcat/7.0.93
Apr 21, 2019 4:33:45 PM org.apache.catalina.startup.VersionLoggerListener log
INFO: Server built:          Feb 16 2019 17:13:17 UTC
Apr 21, 2019 4:33:45 PM org.apache.catalina.startup.VersionLoggerListener log
INFO: Server number:         7.0.93.0
Apr 21, 2019 4:33:45 PM org.apache.catalina.startup.VersionLoggerListener log
INFO: OS Name:               Windows 10
Apr 21, 2019 4:33:45 PM org.apache.catalina.startup.VersionLoggerListener log
INFO: OS Version:            10.0
Apr 21, 2019 4:33:45 PM org.apache.catalina.startup.VersionLoggerListener log
INFO: Architecture:          amd64
Apr 21, 2019 4:33:45 PM org.apache.catalina.startup.VersionLoggerListener log
INFO: Java Home:             C:\Program Files\Java\JDK\jre
Apr 21, 2019 4:33:45 PM org.apache.catalina.startup.VersionLoggerListener log
INFO: JVM Version:           1.8.0_144-b01
Apr 21, 2019 4:33:45 PM org.apache.catalina.startup.VersionLoggerListener log
INFO: JVM Vendor:            Oracle Corporation
Apr 21, 2019 4:33:45 PM org.apache.catalina.startup.VersionLoggerListener log
INFO: CATALINA_BASE:         C:\Users\CJR5662\Downloads\ReservationService\tomcat\apache-tomcat-7.0.93-windows-x64\apache-tomcat-7.0.93
Apr 21, 2019 4:33:45 PM org.apache.catalina.startup.VersionLoggerListener log
INFO: CATALINA_HOME:         C:\Users\CJR5662\Downloads\ReservationService\tomcat\apache-tomcat-7.0.93-windows-x64\apache-tomcat-7.0.93
Apr 21, 2019 4:33:45 PM org.apache.catalina.startup.VersionLoggerListener log
INFO: Command line argument: -Djava.util.logging.config.file=C:\Users\CJR5662\Downloads\ReservationService\tomcat\apache-tomcat-7.0.93-windows-x64\apache-tomcat-7.0.93\conf\logging.properties
Apr 21, 2019 4:33:45 PM org.apache.catalina.startup.VersionLoggerListener log
INFO: Command line argument: -Djava.util.logging.manager=org.apache.juli.ClassLoaderLogManager
Apr 21, 2019 4:33:45 PM org.apache.catalina.startup.VersionLoggerListener log
INFO: Command line argument: -Dhttp.nonProxyHosts=localhost|127.0.0.1|REMOTE90
Apr 21, 2019 4:33:45 PM org.apache.catalina.startup.VersionLoggerListener log
INFO: Command line argument: -Djdk.tls.ephemeralDHKeySize=2048
Apr 21, 2019 4:33:45 PM org.apache.catalina.startup.VersionLoggerListener log
INFO: Command line argument: -Dignore.endorsed.dirs=
Apr 21, 2019 4:33:45 PM org.apache.catalina.startup.VersionLoggerListener log
INFO: Command line argument: -Dcatalina.base=C:\Users\CJR5662\Downloads\ReservationService\tomcat\apache-tomcat-7.0.93-windows-x64\apache-tomcat-7.0.93
Apr 21, 2019 4:33:45 PM org.apache.catalina.startup.VersionLoggerListener log
INFO: Command line argument: -Dcatalina.home=C:\Users\CJR5662\Downloads\ReservationService\tomcat\apache-tomcat-7.0.93-windows-x64\apache-tomcat-7.0.93
Apr 21, 2019 4:33:45 PM org.apache.catalina.startup.VersionLoggerListener log
INFO: Command line argument: -Djava.io.tmpdir=C:\Users\CJR5662\Downloads\ReservationService\tomcat\apache-tomcat-7.0.93-windows-x64\apache-tomcat-7.0.93\temp
Apr 21, 2019 4:33:45 PM org.apache.catalina.core.AprLifecycleListener lifecycleEvent
INFO: Loaded APR based Apache Tomcat Native library 1.2.21 using APR version 1.6.5.
Apr 21, 2019 4:33:45 PM org.apache.catalina.core.AprLifecycleListener lifecycleEvent
INFO: APR capabilities: IPv6 [true], sendfile [true], accept filters [false], random [true].
Apr 21, 2019 4:33:45 PM org.apache.catalina.core.AprLifecycleListener initializeSSL
INFO: OpenSSL successfully initialized (OpenSSL 1.1.1a  20 Nov 2018)
Apr 21, 2019 4:33:46 PM org.apache.coyote.AbstractProtocol init
INFO: Initializing ProtocolHandler ["http-apr-8081"]
Apr 21, 2019 4:33:46 PM org.apache.coyote.AbstractProtocol init
INFO: Initializing ProtocolHandler ["ajp-apr-8009"]
Apr 21, 2019 4:33:46 PM org.apache.catalina.startup.Catalina load
INFO: Initialization processed in 564 ms
Apr 21, 2019 4:33:46 PM org.apache.catalina.core.StandardService startInternal
INFO: Starting service Catalina
Apr 21, 2019 4:33:46 PM org.apache.catalina.core.StandardEngine startInternal
INFO: Starting Servlet Engine: Apache Tomcat/7.0.93
Apr 21, 2019 4:33:46 PM org.apache.catalina.startup.HostConfig deployWAR
INFO: Deploying web application archive C:\Users\CJR5662\Downloads\ReservationService\tomcat\apache-tomcat-7.0.93-windows-x64\apache-tomcat-7.0.93\webapps\calc.war
Apr 21, 2019 4:33:46 PM org.apache.catalina.startup.TldConfig execute
INFO: At least one JAR was scanned for TLDs yet contained no TLDs. Enable debug logging for this logger for a complete list of JARs that were scanned but no TLDs were found in them. Skipping unneeded JARs during scanning can improve startup time and JSP compilation time.
Apr 21, 2019 4:33:46 PM org.apache.catalina.startup.HostConfig deployWAR
INFO: Deployment of web application archive C:\Users\CJR5662\Downloads\ReservationService\tomcat\apache-tomcat-7.0.93-windows-x64\apache-tomcat-7.0.93\webapps\calc.war has finished in 764 ms
Apr 21, 2019 4:33:46 PM org.apache.catalina.startup.HostConfig deployWAR
INFO: Deploying web application archive C:\Users\CJR5662\Downloads\ReservationService\tomcat\apache-tomcat-7.0.93-windows-x64\apache-tomcat-7.0.93\webapps\database_service.war
Apr 21, 2019 4:33:47 PM org.apache.catalina.startup.TldConfig execute
INFO: At least one JAR was scanned for TLDs yet contained no TLDs. Enable debug logging for this logger for a complete list of JARs that were scanned but no TLDs were found in them. Skipping unneeded JARs during scanning can improve startup time and JSP compilation time.
Apr 21, 2019 4:33:47 PM org.apache.catalina.startup.HostConfig deployWAR
INFO: Deployment of web application archive C:\Users\CJR5662\Downloads\ReservationService\tomcat\apache-tomcat-7.0.93-windows-x64\apache-tomcat-7.0.93\webapps\database_service.war has finished in 705 ms
Apr 21, 2019 4:33:47 PM org.apache.catalina.startup.HostConfig deployWAR
INFO: Deploying web application archive C:\Users\CJR5662\Downloads\ReservationService\tomcat\apache-tomcat-7.0.93-windows-x64\apache-tomcat-7.0.93\webapps\flight_service.war
Apr 21, 2019 4:33:48 PM org.apache.catalina.startup.TldConfig execute
INFO: At least one JAR was scanned for TLDs yet contained no TLDs. Enable debug logging for this logger for a complete list of JARs that were scanned but no TLDs were found in them. Skipping unneeded JARs during scanning can improve startup time and JSP compilation time.
Apr 21, 2019 4:33:48 PM org.apache.catalina.startup.HostConfig deployWAR
INFO: Deployment of web application archive C:\Users\CJR5662\Downloads\ReservationService\tomcat\apache-tomcat-7.0.93-windows-x64\apache-tomcat-7.0.93\webapps\flight_service.war has finished in 369 ms
Apr 21, 2019 4:33:48 PM org.apache.catalina.startup.HostConfig deployWAR
INFO: Deploying web application archive C:\Users\CJR5662\Downloads\ReservationService\tomcat\apache-tomcat-7.0.93-windows-x64\apache-tomcat-7.0.93\webapps\hotel_service.war
Apr 21, 2019 4:33:48 PM org.apache.catalina.startup.TldConfig execute
INFO: At least one JAR was scanned for TLDs yet contained no TLDs. Enable debug logging for this logger for a complete list of JARs that were scanned but no TLDs were found in them. Skipping unneeded JARs during scanning can improve startup time and JSP compilation time.
Apr 21, 2019 4:33:48 PM org.apache.catalina.startup.HostConfig deployWAR
INFO: Deployment of web application archive C:\Users\CJR5662\Downloads\ReservationService\tomcat\apache-tomcat-7.0.93-windows-x64\apache-tomcat-7.0.93\webapps\hotel_service.war has finished in 413 ms
Apr 21, 2019 4:33:48 PM org.apache.catalina.startup.HostConfig deployWAR
INFO: Deploying web application archive C:\Users\CJR5662\Downloads\ReservationService\tomcat\apache-tomcat-7.0.93-windows-x64\apache-tomcat-7.0.93\webapps\vehicle_service.war
Apr 21, 2019 4:33:48 PM org.apache.catalina.startup.TldConfig execute
INFO: At least one JAR was scanned for TLDs yet contained no TLDs. Enable debug logging for this logger for a complete list of JARs that were scanned but no TLDs were found in them. Skipping unneeded JARs during scanning can improve startup time and JSP compilation time.
Apr 21, 2019 4:33:48 PM org.apache.catalina.startup.HostConfig deployWAR
INFO: Deployment of web application archive C:\Users\CJR5662\Downloads\ReservationService\tomcat\apache-tomcat-7.0.93-windows-x64\apache-tomcat-7.0.93\webapps\vehicle_service.war has finished in 351 ms
Apr 21, 2019 4:33:48 PM org.apache.catalina.startup.HostConfig deployDirectory
INFO: Deploying web application directory C:\Users\CJR5662\Downloads\ReservationService\tomcat\apache-tomcat-7.0.93-windows-x64\apache-tomcat-7.0.93\webapps\docs
Apr 21, 2019 4:33:49 PM org.apache.catalina.startup.TldConfig execute
INFO: At least one JAR was scanned for TLDs yet contained no TLDs. Enable debug logging for this logger for a complete list of JARs that were scanned but no TLDs were found in them. Skipping unneeded JARs during scanning can improve startup time and JSP compilation time.
Apr 21, 2019 4:33:49 PM org.apache.catalina.startup.HostConfig deployDirectory
INFO: Deployment of web application directory C:\Users\CJR5662\Downloads\ReservationService\tomcat\apache-tomcat-7.0.93-windows-x64\apache-tomcat-7.0.93\webapps\docs has finished in 334 ms
Apr 21, 2019 4:33:49 PM org.apache.catalina.startup.HostConfig deployDirectory
INFO: Deploying web application directory C:\Users\CJR5662\Downloads\ReservationService\tomcat\apache-tomcat-7.0.93-windows-x64\apache-tomcat-7.0.93\webapps\examples
Apr 21, 2019 4:33:49 PM org.apache.catalina.startup.TldConfig execute
INFO: At least one JAR was scanned for TLDs yet contained no TLDs. Enable debug logging for this logger for a complete list of JARs that were scanned but no TLDs were found in them. Skipping unneeded JARs during scanning can improve startup time and JSP compilation time.
Apr 21, 2019 4:33:49 PM org.apache.catalina.startup.HostConfig deployDirectory
INFO: Deployment of web application directory C:\Users\CJR5662\Downloads\ReservationService\tomcat\apache-tomcat-7.0.93-windows-x64\apache-tomcat-7.0.93\webapps\examples has finished in 541 ms
Apr 21, 2019 4:33:49 PM org.apache.catalina.startup.HostConfig deployDirectory
INFO: Deploying web application directory C:\Users\CJR5662\Downloads\ReservationService\tomcat\apache-tomcat-7.0.93-windows-x64\apache-tomcat-7.0.93\webapps\host-manager
Apr 21, 2019 4:33:50 PM org.apache.catalina.startup.TldConfig execute
INFO: At least one JAR was scanned for TLDs yet contained no TLDs. Enable debug logging for this logger for a complete list of JARs that were scanned but no TLDs were found in them. Skipping unneeded JARs during scanning can improve startup time and JSP compilation time.
Apr 21, 2019 4:33:50 PM org.apache.catalina.startup.HostConfig deployDirectory
INFO: Deployment of web application directory C:\Users\CJR5662\Downloads\ReservationService\tomcat\apache-tomcat-7.0.93-windows-x64\apache-tomcat-7.0.93\webapps\host-manager has finished in 334 ms
Apr 21, 2019 4:33:50 PM org.apache.catalina.startup.HostConfig deployDirectory
INFO: Deploying web application directory C:\Users\CJR5662\Downloads\ReservationService\tomcat\apache-tomcat-7.0.93-windows-x64\apache-tomcat-7.0.93\webapps\manager
Apr 21, 2019 4:33:50 PM org.apache.catalina.startup.TldConfig execute
INFO: At least one JAR was scanned for TLDs yet contained no TLDs. Enable debug logging for this logger for a complete list of JARs that were scanned but no TLDs were found in them. Skipping unneeded JARs during scanning can improve startup time and JSP compilation time.
Apr 21, 2019 4:33:50 PM org.apache.catalina.startup.HostConfig deployDirectory
INFO: Deployment of web application directory C:\Users\CJR5662\Downloads\ReservationService\tomcat\apache-tomcat-7.0.93-windows-x64\apache-tomcat-7.0.93\webapps\manager has finished in 313 ms
Apr 21, 2019 4:33:50 PM org.apache.catalina.startup.HostConfig deployDirectory
INFO: Deploying web application directory C:\Users\CJR5662\Downloads\ReservationService\tomcat\apache-tomcat-7.0.93-windows-x64\apache-tomcat-7.0.93\webapps\ROOT
Apr 21, 2019 4:33:50 PM org.apache.catalina.startup.TldConfig execute
INFO: At least one JAR was scanned for TLDs yet contained no TLDs. Enable debug logging for this logger for a complete list of JARs that were scanned but no TLDs were found in them. Skipping unneeded JARs during scanning can improve startup time and JSP compilation time.
Apr 21, 2019 4:33:50 PM org.apache.catalina.startup.HostConfig deployDirectory
INFO: Deployment of web application directory C:\Users\CJR5662\Downloads\ReservationService\tomcat\apache-tomcat-7.0.93-windows-x64\apache-tomcat-7.0.93\webapps\ROOT has finished in 265 ms
Apr 21, 2019 4:33:50 PM org.apache.coyote.AbstractProtocol start
INFO: Starting ProtocolHandler ["http-apr-8081"]
Apr 21, 2019 4:33:50 PM org.apache.coyote.AbstractProtocol start
INFO: Starting ProtocolHandler ["ajp-apr-8009"]
Apr 21, 2019 4:33:50 PM org.apache.catalina.startup.Catalina start
INFO: Server startup in 4494 ms
Apr 21, 2019 4:36:49 PM org.apache.catalina.core.StandardServer await
INFO: A valid shutdown command was received via the shutdown port. Stopping the Server instance.
Apr 21, 2019 4:36:49 PM org.apache.coyote.AbstractProtocol pause
INFO: Pausing ProtocolHandler ["http-apr-8081"]
Apr 21, 2019 4:36:49 PM org.apache.coyote.AbstractProtocol pause
INFO: Pausing ProtocolHandler ["ajp-apr-8009"]
Apr 21, 2019 4:36:49 PM org.apache.catalina.core.StandardService stopInternal
INFO: Stopping service Catalina
Apr 21, 2019 4:36:49 PM org.apache.coyote.AbstractProtocol stop
INFO: Stopping ProtocolHandler ["http-apr-8081"]
Apr 21, 2019 4:36:49 PM org.apache.coyote.AbstractProtocol stop
INFO: Stopping ProtocolHandler ["ajp-apr-8009"]
Apr 21, 2019 4:36:49 PM org.apache.coyote.AbstractProtocol destroy
INFO: Destroying ProtocolHandler ["http-apr-8081"]
Apr 21, 2019 4:36:49 PM org.apache.coyote.AbstractProtocol destroy
INFO: Destroying ProtocolHandler ["ajp-apr-8009"]
Apr 21, 2019 4:39:35 PM org.apache.catalina.startup.VersionLoggerListener log
INFO: Server version:        Apache Tomcat/7.0.93
Apr 21, 2019 4:39:35 PM org.apache.catalina.startup.VersionLoggerListener log
INFO: Server built:          Feb 16 2019 17:13:17 UTC
Apr 21, 2019 4:39:35 PM org.apache.catalina.startup.VersionLoggerListener log
INFO: Server number:         7.0.93.0
Apr 21, 2019 4:39:35 PM org.apache.catalina.startup.VersionLoggerListener log
INFO: OS Name:               Windows 10
Apr 21, 2019 4:39:35 PM org.apache.catalina.startup.VersionLoggerListener log
INFO: OS Version:            10.0
Apr 21, 2019 4:39:35 PM org.apache.catalina.startup.VersionLoggerListener log
INFO: Architecture:          amd64
Apr 21, 2019 4:39:35 PM org.apache.catalina.startup.VersionLoggerListener log
INFO: Java Home:             C:\Program Files\Java\JDK\jre
Apr 21, 2019 4:39:35 PM org.apache.catalina.startup.VersionLoggerListener log
INFO: JVM Version:           1.8.0_144-b01
Apr 21, 2019 4:39:35 PM org.apache.catalina.startup.VersionLoggerListener log
INFO: JVM Vendor:            Oracle Corporation
Apr 21, 2019 4:39:35 PM org.apache.catalina.startup.VersionLoggerListener log
INFO: CATALINA_BASE:         C:\Users\CJR5662\Downloads\ReservationService\tomcat\apache-tomcat-7.0.93-windows-x64\apache-tomcat-7.0.93
Apr 21, 2019 4:39:35 PM org.apache.catalina.startup.VersionLoggerListener log
INFO: CATALINA_HOME:         C:\Users\CJR5662\Downloads\ReservationService\tomcat\apache-tomcat-7.0.93-windows-x64\apache-tomcat-7.0.93
Apr 21, 2019 4:39:35 PM org.apache.catalina.startup.VersionLoggerListener log
INFO: Command line argument: -Djava.util.logging.config.file=C:\Users\CJR5662\Downloads\ReservationService\tomcat\apache-tomcat-7.0.93-windows-x64\apache-tomcat-7.0.93\conf\logging.properties
Apr 21, 2019 4:39:35 PM org.apache.catalina.startup.VersionLoggerListener log
INFO: Command line argument: -Djava.util.logging.manager=org.apache.juli.ClassLoaderLogManager
Apr 21, 2019 4:39:35 PM org.apache.catalina.startup.VersionLoggerListener log
INFO: Command line argument: -Dhttp.nonProxyHosts=localhost|127.0.0.1|REMOTE90
Apr 21, 2019 4:39:35 PM org.apache.catalina.startup.VersionLoggerListener log
INFO: Command line argument: -Djdk.tls.ephemeralDHKeySize=2048
Apr 21, 2019 4:39:35 PM org.apache.catalina.startup.VersionLoggerListener log
INFO: Command line argument: -Dignore.endorsed.dirs=
Apr 21, 2019 4:39:35 PM org.apache.catalina.startup.VersionLoggerListener log
INFO: Command line argument: -Dcatalina.base=C:\Users\CJR5662\Downloads\ReservationService\tomcat\apache-tomcat-7.0.93-windows-x64\apache-tomcat-7.0.93
Apr 21, 2019 4:39:35 PM org.apache.catalina.startup.VersionLoggerListener log
INFO: Command line argument: -Dcatalina.home=C:\Users\CJR5662\Downloads\ReservationService\tomcat\apache-tomcat-7.0.93-windows-x64\apache-tomcat-7.0.93
Apr 21, 2019 4:39:35 PM org.apache.catalina.startup.VersionLoggerListener log
INFO: Command line argument: -Djava.io.tmpdir=C:\Users\CJR5662\Downloads\ReservationService\tomcat\apache-tomcat-7.0.93-windows-x64\apache-tomcat-7.0.93\temp
Apr 21, 2019 4:39:35 PM org.apache.catalina.core.AprLifecycleListener lifecycleEvent
INFO: Loaded APR based Apache Tomcat Native library 1.2.21 using APR version 1.6.5.
Apr 21, 2019 4:39:35 PM org.apache.catalina.core.AprLifecycleListener lifecycleEvent
INFO: APR capabilities: IPv6 [true], sendfile [true], accept filters [false], random [true].
Apr 21, 2019 4:39:35 PM org.apache.catalina.core.AprLifecycleListener initializeSSL
INFO: OpenSSL successfully initialized (OpenSSL 1.1.1a  20 Nov 2018)
Apr 21, 2019 4:39:35 PM org.apache.coyote.AbstractProtocol init
INFO: Initializing ProtocolHandler ["http-apr-8080"]
Apr 21, 2019 4:39:35 PM org.apache.coyote.AbstractProtocol init
INFO: Initializing ProtocolHandler ["ajp-apr-8009"]
Apr 21, 2019 4:39:35 PM org.apache.catalina.startup.Catalina load
INFO: Initialization processed in 732 ms
Apr 21, 2019 4:39:35 PM org.apache.catalina.core.StandardService startInternal
INFO: Starting service Catalina
Apr 21, 2019 4:39:35 PM org.apache.catalina.core.StandardEngine startInternal
INFO: Starting Servlet Engine: Apache Tomcat/7.0.93
Apr 21, 2019 4:39:35 PM org.apache.catalina.startup.HostConfig deployWAR
INFO: Deploying web application archive C:\Users\CJR5662\Downloads\ReservationService\tomcat\apache-tomcat-7.0.93-windows-x64\apache-tomcat-7.0.93\webapps\calc.war
Apr 21, 2019 4:39:36 PM org.apache.catalina.startup.TldConfig execute
INFO: At least one JAR was scanned for TLDs yet contained no TLDs. Enable debug logging for this logger for a complete list of JARs that were scanned but no TLDs were found in them. Skipping unneeded JARs during scanning can improve startup time and JSP compilation time.
Apr 21, 2019 4:39:36 PM org.apache.catalina.startup.HostConfig deployWAR
INFO: Deployment of web application archive C:\Users\CJR5662\Downloads\ReservationService\tomcat\apache-tomcat-7.0.93-windows-x64\apache-tomcat-7.0.93\webapps\calc.war has finished in 939 ms
Apr 21, 2019 4:39:36 PM org.apache.catalina.startup.HostConfig deployWAR
INFO: Deploying web application archive C:\Users\CJR5662\Downloads\ReservationService\tomcat\apache-tomcat-7.0.93-windows-x64\apache-tomcat-7.0.93\webapps\database_service.war
Apr 21, 2019 4:39:37 PM org.apache.catalina.startup.TldConfig execute
INFO: At least one JAR was scanned for TLDs yet contained no TLDs. Enable debug logging for this logger for a complete list of JARs that were scanned but no TLDs were found in them. Skipping unneeded JARs during scanning can improve startup time and JSP compilation time.
Apr 21, 2019 4:39:38 PM org.apache.catalina.startup.HostConfig deployWAR
INFO: Deployment of web application archive C:\Users\CJR5662\Downloads\ReservationService\tomcat\apache-tomcat-7.0.93-windows-x64\apache-tomcat-7.0.93\webapps\database_service.war has finished in 1,545 ms
Apr 21, 2019 4:39:38 PM org.apache.catalina.startup.HostConfig deployWAR
INFO: Deploying web application archive C:\Users\CJR5662\Downloads\ReservationService\tomcat\apache-tomcat-7.0.93-windows-x64\apache-tomcat-7.0.93\webapps\flight_service.war
Apr 21, 2019 4:39:38 PM org.apache.catalina.startup.TldConfig execute
INFO: At least one JAR was scanned for TLDs yet contained no TLDs. Enable debug logging for this logger for a complete list of JARs that were scanned but no TLDs were found in them. Skipping unneeded JARs during scanning can improve startup time and JSP compilation time.
Apr 21, 2019 4:39:38 PM org.apache.catalina.startup.HostConfig deployWAR
INFO: Deployment of web application archive C:\Users\CJR5662\Downloads\ReservationService\tomcat\apache-tomcat-7.0.93-windows-x64\apache-tomcat-7.0.93\webapps\flight_service.war has finished in 367 ms
Apr 21, 2019 4:39:38 PM org.apache.catalina.startup.HostConfig deployWAR
INFO: Deploying web application archive C:\Users\CJR5662\Downloads\ReservationService\tomcat\apache-tomcat-7.0.93-windows-x64\apache-tomcat-7.0.93\webapps\hotel_service.war
Apr 21, 2019 4:39:39 PM org.apache.catalina.startup.TldConfig execute
INFO: At least one JAR was scanned for TLDs yet contained no TLDs. Enable debug logging for this logger for a complete list of JARs that were scanned but no TLDs were found in them. Skipping unneeded JARs during scanning can improve startup time and JSP compilation time.
Apr 21, 2019 4:39:39 PM org.apache.catalina.startup.HostConfig deployWAR
INFO: Deployment of web application archive C:\Users\CJR5662\Downloads\ReservationService\tomcat\apache-tomcat-7.0.93-windows-x64\apache-tomcat-7.0.93\webapps\hotel_service.war has finished in 392 ms
Apr 21, 2019 4:39:39 PM org.apache.catalina.startup.HostConfig deployWAR
INFO: Deploying web application archive C:\Users\CJR5662\Downloads\ReservationService\tomcat\apache-tomcat-7.0.93-windows-x64\apache-tomcat-7.0.93\webapps\vehicle_service.war
Apr 21, 2019 4:39:39 PM org.apache.catalina.startup.TldConfig execute
INFO: At least one JAR was scanned for TLDs yet contained no TLDs. Enable debug logging for this logger for a complete list of JARs that were scanned but no TLDs were found in them. Skipping unneeded JARs during scanning can improve startup time and JSP compilation time.
Apr 21, 2019 4:39:39 PM org.apache.catalina.startup.HostConfig deployWAR
INFO: Deployment of web application archive C:\Users\CJR5662\Downloads\ReservationService\tomcat\apache-tomcat-7.0.93-windows-x64\apache-tomcat-7.0.93\webapps\vehicle_service.war has finished in 338 ms
Apr 21, 2019 4:39:39 PM org.apache.catalina.startup.HostConfig deployDirectory
INFO: Deploying web application directory C:\Users\CJR5662\Downloads\ReservationService\tomcat\apache-tomcat-7.0.93-windows-x64\apache-tomcat-7.0.93\webapps\docs
Apr 21, 2019 4:39:39 PM org.apache.catalina.startup.TldConfig execute
INFO: At least one JAR was scanned for TLDs yet contained no TLDs. Enable debug logging for this logger for a complete list of JARs that were scanned but no TLDs were found in them. Skipping unneeded JARs during scanning can improve startup time and JSP compilation time.
Apr 21, 2019 4:39:39 PM org.apache.catalina.startup.HostConfig deployDirectory
INFO: Deployment of web application directory C:\Users\CJR5662\Downloads\ReservationService\tomcat\apache-tomcat-7.0.93-windows-x64\apache-tomcat-7.0.93\webapps\docs has finished in 283 ms
Apr 21, 2019 4:39:39 PM org.apache.catalina.startup.HostConfig deployDirectory
INFO: Deploying web application directory C:\Users\CJR5662\Downloads\ReservationService\tomcat\apache-tomcat-7.0.93-windows-x64\apache-tomcat-7.0.93\webapps\examples
Apr 21, 2019 4:39:40 PM org.apache.catalina.startup.TldConfig execute
INFO: At least one JAR was scanned for TLDs yet contained no TLDs. Enable debug logging for this logger for a complete list of JARs that were scanned but no TLDs were found in them. Skipping unneeded JARs during scanning can improve startup time and JSP compilation time.
Apr 21, 2019 4:39:40 PM org.apache.catalina.startup.HostConfig deployDirectory
INFO: Deployment of web application directory C:\Users\CJR5662\Downloads\ReservationService\tomcat\apache-tomcat-7.0.93-windows-x64\apache-tomcat-7.0.93\webapps\examples has finished in 503 ms
Apr 21, 2019 4:39:40 PM org.apache.catalina.startup.HostConfig deployDirectory
INFO: Deploying web application directory C:\Users\CJR5662\Downloads\ReservationService\tomcat\apache-tomcat-7.0.93-windows-x64\apache-tomcat-7.0.93\webapps\host-manager
Apr 21, 2019 4:39:40 PM org.apache.catalina.startup.TldConfig execute
INFO: At least one JAR was scanned for TLDs yet contained no TLDs. Enable debug logging for this logger for a complete list of JARs that were scanned but no TLDs were found in them. Skipping unneeded JARs during scanning can improve startup time and JSP compilation time.
Apr 21, 2019 4:39:40 PM org.apache.catalina.startup.HostConfig deployDirectory
INFO: Deployment of web application directory C:\Users\CJR5662\Downloads\ReservationService\tomcat\apache-tomcat-7.0.93-windows-x64\apache-tomcat-7.0.93\webapps\host-manager has finished in 314 ms
Apr 21, 2019 4:39:40 PM org.apache.catalina.startup.HostConfig deployDirectory
INFO: Deploying web application directory C:\Users\CJR5662\Downloads\ReservationService\tomcat\apache-tomcat-7.0.93-windows-x64\apache-tomcat-7.0.93\webapps\manager
Apr 21, 2019 4:39:40 PM org.apache.catalina.startup.TldConfig execute
INFO: At least one JAR was scanned for TLDs yet contained no TLDs. Enable debug logging for this logger for a complete list of JARs that were scanned but no TLDs were found in them. Skipping unneeded JARs during scanning can improve startup time and JSP compilation time.
Apr 21, 2019 4:39:40 PM org.apache.catalina.startup.HostConfig deployDirectory
INFO: Deployment of web application directory C:\Users\CJR5662\Downloads\ReservationService\tomcat\apache-tomcat-7.0.93-windows-x64\apache-tomcat-7.0.93\webapps\manager has finished in 312 ms
Apr 21, 2019 4:39:40 PM org.apache.catalina.startup.HostConfig deployDirectory
INFO: Deploying web application directory C:\Users\CJR5662\Downloads\ReservationService\tomcat\apache-tomcat-7.0.93-windows-x64\apache-tomcat-7.0.93\webapps\ROOT
Apr 21, 2019 4:39:41 PM org.apache.catalina.startup.TldConfig execute
INFO: At least one JAR was scanned for TLDs yet contained no TLDs. Enable debug logging for this logger for a complete list of JARs that were scanned but no TLDs were found in them. Skipping unneeded JARs during scanning can improve startup time and JSP compilation time.
Apr 21, 2019 4:39:41 PM org.apache.catalina.startup.HostConfig deployDirectory
INFO: Deployment of web application directory C:\Users\CJR5662\Downloads\ReservationService\tomcat\apache-tomcat-7.0.93-windows-x64\apache-tomcat-7.0.93\webapps\ROOT has finished in 250 ms
Apr 21, 2019 4:39:41 PM org.apache.coyote.AbstractProtocol start
INFO: Starting ProtocolHandler ["http-apr-8080"]
Apr 21, 2019 4:39:41 PM org.apache.coyote.AbstractProtocol start
INFO: Starting ProtocolHandler ["ajp-apr-8009"]
Apr 21, 2019 4:39:41 PM org.apache.catalina.startup.Catalina start
INFO: Server startup in 5367 ms
Apr 21, 2019 4:39:46 PM org.apache.catalina.core.StandardServer await
INFO: A valid shutdown command was received via the shutdown port. Stopping the Server instance.
Apr 21, 2019 4:39:46 PM org.apache.coyote.AbstractProtocol pause
INFO: Pausing ProtocolHandler ["http-apr-8080"]
Apr 21, 2019 4:39:46 PM org.apache.coyote.AbstractProtocol pause
INFO: Pausing ProtocolHandler ["ajp-apr-8009"]
Apr 21, 2019 4:39:46 PM org.apache.catalina.core.StandardService stopInternal
INFO: Stopping service Catalina
Apr 21, 2019 4:39:46 PM org.apache.coyote.AbstractProtocol stop
INFO: Stopping ProtocolHandler ["http-apr-8080"]
Apr 21, 2019 4:39:46 PM org.apache.coyote.AbstractProtocol stop
INFO: Stopping ProtocolHandler ["ajp-apr-8009"]
Apr 21, 2019 4:39:46 PM org.apache.coyote.AbstractProtocol destroy
INFO: Destroying ProtocolHandler ["http-apr-8080"]
Apr 21, 2019 4:39:46 PM org.apache.coyote.AbstractProtocol destroy
INFO: Destroying ProtocolHandler ["ajp-apr-8009"]
Apr 21, 2019 4:39:57 PM org.apache.catalina.startup.VersionLoggerListener log
INFO: Server version:        Apache Tomcat/7.0.93
Apr 21, 2019 4:39:58 PM org.apache.catalina.startup.VersionLoggerListener log
INFO: Server built:          Feb 16 2019 17:13:17 UTC
Apr 21, 2019 4:39:58 PM org.apache.catalina.startup.VersionLoggerListener log
INFO: Server number:         7.0.93.0
Apr 21, 2019 4:39:58 PM org.apache.catalina.startup.VersionLoggerListener log
INFO: OS Name:               Windows 10
Apr 21, 2019 4:39:58 PM org.apache.catalina.startup.VersionLoggerListener log
INFO: OS Version:            10.0
Apr 21, 2019 4:39:58 PM org.apache.catalina.startup.VersionLoggerListener log
INFO: Architecture:          amd64
Apr 21, 2019 4:39:58 PM org.apache.catalina.startup.VersionLoggerListener log
INFO: Java Home:             C:\Program Files\Java\JDK\jre
Apr 21, 2019 4:39:58 PM org.apache.catalina.startup.VersionLoggerListener log
INFO: JVM Version:           1.8.0_144-b01
Apr 21, 2019 4:39:58 PM org.apache.catalina.startup.VersionLoggerListener log
INFO: JVM Vendor:            Oracle Corporation
Apr 21, 2019 4:39:58 PM org.apache.catalina.startup.VersionLoggerListener log
INFO: CATALINA_BASE:         C:\Users\CJR5662\Downloads\ReservationService\tomcat\apache-tomcat-7.0.93-windows-x64\apache-tomcat-7.0.93
Apr 21, 2019 4:39:58 PM org.apache.catalina.startup.VersionLoggerListener log
INFO: CATALINA_HOME:         C:\Users\CJR5662\Downloads\ReservationService\tomcat\apache-tomcat-7.0.93-windows-x64\apache-tomcat-7.0.93
Apr 21, 2019 4:39:58 PM org.apache.catalina.startup.VersionLoggerListener log
INFO: Command line argument: -Djava.util.logging.config.file=C:\Users\CJR5662\Downloads\ReservationService\tomcat\apache-tomcat-7.0.93-windows-x64\apache-tomcat-7.0.93\conf\logging.properties
Apr 21, 2019 4:39:58 PM org.apache.catalina.startup.VersionLoggerListener log
INFO: Command line argument: -Djava.util.logging.manager=org.apache.juli.ClassLoaderLogManager
Apr 21, 2019 4:39:58 PM org.apache.catalina.startup.VersionLoggerListener log
INFO: Command line argument: -Dhttp.nonProxyHosts=localhost|127.0.0.1|REMOTE90
Apr 21, 2019 4:39:58 PM org.apache.catalina.startup.VersionLoggerListener log
INFO: Command line argument: -Djdk.tls.ephemeralDHKeySize=2048
Apr 21, 2019 4:39:58 PM org.apache.catalina.startup.VersionLoggerListener log
INFO: Command line argument: -Dignore.endorsed.dirs=
Apr 21, 2019 4:39:58 PM org.apache.catalina.startup.VersionLoggerListener log
INFO: Command line argument: -Dcatalina.base=C:\Users\CJR5662\Downloads\ReservationService\tomcat\apache-tomcat-7.0.93-windows-x64\apache-tomcat-7.0.93
Apr 21, 2019 4:39:58 PM org.apache.catalina.startup.VersionLoggerListener log
INFO: Command line argument: -Dcatalina.home=C:\Users\CJR5662\Downloads\ReservationService\tomcat\apache-tomcat-7.0.93-windows-x64\apache-tomcat-7.0.93
Apr 21, 2019 4:39:58 PM org.apache.catalina.startup.VersionLoggerListener log
INFO: Command line argument: -Djava.io.tmpdir=C:\Users\CJR5662\Downloads\ReservationService\tomcat\apache-tomcat-7.0.93-windows-x64\apache-tomcat-7.0.93\temp
Apr 21, 2019 4:39:58 PM org.apache.catalina.core.AprLifecycleListener lifecycleEvent
INFO: Loaded APR based Apache Tomcat Native library 1.2.21 using APR version 1.6.5.
Apr 21, 2019 4:39:58 PM org.apache.catalina.core.AprLifecycleListener lifecycleEvent
INFO: APR capabilities: IPv6 [true], sendfile [true], accept filters [false], random [true].
Apr 21, 2019 4:39:58 PM org.apache.catalina.core.AprLifecycleListener initializeSSL
INFO: OpenSSL successfully initialized (OpenSSL 1.1.1a  20 Nov 2018)
Apr 21, 2019 4:39:58 PM org.apache.coyote.AbstractProtocol init
INFO: Initializing ProtocolHandler ["http-apr-8080"]
Apr 21, 2019 4:39:58 PM org.apache.coyote.AbstractProtocol init
INFO: Initializing ProtocolHandler ["ajp-apr-8009"]
Apr 21, 2019 4:39:58 PM org.apache.catalina.startup.Catalina load
INFO: Initialization processed in 584 ms
Apr 21, 2019 4:39:58 PM org.apache.catalina.core.StandardService startInternal
INFO: Starting service Catalina
Apr 21, 2019 4:39:58 PM org.apache.catalina.core.StandardEngine startInternal
INFO: Starting Servlet Engine: Apache Tomcat/7.0.93
Apr 21, 2019 4:39:58 PM org.apache.catalina.startup.HostConfig deployWAR
INFO: Deploying web application archive C:\Users\CJR5662\Downloads\ReservationService\tomcat\apache-tomcat-7.0.93-windows-x64\apache-tomcat-7.0.93\webapps\calc.war
Apr 21, 2019 4:39:58 PM org.apache.catalina.startup.TldConfig execute
INFO: At least one JAR was scanned for TLDs yet contained no TLDs. Enable debug logging for this logger for a complete list of JARs that were scanned but no TLDs were found in them. Skipping unneeded JARs during scanning can improve startup time and JSP compilation time.
Apr 21, 2019 4:39:59 PM org.apache.catalina.startup.HostConfig deployWAR
INFO: Deployment of web application archive C:\Users\CJR5662\Downloads\ReservationService\tomcat\apache-tomcat-7.0.93-windows-x64\apache-tomcat-7.0.93\webapps\calc.war has finished in 755 ms
Apr 21, 2019 4:39:59 PM org.apache.catalina.startup.HostConfig deployWAR
INFO: Deploying web application archive C:\Users\CJR5662\Downloads\ReservationService\tomcat\apache-tomcat-7.0.93-windows-x64\apache-tomcat-7.0.93\webapps\database_service.war
Apr 21, 2019 4:39:59 PM org.apache.catalina.startup.TldConfig execute
INFO: At least one JAR was scanned for TLDs yet contained no TLDs. Enable debug logging for this logger for a complete list of JARs that were scanned but no TLDs were found in them. Skipping unneeded JARs during scanning can improve startup time and JSP compilation time.
Apr 21, 2019 4:39:59 PM org.apache.catalina.startup.HostConfig deployWAR
INFO: Deployment of web application archive C:\Users\CJR5662\Downloads\ReservationService\tomcat\apache-tomcat-7.0.93-windows-x64\apache-tomcat-7.0.93\webapps\database_service.war has finished in 643 ms
Apr 21, 2019 4:39:59 PM org.apache.catalina.startup.HostConfig deployWAR
INFO: Deploying web application archive C:\Users\CJR5662\Downloads\ReservationService\tomcat\apache-tomcat-7.0.93-windows-x64\apache-tomcat-7.0.93\webapps\flight_service.war
Apr 21, 2019 4:40:00 PM org.apache.catalina.startup.TldConfig execute
INFO: At least one JAR was scanned for TLDs yet contained no TLDs. Enable debug logging for this logger for a complete list of JARs that were scanned but no TLDs were found in them. Skipping unneeded JARs during scanning can improve startup time and JSP compilation time.
Apr 21, 2019 4:40:00 PM org.apache.catalina.startup.HostConfig deployWAR
INFO: Deployment of web application archive C:\Users\CJR5662\Downloads\ReservationService\tomcat\apache-tomcat-7.0.93-windows-x64\apache-tomcat-7.0.93\webapps\flight_service.war has finished in 378 ms
Apr 21, 2019 4:40:00 PM org.apache.catalina.startup.HostConfig deployWAR
INFO: Deploying web application archive C:\Users\CJR5662\Downloads\ReservationService\tomcat\apache-tomcat-7.0.93-windows-x64\apache-tomcat-7.0.93\webapps\hotel_service.war
Apr 21, 2019 4:40:00 PM org.apache.catalina.startup.TldConfig execute
INFO: At least one JAR was scanned for TLDs yet contained no TLDs. Enable debug logging for this logger for a complete list of JARs that were scanned but no TLDs were found in them. Skipping unneeded JARs during scanning can improve startup time and JSP compilation time.
Apr 21, 2019 4:40:00 PM org.apache.catalina.startup.HostConfig deployWAR
INFO: Deployment of web application archive C:\Users\CJR5662\Downloads\ReservationService\tomcat\apache-tomcat-7.0.93-windows-x64\apache-tomcat-7.0.93\webapps\hotel_service.war has finished in 370 ms
Apr 21, 2019 4:40:00 PM org.apache.catalina.startup.HostConfig deployWAR
INFO: Deploying web application archive C:\Users\CJR5662\Downloads\ReservationService\tomcat\apache-tomcat-7.0.93-windows-x64\apache-tomcat-7.0.93\webapps\vehicle_service.war
Apr 21, 2019 4:40:00 PM org.apache.catalina.startup.TldConfig execute
INFO: At least one JAR was scanned for TLDs yet contained no TLDs. Enable debug logging for this logger for a complete list of JARs that were scanned but no TLDs were found in them. Skipping unneeded JARs during scanning can improve startup time and JSP compilation time.
Apr 21, 2019 4:40:00 PM org.apache.catalina.startup.HostConfig deployWAR
INFO: Deployment of web application archive C:\Users\CJR5662\Downloads\ReservationService\tomcat\apache-tomcat-7.0.93-windows-x64\apache-tomcat-7.0.93\webapps\vehicle_service.war has finished in 357 ms
Apr 21, 2019 4:40:00 PM org.apache.catalina.startup.HostConfig deployDirectory
INFO: Deploying web application directory C:\Users\CJR5662\Downloads\ReservationService\tomcat\apache-tomcat-7.0.93-windows-x64\apache-tomcat-7.0.93\webapps\docs
Apr 21, 2019 4:40:01 PM org.apache.catalina.startup.TldConfig execute
INFO: At least one JAR was scanned for TLDs yet contained no TLDs. Enable debug logging for this logger for a complete list of JARs that were scanned but no TLDs were found in them. Skipping unneeded JARs during scanning can improve startup time and JSP compilation time.
Apr 21, 2019 4:40:01 PM org.apache.catalina.startup.HostConfig deployDirectory
INFO: Deployment of web application directory C:\Users\CJR5662\Downloads\ReservationService\tomcat\apache-tomcat-7.0.93-windows-x64\apache-tomcat-7.0.93\webapps\docs has finished in 288 ms
Apr 21, 2019 4:40:01 PM org.apache.catalina.startup.HostConfig deployDirectory
INFO: Deploying web application directory C:\Users\CJR5662\Downloads\ReservationService\tomcat\apache-tomcat-7.0.93-windows-x64\apache-tomcat-7.0.93\webapps\examples
Apr 21, 2019 4:40:01 PM org.apache.catalina.startup.TldConfig execute
INFO: At least one JAR was scanned for TLDs yet contained no TLDs. Enable debug logging for this logger for a complete list of JARs that were scanned but no TLDs were found in them. Skipping unneeded JARs during scanning can improve startup time and JSP compilation time.
Apr 21, 2019 4:40:01 PM org.apache.catalina.startup.HostConfig deployDirectory
INFO: Deployment of web application directory C:\Users\CJR5662\Downloads\ReservationService\tomcat\apache-tomcat-7.0.93-windows-x64\apache-tomcat-7.0.93\webapps\examples has finished in 586 ms
Apr 21, 2019 4:40:01 PM org.apache.catalina.startup.HostConfig deployDirectory
INFO: Deploying web application directory C:\Users\CJR5662\Downloads\ReservationService\tomcat\apache-tomcat-7.0.93-windows-x64\apache-tomcat-7.0.93\webapps\host-manager
Apr 21, 2019 4:40:02 PM org.apache.catalina.startup.TldConfig execute
INFO: At least one JAR was scanned for TLDs yet contained no TLDs. Enable debug logging for this logger for a complete list of JARs that were scanned but no TLDs were found in them. Skipping unneeded JARs during scanning can improve startup time and JSP compilation time.
Apr 21, 2019 4:40:02 PM org.apache.catalina.startup.HostConfig deployDirectory
INFO: Deployment of web application directory C:\Users\CJR5662\Downloads\ReservationService\tomcat\apache-tomcat-7.0.93-windows-x64\apache-tomcat-7.0.93\webapps\host-manager has finished in 415 ms
Apr 21, 2019 4:40:02 PM org.apache.catalina.startup.HostConfig deployDirectory
INFO: Deploying web application directory C:\Users\CJR5662\Downloads\ReservationService\tomcat\apache-tomcat-7.0.93-windows-x64\apache-tomcat-7.0.93\webapps\manager
Apr 21, 2019 4:40:02 PM org.apache.catalina.startup.TldConfig execute
INFO: At least one JAR was scanned for TLDs yet contained no TLDs. Enable debug logging for this logger for a complete list of JARs that were scanned but no TLDs were found in them. Skipping unneeded JARs during scanning can improve startup time and JSP compilation time.
Apr 21, 2019 4:40:02 PM org.apache.catalina.startup.HostConfig deployDirectory
INFO: Deployment of web application directory C:\Users\CJR5662\Downloads\ReservationService\tomcat\apache-tomcat-7.0.93-windows-x64\apache-tomcat-7.0.93\webapps\manager has finished in 254 ms
Apr 21, 2019 4:40:02 PM org.apache.catalina.startup.HostConfig deployDirectory
INFO: Deploying web application directory C:\Users\CJR5662\Downloads\ReservationService\tomcat\apache-tomcat-7.0.93-windows-x64\apache-tomcat-7.0.93\webapps\ROOT
Apr 21, 2019 4:40:02 PM org.apache.catalina.startup.TldConfig execute
INFO: At least one JAR was scanned for TLDs yet contained no TLDs. Enable debug logging for this logger for a complete list of JARs that were scanned but no TLDs were found in them. Skipping unneeded JARs during scanning can improve startup time and JSP compilation time.
Apr 21, 2019 4:40:02 PM org.apache.catalina.startup.HostConfig deployDirectory
INFO: Deployment of web application directory C:\Users\CJR5662\Downloads\ReservationService\tomcat\apache-tomcat-7.0.93-windows-x64\apache-tomcat-7.0.93\webapps\ROOT has finished in 253 ms
Apr 21, 2019 4:40:02 PM org.apache.coyote.AbstractProtocol start
INFO: Starting ProtocolHandler ["http-apr-8080"]
Apr 21, 2019 4:40:02 PM org.apache.coyote.AbstractProtocol start
INFO: Starting ProtocolHandler ["ajp-apr-8009"]
Apr 21, 2019 4:40:02 PM org.apache.catalina.startup.Catalina start
INFO: Server startup in 4417 ms
Apr 21, 2019 4:40:42 PM org.apache.catalina.core.StandardServer await
INFO: A valid shutdown command was received via the shutdown port. Stopping the Server instance.
Apr 21, 2019 4:40:42 PM org.apache.coyote.AbstractProtocol pause
INFO: Pausing ProtocolHandler ["http-apr-8080"]
Apr 21, 2019 4:40:42 PM org.apache.coyote.AbstractProtocol pause
INFO: Pausing ProtocolHandler ["ajp-apr-8009"]
Apr 21, 2019 4:40:42 PM org.apache.catalina.core.StandardService stopInternal
INFO: Stopping service Catalina
Apr 21, 2019 4:40:42 PM org.apache.coyote.AbstractProtocol stop
INFO: Stopping ProtocolHandler ["http-apr-8080"]
Apr 21, 2019 4:40:42 PM org.apache.coyote.AbstractProtocol stop
INFO: Stopping ProtocolHandler ["ajp-apr-8009"]
Apr 21, 2019 4:40:42 PM org.apache.coyote.AbstractProtocol destroy
INFO: Destroying ProtocolHandler ["http-apr-8080"]
Apr 21, 2019 4:40:42 PM org.apache.coyote.AbstractProtocol destroy
INFO: Destroying ProtocolHandler ["ajp-apr-8009"]
Apr 21, 2019 4:41:26 PM org.apache.catalina.startup.VersionLoggerListener log
INFO: Server version:        Apache Tomcat/7.0.93
Apr 21, 2019 4:41:26 PM org.apache.catalina.startup.VersionLoggerListener log
INFO: Server built:          Feb 16 2019 17:13:17 UTC
Apr 21, 2019 4:41:26 PM org.apache.catalina.startup.VersionLoggerListener log
INFO: Server number:         7.0.93.0
Apr 21, 2019 4:41:26 PM org.apache.catalina.startup.VersionLoggerListener log
INFO: OS Name:               Windows 10
Apr 21, 2019 4:41:26 PM org.apache.catalina.startup.VersionLoggerListener log
INFO: OS Version:            10.0
Apr 21, 2019 4:41:26 PM org.apache.catalina.startup.VersionLoggerListener log
INFO: Architecture:          amd64
Apr 21, 2019 4:41:26 PM org.apache.catalina.startup.VersionLoggerListener log
INFO: Java Home:             C:\Program Files\Java\JDK\jre
Apr 21, 2019 4:41:26 PM org.apache.catalina.startup.VersionLoggerListener log
INFO: JVM Version:           1.8.0_144-b01
Apr 21, 2019 4:41:26 PM org.apache.catalina.startup.VersionLoggerListener log
INFO: JVM Vendor:            Oracle Corporation
Apr 21, 2019 4:41:26 PM org.apache.catalina.startup.VersionLoggerListener log
INFO: CATALINA_BASE:         C:\Users\CJR5662\Downloads\ReservationService\tomcat\apache-tomcat-7.0.93-windows-x64\apache-tomcat-7.0.93
Apr 21, 2019 4:41:26 PM org.apache.catalina.startup.VersionLoggerListener log
INFO: CATALINA_HOME:         C:\Users\CJR5662\Downloads\ReservationService\tomcat\apache-tomcat-7.0.93-windows-x64\apache-tomcat-7.0.93
Apr 21, 2019 4:41:26 PM org.apache.catalina.startup.VersionLoggerListener log
INFO: Command line argument: -Djava.util.logging.config.file=C:\Users\CJR5662\Downloads\ReservationService\tomcat\apache-tomcat-7.0.93-windows-x64\apache-tomcat-7.0.93\conf\logging.properties
Apr 21, 2019 4:41:26 PM org.apache.catalina.startup.VersionLoggerListener log
INFO: Command line argument: -Djava.util.logging.manager=org.apache.juli.ClassLoaderLogManager
Apr 21, 2019 4:41:26 PM org.apache.catalina.startup.VersionLoggerListener log
INFO: Command line argument: -Dhttp.nonProxyHosts=localhost|127.0.0.1|REMOTE90
Apr 21, 2019 4:41:26 PM org.apache.catalina.startup.VersionLoggerListener log
INFO: Command line argument: -Djdk.tls.ephemeralDHKeySize=2048
Apr 21, 2019 4:41:26 PM org.apache.catalina.startup.VersionLoggerListener log
INFO: Command line argument: -Dignore.endorsed.dirs=
Apr 21, 2019 4:41:26 PM org.apache.catalina.startup.VersionLoggerListener log
INFO: Command line argument: -Dcatalina.base=C:\Users\CJR5662\Downloads\ReservationService\tomcat\apache-tomcat-7.0.93-windows-x64\apache-tomcat-7.0.93
Apr 21, 2019 4:41:26 PM org.apache.catalina.startup.VersionLoggerListener log
INFO: Command line argument: -Dcatalina.home=C:\Users\CJR5662\Downloads\ReservationService\tomcat\apache-tomcat-7.0.93-windows-x64\apache-tomcat-7.0.93
Apr 21, 2019 4:41:26 PM org.apache.catalina.startup.VersionLoggerListener log
INFO: Command line argument: -Djava.io.tmpdir=C:\Users\CJR5662\Downloads\ReservationService\tomcat\apache-tomcat-7.0.93-windows-x64\apache-tomcat-7.0.93\temp
Apr 21, 2019 4:41:26 PM org.apache.catalina.core.AprLifecycleListener lifecycleEvent
INFO: Loaded APR based Apache Tomcat Native library 1.2.21 using APR version 1.6.5.
Apr 21, 2019 4:41:26 PM org.apache.catalina.core.AprLifecycleListener lifecycleEvent
INFO: APR capabilities: IPv6 [true], sendfile [true], accept filters [false], random [true].
Apr 21, 2019 4:41:26 PM org.apache.catalina.core.AprLifecycleListener initializeSSL
INFO: OpenSSL successfully initialized (OpenSSL 1.1.1a  20 Nov 2018)
Apr 21, 2019 4:41:26 PM org.apache.coyote.AbstractProtocol init
INFO: Initializing ProtocolHandler ["http-apr-8080"]
Apr 21, 2019 4:41:26 PM org.apache.coyote.AbstractProtocol init
INFO: Initializing ProtocolHandler ["ajp-apr-8009"]
Apr 21, 2019 4:41:26 PM org.apache.catalina.startup.Catalina load
INFO: Initialization processed in 591 ms
Apr 21, 2019 4:41:26 PM org.apache.catalina.core.StandardService startInternal
INFO: Starting service Catalina
Apr 21, 2019 4:41:26 PM org.apache.catalina.core.StandardEngine startInternal
INFO: Starting Servlet Engine: Apache Tomcat/7.0.93
Apr 21, 2019 4:41:26 PM org.apache.catalina.startup.HostConfig deployWAR
INFO: Deploying web application archive C:\Users\CJR5662\Downloads\ReservationService\tomcat\apache-tomcat-7.0.93-windows-x64\apache-tomcat-7.0.93\webapps\calc.war
Apr 21, 2019 4:41:27 PM org.apache.catalina.startup.TldConfig execute
INFO: At least one JAR was scanned for TLDs yet contained no TLDs. Enable debug logging for this logger for a complete list of JARs that were scanned but no TLDs were found in them. Skipping unneeded JARs during scanning can improve startup time and JSP compilation time.
Apr 21, 2019 4:41:27 PM org.apache.catalina.startup.HostConfig deployWAR
INFO: Deployment of web application archive C:\Users\CJR5662\Downloads\ReservationService\tomcat\apache-tomcat-7.0.93-windows-x64\apache-tomcat-7.0.93\webapps\calc.war has finished in 754 ms
Apr 21, 2019 4:41:27 PM org.apache.catalina.startup.HostConfig deployWAR
INFO: Deploying web application archive C:\Users\CJR5662\Downloads\ReservationService\tomcat\apache-tomcat-7.0.93-windows-x64\apache-tomcat-7.0.93\webapps\database_service.war
Apr 21, 2019 4:41:27 PM org.apache.catalina.startup.TldConfig execute
INFO: At least one JAR was scanned for TLDs yet contained no TLDs. Enable debug logging for this logger for a complete list of JARs that were scanned but no TLDs were found in them. Skipping unneeded JARs during scanning can improve startup time and JSP compilation time.
Apr 21, 2019 4:41:28 PM org.apache.catalina.startup.HostConfig deployWAR
INFO: Deployment of web application archive C:\Users\CJR5662\Downloads\ReservationService\tomcat\apache-tomcat-7.0.93-windows-x64\apache-tomcat-7.0.93\webapps\database_service.war has finished in 668 ms
Apr 21, 2019 4:41:28 PM org.apache.catalina.startup.HostConfig deployWAR
INFO: Deploying web application archive C:\Users\CJR5662\Downloads\ReservationService\tomcat\apache-tomcat-7.0.93-windows-x64\apache-tomcat-7.0.93\webapps\flight_service.war
Apr 21, 2019 4:41:28 PM org.apache.catalina.startup.TldConfig execute
INFO: At least one JAR was scanned for TLDs yet contained no TLDs. Enable debug logging for this logger for a complete list of JARs that were scanned but no TLDs were found in them. Skipping unneeded JARs during scanning can improve startup time and JSP compilation time.
Apr 21, 2019 4:41:28 PM org.apache.catalina.startup.HostConfig deployWAR
INFO: Deployment of web application archive C:\Users\CJR5662\Downloads\ReservationService\tomcat\apache-tomcat-7.0.93-windows-x64\apache-tomcat-7.0.93\webapps\flight_service.war has finished in 354 ms
Apr 21, 2019 4:41:28 PM org.apache.catalina.startup.HostConfig deployWAR
INFO: Deploying web application archive C:\Users\CJR5662\Downloads\ReservationService\tomcat\apache-tomcat-7.0.93-windows-x64\apache-tomcat-7.0.93\webapps\hotel_service.war
Apr 21, 2019 4:41:28 PM org.apache.catalina.startup.TldConfig execute
INFO: At least one JAR was scanned for TLDs yet contained no TLDs. Enable debug logging for this logger for a complete list of JARs that were scanned but no TLDs were found in them. Skipping unneeded JARs during scanning can improve startup time and JSP compilation time.
Apr 21, 2019 4:41:28 PM org.apache.catalina.startup.HostConfig deployWAR
INFO: Deployment of web application archive C:\Users\CJR5662\Downloads\ReservationService\tomcat\apache-tomcat-7.0.93-windows-x64\apache-tomcat-7.0.93\webapps\hotel_service.war has finished in 454 ms
Apr 21, 2019 4:41:28 PM org.apache.catalina.startup.HostConfig deployWAR
INFO: Deploying web application archive C:\Users\CJR5662\Downloads\ReservationService\tomcat\apache-tomcat-7.0.93-windows-x64\apache-tomcat-7.0.93\webapps\vehicle_service.war
Apr 21, 2019 4:41:29 PM org.apache.catalina.startup.TldConfig execute
INFO: At least one JAR was scanned for TLDs yet contained no TLDs. Enable debug logging for this logger for a complete list of JARs that were scanned but no TLDs were found in them. Skipping unneeded JARs during scanning can improve startup time and JSP compilation time.
Apr 21, 2019 4:41:29 PM org.apache.catalina.startup.HostConfig deployWAR
INFO: Deployment of web application archive C:\Users\CJR5662\Downloads\ReservationService\tomcat\apache-tomcat-7.0.93-windows-x64\apache-tomcat-7.0.93\webapps\vehicle_service.war has finished in 337 ms
Apr 21, 2019 4:41:29 PM org.apache.catalina.startup.HostConfig deployDirectory
INFO: Deploying web application directory C:\Users\CJR5662\Downloads\ReservationService\tomcat\apache-tomcat-7.0.93-windows-x64\apache-tomcat-7.0.93\webapps\docs
Apr 21, 2019 4:41:29 PM org.apache.catalina.startup.TldConfig execute
INFO: At least one JAR was scanned for TLDs yet contained no TLDs. Enable debug logging for this logger for a complete list of JARs that were scanned but no TLDs were found in them. Skipping unneeded JARs during scanning can improve startup time and JSP compilation time.
Apr 21, 2019 4:41:29 PM org.apache.catalina.startup.HostConfig deployDirectory
INFO: Deployment of web application directory C:\Users\CJR5662\Downloads\ReservationService\tomcat\apache-tomcat-7.0.93-windows-x64\apache-tomcat-7.0.93\webapps\docs has finished in 319 ms
Apr 21, 2019 4:41:29 PM org.apache.catalina.startup.HostConfig deployDirectory
INFO: Deploying web application directory C:\Users\CJR5662\Downloads\ReservationService\tomcat\apache-tomcat-7.0.93-windows-x64\apache-tomcat-7.0.93\webapps\examples
Apr 21, 2019 4:41:30 PM org.apache.catalina.startup.TldConfig execute
INFO: At least one JAR was scanned for TLDs yet contained no TLDs. Enable debug logging for this logger for a complete list of JARs that were scanned but no TLDs were found in them. Skipping unneeded JARs during scanning can improve startup time and JSP compilation time.
Apr 21, 2019 4:41:30 PM org.apache.catalina.startup.HostConfig deployDirectory
INFO: Deployment of web application directory C:\Users\CJR5662\Downloads\ReservationService\tomcat\apache-tomcat-7.0.93-windows-x64\apache-tomcat-7.0.93\webapps\examples has finished in 526 ms
Apr 21, 2019 4:41:30 PM org.apache.catalina.startup.HostConfig deployDirectory
INFO: Deploying web application directory C:\Users\CJR5662\Downloads\ReservationService\tomcat\apache-tomcat-7.0.93-windows-x64\apache-tomcat-7.0.93\webapps\host-manager
Apr 21, 2019 4:41:30 PM org.apache.catalina.startup.TldConfig execute
INFO: At least one JAR was scanned for TLDs yet contained no TLDs. Enable debug logging for this logger for a complete list of JARs that were scanned but no TLDs were found in them. Skipping unneeded JARs during scanning can improve startup time and JSP compilation time.
Apr 21, 2019 4:41:30 PM org.apache.catalina.startup.HostConfig deployDirectory
INFO: Deployment of web application directory C:\Users\CJR5662\Downloads\ReservationService\tomcat\apache-tomcat-7.0.93-windows-x64\apache-tomcat-7.0.93\webapps\host-manager has finished in 321 ms
Apr 21, 2019 4:41:30 PM org.apache.catalina.startup.HostConfig deployDirectory
INFO: Deploying web application directory C:\Users\CJR5662\Downloads\ReservationService\tomcat\apache-tomcat-7.0.93-windows-x64\apache-tomcat-7.0.93\webapps\manager
Apr 21, 2019 4:41:30 PM org.apache.catalina.startup.TldConfig execute
INFO: At least one JAR was scanned for TLDs yet contained no TLDs. Enable debug logging for this logger for a complete list of JARs that were scanned but no TLDs were found in them. Skipping unneeded JARs during scanning can improve startup time and JSP compilation time.
Apr 21, 2019 4:41:30 PM org.apache.catalina.startup.HostConfig deployDirectory
INFO: Deployment of web application directory C:\Users\CJR5662\Downloads\ReservationService\tomcat\apache-tomcat-7.0.93-windows-x64\apache-tomcat-7.0.93\webapps\manager has finished in 344 ms
Apr 21, 2019 4:41:30 PM org.apache.catalina.startup.HostConfig deployDirectory
INFO: Deploying web application directory C:\Users\CJR5662\Downloads\ReservationService\tomcat\apache-tomcat-7.0.93-windows-x64\apache-tomcat-7.0.93\webapps\ROOT
Apr 21, 2019 4:41:31 PM org.apache.catalina.startup.TldConfig execute
INFO: At least one JAR was scanned for TLDs yet contained no TLDs. Enable debug logging for this logger for a complete list of JARs that were scanned but no TLDs were found in them. Skipping unneeded JARs during scanning can improve startup time and JSP compilation time.
Apr 21, 2019 4:41:31 PM org.apache.catalina.startup.HostConfig deployDirectory
INFO: Deployment of web application directory C:\Users\CJR5662\Downloads\ReservationService\tomcat\apache-tomcat-7.0.93-windows-x64\apache-tomcat-7.0.93\webapps\ROOT has finished in 269 ms
Apr 21, 2019 4:41:31 PM org.apache.coyote.AbstractProtocol start
INFO: Starting ProtocolHandler ["http-apr-8080"]
Apr 21, 2019 4:41:31 PM org.apache.coyote.AbstractProtocol start
INFO: Starting ProtocolHandler ["ajp-apr-8009"]
Apr 21, 2019 4:41:31 PM org.apache.catalina.startup.Catalina start
INFO: Server startup in 4479 ms
Apr 21, 2019 8:22:02 PM org.apache.catalina.core.StandardServer await
INFO: A valid shutdown command was received via the shutdown port. Stopping the Server instance.
Apr 21, 2019 8:22:02 PM org.apache.coyote.AbstractProtocol pause
INFO: Pausing ProtocolHandler ["http-apr-8080"]
Apr 21, 2019 8:22:02 PM org.apache.coyote.AbstractProtocol pause
INFO: Pausing ProtocolHandler ["ajp-apr-8009"]
Apr 21, 2019 8:22:02 PM org.apache.catalina.core.StandardService stopInternal
INFO: Stopping service Catalina
Apr 21, 2019 8:22:02 PM org.apache.coyote.AbstractProtocol stop
INFO: Stopping ProtocolHandler ["http-apr-8080"]
Apr 21, 2019 8:22:02 PM org.apache.coyote.AbstractProtocol stop
INFO: Stopping ProtocolHandler ["ajp-apr-8009"]
Apr 21, 2019 8:22:02 PM org.apache.coyote.AbstractProtocol destroy
INFO: Destroying ProtocolHandler ["http-apr-8080"]
Apr 21, 2019 8:22:02 PM org.apache.coyote.AbstractProtocol destroy
INFO: Destroying ProtocolHandler ["ajp-apr-8009"]
Apr 21, 2019 10:19:19 PM org.apache.catalina.startup.VersionLoggerListener log
INFO: Server version:        Apache Tomcat/7.0.93
Apr 21, 2019 10:19:19 PM org.apache.catalina.startup.VersionLoggerListener log
INFO: Server built:          Feb 16 2019 17:13:17 UTC
Apr 21, 2019 10:19:19 PM org.apache.catalina.startup.VersionLoggerListener log
INFO: Server number:         7.0.93.0
Apr 21, 2019 10:19:19 PM org.apache.catalina.startup.VersionLoggerListener log
INFO: OS Name:               Windows 10
Apr 21, 2019 10:19:19 PM org.apache.catalina.startup.VersionLoggerListener log
INFO: OS Version:            10.0
Apr 21, 2019 10:19:19 PM org.apache.catalina.startup.VersionLoggerListener log
INFO: Architecture:          amd64
Apr 21, 2019 10:19:19 PM org.apache.catalina.startup.VersionLoggerListener log
INFO: Java Home:             C:\Program Files\Java\JDK\jre
Apr 21, 2019 10:19:19 PM org.apache.catalina.startup.VersionLoggerListener log
INFO: JVM Version:           1.8.0_144-b01
Apr 21, 2019 10:19:19 PM org.apache.catalina.startup.VersionLoggerListener log
INFO: JVM Vendor:            Oracle Corporation
Apr 21, 2019 10:19:19 PM org.apache.catalina.startup.VersionLoggerListener log
INFO: CATALINA_BASE:         C:\temp\ReservationService\tomcat\apache-tomcat-7.0.93-windows-x64\apache-tomcat-7.0.93
Apr 21, 2019 10:19:19 PM org.apache.catalina.startup.VersionLoggerListener log
INFO: CATALINA_HOME:         C:\temp\ReservationService\tomcat\apache-tomcat-7.0.93-windows-x64\apache-tomcat-7.0.93
Apr 21, 2019 10:19:19 PM org.apache.catalina.startup.VersionLoggerListener log
INFO: Command line argument: -Djava.util.logging.config.file=C:\temp\ReservationService\tomcat\apache-tomcat-7.0.93-windows-x64\apache-tomcat-7.0.93\conf\logging.properties
Apr 21, 2019 10:19:19 PM org.apache.catalina.startup.VersionLoggerListener log
INFO: Command line argument: -Djava.util.logging.manager=org.apache.juli.ClassLoaderLogManager
Apr 21, 2019 10:19:19 PM org.apache.catalina.startup.VersionLoggerListener log
INFO: Command line argument: -Dhttp.nonProxyHosts=localhost|127.0.0.1|REMOTE97
Apr 21, 2019 10:19:19 PM org.apache.catalina.startup.VersionLoggerListener log
INFO: Command line argument: -Djdk.tls.ephemeralDHKeySize=2048
Apr 21, 2019 10:19:19 PM org.apache.catalina.startup.VersionLoggerListener log
INFO: Command line argument: -Dignore.endorsed.dirs=
Apr 21, 2019 10:19:19 PM org.apache.catalina.startup.VersionLoggerListener log
INFO: Command line argument: -Dcatalina.base=C:\temp\ReservationService\tomcat\apache-tomcat-7.0.93-windows-x64\apache-tomcat-7.0.93
Apr 21, 2019 10:19:19 PM org.apache.catalina.startup.VersionLoggerListener log
INFO: Command line argument: -Dcatalina.home=C:\temp\ReservationService\tomcat\apache-tomcat-7.0.93-windows-x64\apache-tomcat-7.0.93
Apr 21, 2019 10:19:19 PM org.apache.catalina.startup.VersionLoggerListener log
INFO: Command line argument: -Djava.io.tmpdir=C:\temp\ReservationService\tomcat\apache-tomcat-7.0.93-windows-x64\apache-tomcat-7.0.93\temp
Apr 21, 2019 10:19:19 PM org.apache.catalina.core.AprLifecycleListener lifecycleEvent
INFO: Loaded APR based Apache Tomcat Native library 1.2.21 using APR version 1.6.5.
Apr 21, 2019 10:19:19 PM org.apache.catalina.core.AprLifecycleListener lifecycleEvent
INFO: APR capabilities: IPv6 [true], sendfile [true], accept filters [false], random [true].
Apr 21, 2019 10:19:19 PM org.apache.catalina.core.AprLifecycleListener initializeSSL
INFO: OpenSSL successfully initialized (OpenSSL 1.1.1a  20 Nov 2018)
Apr 21, 2019 10:19:19 PM org.apache.coyote.AbstractProtocol init
INFO: Initializing ProtocolHandler ["http-apr-8080"]
Apr 21, 2019 10:19:20 PM org.apache.coyote.AbstractProtocol init
INFO: Initializing ProtocolHandler ["ajp-apr-8009"]
Apr 21, 2019 10:19:20 PM org.apache.catalina.startup.Catalina load
INFO: Initialization processed in 1772 ms
Apr 21, 2019 10:19:20 PM org.apache.catalina.core.StandardService startInternal
INFO: Starting service Catalina
Apr 21, 2019 10:19:20 PM org.apache.catalina.core.StandardEngine startInternal
INFO: Starting Servlet Engine: Apache Tomcat/7.0.93
Apr 21, 2019 10:19:20 PM org.apache.catalina.startup.HostConfig deployWAR
INFO: Deploying web application archive C:\temp\ReservationService\tomcat\apache-tomcat-7.0.93-windows-x64\apache-tomcat-7.0.93\webapps\calc.war
Apr 21, 2019 10:19:22 PM org.apache.catalina.startup.TldConfig execute
INFO: At least one JAR was scanned for TLDs yet contained no TLDs. Enable debug logging for this logger for a complete list of JARs that were scanned but no TLDs were found in them. Skipping unneeded JARs during scanning can improve startup time and JSP compilation time.
Apr 21, 2019 10:19:22 PM org.apache.catalina.startup.HostConfig deployWAR
INFO: Deployment of web application archive C:\temp\ReservationService\tomcat\apache-tomcat-7.0.93-windows-x64\apache-tomcat-7.0.93\webapps\calc.war has finished in 2,191 ms
Apr 21, 2019 10:19:22 PM org.apache.catalina.startup.HostConfig deployWAR
INFO: Deploying web application archive C:\temp\ReservationService\tomcat\apache-tomcat-7.0.93-windows-x64\apache-tomcat-7.0.93\webapps\database_service.war
Apr 21, 2019 10:19:23 PM org.apache.catalina.startup.TldConfig execute
INFO: At least one JAR was scanned for TLDs yet contained no TLDs. Enable debug logging for this logger for a complete list of JARs that were scanned but no TLDs were found in them. Skipping unneeded JARs during scanning can improve startup time and JSP compilation time.
Apr 21, 2019 10:19:24 PM org.apache.catalina.startup.HostConfig deployWAR
INFO: Deployment of web application archive C:\temp\ReservationService\tomcat\apache-tomcat-7.0.93-windows-x64\apache-tomcat-7.0.93\webapps\database_service.war has finished in 1,946 ms
Apr 21, 2019 10:19:24 PM org.apache.catalina.startup.HostConfig deployWAR
INFO: Deploying web application archive C:\temp\ReservationService\tomcat\apache-tomcat-7.0.93-windows-x64\apache-tomcat-7.0.93\webapps\flight_service.war
Apr 21, 2019 10:19:25 PM org.apache.catalina.startup.TldConfig execute
INFO: At least one JAR was scanned for TLDs yet contained no TLDs. Enable debug logging for this logger for a complete list of JARs that were scanned but no TLDs were found in them. Skipping unneeded JARs during scanning can improve startup time and JSP compilation time.
Apr 21, 2019 10:19:25 PM org.apache.catalina.startup.HostConfig deployWAR
INFO: Deployment of web application archive C:\temp\ReservationService\tomcat\apache-tomcat-7.0.93-windows-x64\apache-tomcat-7.0.93\webapps\flight_service.war has finished in 919 ms
Apr 21, 2019 10:19:25 PM org.apache.catalina.startup.HostConfig deployWAR
INFO: Deploying web application archive C:\temp\ReservationService\tomcat\apache-tomcat-7.0.93-windows-x64\apache-tomcat-7.0.93\webapps\hotel_service.war
Apr 21, 2019 10:19:26 PM org.apache.catalina.startup.TldConfig execute
INFO: At least one JAR was scanned for TLDs yet contained no TLDs. Enable debug logging for this logger for a complete list of JARs that were scanned but no TLDs were found in them. Skipping unneeded JARs during scanning can improve startup time and JSP compilation time.
Apr 21, 2019 10:19:26 PM org.apache.catalina.startup.HostConfig deployWAR
INFO: Deployment of web application archive C:\temp\ReservationService\tomcat\apache-tomcat-7.0.93-windows-x64\apache-tomcat-7.0.93\webapps\hotel_service.war has finished in 862 ms
Apr 21, 2019 10:19:26 PM org.apache.catalina.startup.HostConfig deployWAR
INFO: Deploying web application archive C:\temp\ReservationService\tomcat\apache-tomcat-7.0.93-windows-x64\apache-tomcat-7.0.93\webapps\orchestrator_service.war
Apr 21, 2019 10:19:26 PM org.apache.catalina.startup.TldConfig execute
INFO: At least one JAR was scanned for TLDs yet contained no TLDs. Enable debug logging for this logger for a complete list of JARs that were scanned but no TLDs were found in them. Skipping unneeded JARs during scanning can improve startup time and JSP compilation time.
Apr 21, 2019 10:19:26 PM org.apache.catalina.startup.HostConfig deployWAR
INFO: Deployment of web application archive C:\temp\ReservationService\tomcat\apache-tomcat-7.0.93-windows-x64\apache-tomcat-7.0.93\webapps\orchestrator_service.war has finished in 885 ms
Apr 21, 2019 10:19:26 PM org.apache.catalina.startup.HostConfig deployWAR
INFO: Deploying web application archive C:\temp\ReservationService\tomcat\apache-tomcat-7.0.93-windows-x64\apache-tomcat-7.0.93\webapps\vehicle_service.war
Apr 21, 2019 10:19:27 PM org.apache.catalina.startup.TldConfig execute
INFO: At least one JAR was scanned for TLDs yet contained no TLDs. Enable debug logging for this logger for a complete list of JARs that were scanned but no TLDs were found in them. Skipping unneeded JARs during scanning can improve startup time and JSP compilation time.
Apr 21, 2019 10:19:27 PM org.apache.catalina.startup.HostConfig deployWAR
INFO: Deployment of web application archive C:\temp\ReservationService\tomcat\apache-tomcat-7.0.93-windows-x64\apache-tomcat-7.0.93\webapps\vehicle_service.war has finished in 864 ms
Apr 21, 2019 10:19:27 PM org.apache.catalina.startup.HostConfig deployDirectory
INFO: Deploying web application directory C:\temp\ReservationService\tomcat\apache-tomcat-7.0.93-windows-x64\apache-tomcat-7.0.93\webapps\docs
Apr 21, 2019 10:19:28 PM org.apache.catalina.startup.TldConfig execute
INFO: At least one JAR was scanned for TLDs yet contained no TLDs. Enable debug logging for this logger for a complete list of JARs that were scanned but no TLDs were found in them. Skipping unneeded JARs during scanning can improve startup time and JSP compilation time.
Apr 21, 2019 10:19:28 PM org.apache.catalina.startup.HostConfig deployDirectory
INFO: Deployment of web application directory C:\temp\ReservationService\tomcat\apache-tomcat-7.0.93-windows-x64\apache-tomcat-7.0.93\webapps\docs has finished in 740 ms
Apr 21, 2019 10:19:28 PM org.apache.catalina.startup.HostConfig deployDirectory
INFO: Deploying web application directory C:\temp\ReservationService\tomcat\apache-tomcat-7.0.93-windows-x64\apache-tomcat-7.0.93\webapps\examples
Apr 21, 2019 10:19:29 PM org.apache.catalina.startup.TldConfig execute
INFO: At least one JAR was scanned for TLDs yet contained no TLDs. Enable debug logging for this logger for a complete list of JARs that were scanned but no TLDs were found in them. Skipping unneeded JARs during scanning can improve startup time and JSP compilation time.
Apr 21, 2019 10:19:29 PM org.apache.catalina.startup.HostConfig deployDirectory
INFO: Deployment of web application directory C:\temp\ReservationService\tomcat\apache-tomcat-7.0.93-windows-x64\apache-tomcat-7.0.93\webapps\examples has finished in 1,345 ms
Apr 21, 2019 10:19:29 PM org.apache.catalina.startup.HostConfig deployDirectory
INFO: Deploying web application directory C:\temp\ReservationService\tomcat\apache-tomcat-7.0.93-windows-x64\apache-tomcat-7.0.93\webapps\host-manager
Apr 21, 2019 10:19:30 PM org.apache.catalina.startup.TldConfig execute
INFO: At least one JAR was scanned for TLDs yet contained no TLDs. Enable debug logging for this logger for a complete list of JARs that were scanned but no TLDs were found in them. Skipping unneeded JARs during scanning can improve startup time and JSP compilation time.
Apr 21, 2019 10:19:30 PM org.apache.catalina.startup.HostConfig deployDirectory
INFO: Deployment of web application directory C:\temp\ReservationService\tomcat\apache-tomcat-7.0.93-windows-x64\apache-tomcat-7.0.93\webapps\host-manager has finished in 1,016 ms
Apr 21, 2019 10:19:30 PM org.apache.catalina.startup.HostConfig deployDirectory
INFO: Deploying web application directory C:\temp\ReservationService\tomcat\apache-tomcat-7.0.93-windows-x64\apache-tomcat-7.0.93\webapps\manager
Apr 21, 2019 10:19:31 PM org.apache.catalina.startup.TldConfig execute
INFO: At least one JAR was scanned for TLDs yet contained no TLDs. Enable debug logging for this logger for a complete list of JARs that were scanned but no TLDs were found in them. Skipping unneeded JARs during scanning can improve startup time and JSP compilation time.
Apr 21, 2019 10:19:31 PM org.apache.catalina.startup.HostConfig deployDirectory
INFO: Deployment of web application directory C:\temp\ReservationService\tomcat\apache-tomcat-7.0.93-windows-x64\apache-tomcat-7.0.93\webapps\manager has finished in 737 ms
Apr 21, 2019 10:19:31 PM org.apache.catalina.startup.HostConfig deployDirectory
INFO: Deploying web application directory C:\temp\ReservationService\tomcat\apache-tomcat-7.0.93-windows-x64\apache-tomcat-7.0.93\webapps\ROOT
Apr 21, 2019 10:19:32 PM org.apache.catalina.startup.TldConfig execute
INFO: At least one JAR was scanned for TLDs yet contained no TLDs. Enable debug logging for this logger for a complete list of JARs that were scanned but no TLDs were found in them. Skipping unneeded JARs during scanning can improve startup time and JSP compilation time.
Apr 21, 2019 10:19:32 PM org.apache.catalina.startup.HostConfig deployDirectory
INFO: Deployment of web application directory C:\temp\ReservationService\tomcat\apache-tomcat-7.0.93-windows-x64\apache-tomcat-7.0.93\webapps\ROOT has finished in 709 ms
Apr 21, 2019 10:19:32 PM org.apache.coyote.AbstractProtocol start
INFO: Starting ProtocolHandler ["http-apr-8080"]
Apr 21, 2019 10:19:32 PM org.apache.coyote.AbstractProtocol start
INFO: Starting ProtocolHandler ["ajp-apr-8009"]
Apr 21, 2019 10:19:32 PM org.apache.catalina.startup.Catalina start
INFO: Server startup in 12505 ms
Apr 21, 2019 10:49:12 PM org.apache.catalina.core.StandardServer await
INFO: A valid shutdown command was received via the shutdown port. Stopping the Server instance.
Apr 21, 2019 10:49:12 PM org.apache.coyote.AbstractProtocol pause
INFO: Pausing ProtocolHandler ["http-apr-8080"]
Apr 21, 2019 10:49:12 PM org.apache.coyote.AbstractProtocol pause
INFO: Pausing ProtocolHandler ["ajp-apr-8009"]
Apr 21, 2019 10:49:12 PM org.apache.catalina.core.StandardService stopInternal
INFO: Stopping service Catalina
Apr 21, 2019 10:49:13 PM org.apache.coyote.AbstractProtocol stop
INFO: Stopping ProtocolHandler ["http-apr-8080"]
Apr 21, 2019 10:49:13 PM org.apache.coyote.AbstractProtocol stop
INFO: Stopping ProtocolHandler ["ajp-apr-8009"]
Apr 21, 2019 10:49:13 PM org.apache.coyote.AbstractProtocol destroy
INFO: Destroying ProtocolHandler ["http-apr-8080"]
Apr 21, 2019 10:49:13 PM org.apache.coyote.AbstractProtocol destroy
INFO: Destroying ProtocolHandler ["ajp-apr-8009"]
