Apr 08, 2019 6:33:15 PM org.apache.catalina.startup.VersionLoggerListener log
INFO: Server version:        Apache Tomcat/7.0.93
Apr 08, 2019 6:33:15 PM org.apache.catalina.startup.VersionLoggerListener log
INFO: Server built:          Feb 16 2019 17:13:17 UTC
Apr 08, 2019 6:33:15 PM org.apache.catalina.startup.VersionLoggerListener log
INFO: Server number:         7.0.93.0
Apr 08, 2019 6:33:15 PM org.apache.catalina.startup.VersionLoggerListener log
INFO: OS Name:               Windows 10
Apr 08, 2019 6:33:15 PM org.apache.catalina.startup.VersionLoggerListener log
INFO: OS Version:            10.0
Apr 08, 2019 6:33:15 PM org.apache.catalina.startup.VersionLoggerListener log
INFO: Architecture:          amd64
Apr 08, 2019 6:33:15 PM org.apache.catalina.startup.VersionLoggerListener log
INFO: Java Home:             C:\Program Files\Java\jdk1.8.0_151\jre
Apr 08, 2019 6:33:15 PM org.apache.catalina.startup.VersionLoggerListener log
INFO: JVM Version:           1.8.0_151-b12
Apr 08, 2019 6:33:15 PM org.apache.catalina.startup.VersionLoggerListener log
INFO: JVM Vendor:            Oracle Corporation
Apr 08, 2019 6:33:15 PM org.apache.catalina.startup.VersionLoggerListener log
INFO: CATALINA_BASE:         C:\Users\DazedFury\Documents\Penn-State\Spring-2019\SWENG 465\Project\ReservationService\tomcat\apache-tomcat-7.0.93-windows-x64\apache-tomcat-7.0.93
Apr 08, 2019 6:33:15 PM org.apache.catalina.startup.VersionLoggerListener log
INFO: CATALINA_HOME:         C:\Users\DazedFury\Documents\Penn-State\Spring-2019\SWENG 465\Project\ReservationService\tomcat\apache-tomcat-7.0.93-windows-x64\apache-tomcat-7.0.93
Apr 08, 2019 6:33:15 PM org.apache.catalina.startup.VersionLoggerListener log
INFO: Command line argument: -Djava.util.logging.config.file=C:\Users\DazedFury\Documents\Penn-State\Spring-2019\SWENG 465\Project\ReservationService\tomcat\apache-tomcat-7.0.93-windows-x64\apache-tomcat-7.0.93\conf\logging.properties
Apr 08, 2019 6:33:15 PM org.apache.catalina.startup.VersionLoggerListener log
INFO: Command line argument: -Djava.util.logging.manager=org.apache.juli.ClassLoaderLogManager
Apr 08, 2019 6:33:15 PM org.apache.catalina.startup.VersionLoggerListener log
INFO: Command line argument: -Dhttp.nonProxyHosts=localhost|127.0.0.1|IPhone-8S
Apr 08, 2019 6:33:15 PM org.apache.catalina.startup.VersionLoggerListener log
INFO: Command line argument: -Djdk.tls.ephemeralDHKeySize=2048
Apr 08, 2019 6:33:15 PM org.apache.catalina.startup.VersionLoggerListener log
INFO: Command line argument: -Dignore.endorsed.dirs=
Apr 08, 2019 6:33:15 PM org.apache.catalina.startup.VersionLoggerListener log
INFO: Command line argument: -Dcatalina.base=C:\Users\DazedFury\Documents\Penn-State\Spring-2019\SWENG 465\Project\ReservationService\tomcat\apache-tomcat-7.0.93-windows-x64\apache-tomcat-7.0.93
Apr 08, 2019 6:33:15 PM org.apache.catalina.startup.VersionLoggerListener log
INFO: Command line argument: -Dcatalina.home=C:\Users\DazedFury\Documents\Penn-State\Spring-2019\SWENG 465\Project\ReservationService\tomcat\apache-tomcat-7.0.93-windows-x64\apache-tomcat-7.0.93
Apr 08, 2019 6:33:15 PM org.apache.catalina.startup.VersionLoggerListener log
INFO: Command line argument: -Djava.io.tmpdir=C:\Users\DazedFury\Documents\Penn-State\Spring-2019\SWENG 465\Project\ReservationService\tomcat\apache-tomcat-7.0.93-windows-x64\apache-tomcat-7.0.93\temp
Apr 08, 2019 6:33:15 PM org.apache.catalina.core.AprLifecycleListener lifecycleEvent
INFO: Loaded APR based Apache Tomcat Native library 1.2.21 using APR version 1.6.5.
Apr 08, 2019 6:33:15 PM org.apache.catalina.core.AprLifecycleListener lifecycleEvent
INFO: APR capabilities: IPv6 [true], sendfile [true], accept filters [false], random [true].
Apr 08, 2019 6:33:15 PM org.apache.catalina.core.AprLifecycleListener initializeSSL
INFO: OpenSSL successfully initialized (OpenSSL 1.1.1a  20 Nov 2018)
Apr 08, 2019 6:33:15 PM org.apache.coyote.AbstractProtocol init
INFO: Initializing ProtocolHandler ["http-apr-8081"]
Apr 08, 2019 6:33:15 PM org.apache.coyote.AbstractProtocol init
INFO: Initializing ProtocolHandler ["ajp-apr-8009"]
Apr 08, 2019 6:33:15 PM org.apache.catalina.startup.Catalina load
INFO: Initialization processed in 505 ms
Apr 08, 2019 6:33:15 PM org.apache.catalina.core.StandardService startInternal
INFO: Starting service Catalina
Apr 08, 2019 6:33:15 PM org.apache.catalina.core.StandardEngine startInternal
INFO: Starting Servlet Engine: Apache Tomcat/7.0.93
Apr 08, 2019 6:33:15 PM org.apache.catalina.startup.HostConfig deployWAR
INFO: Deploying web application archive C:\Users\DazedFury\Documents\Penn-State\Spring-2019\SWENG 465\Project\ReservationService\tomcat\apache-tomcat-7.0.93-windows-x64\apache-tomcat-7.0.93\webapps\calc.war
Apr 08, 2019 6:33:16 PM org.apache.catalina.startup.TldConfig execute
INFO: At least one JAR was scanned for TLDs yet contained no TLDs. Enable debug logging for this logger for a complete list of JARs that were scanned but no TLDs were found in them. Skipping unneeded JARs during scanning can improve startup time and JSP compilation time.
Apr 08, 2019 6:33:16 PM org.apache.catalina.util.SessionIdGeneratorBase createSecureRandom
WARNING: Creation of SecureRandom instance for session ID generation using [SHA1PRNG] took [272] milliseconds.
Apr 08, 2019 6:33:16 PM org.apache.catalina.startup.HostConfig deployWAR
INFO: Deployment of web application archive C:\Users\DazedFury\Documents\Penn-State\Spring-2019\SWENG 465\Project\ReservationService\tomcat\apache-tomcat-7.0.93-windows-x64\apache-tomcat-7.0.93\webapps\calc.war has finished in 962 ms
Apr 08, 2019 6:33:16 PM org.apache.catalina.startup.HostConfig deployWAR
INFO: Deploying web application archive C:\Users\DazedFury\Documents\Penn-State\Spring-2019\SWENG 465\Project\ReservationService\tomcat\apache-tomcat-7.0.93-windows-x64\apache-tomcat-7.0.93\webapps\database_service.war
Apr 08, 2019 6:33:17 PM org.apache.catalina.startup.TldConfig execute
INFO: At least one JAR was scanned for TLDs yet contained no TLDs. Enable debug logging for this logger for a complete list of JARs that were scanned but no TLDs were found in them. Skipping unneeded JARs during scanning can improve startup time and JSP compilation time.
Apr 08, 2019 6:33:17 PM org.apache.catalina.startup.HostConfig deployWAR
INFO: Deployment of web application archive C:\Users\DazedFury\Documents\Penn-State\Spring-2019\SWENG 465\Project\ReservationService\tomcat\apache-tomcat-7.0.93-windows-x64\apache-tomcat-7.0.93\webapps\database_service.war has finished in 383 ms
Apr 08, 2019 6:33:17 PM org.apache.catalina.startup.HostConfig deployDirectory
INFO: Deploying web application directory C:\Users\DazedFury\Documents\Penn-State\Spring-2019\SWENG 465\Project\ReservationService\tomcat\apache-tomcat-7.0.93-windows-x64\apache-tomcat-7.0.93\webapps\docs
Apr 08, 2019 6:33:17 PM org.apache.catalina.startup.TldConfig execute
INFO: At least one JAR was scanned for TLDs yet contained no TLDs. Enable debug logging for this logger for a complete list of JARs that were scanned but no TLDs were found in them. Skipping unneeded JARs during scanning can improve startup time and JSP compilation time.
Apr 08, 2019 6:33:17 PM org.apache.catalina.startup.HostConfig deployDirectory
INFO: Deployment of web application directory C:\Users\DazedFury\Documents\Penn-State\Spring-2019\SWENG 465\Project\ReservationService\tomcat\apache-tomcat-7.0.93-windows-x64\apache-tomcat-7.0.93\webapps\docs has finished in 318 ms
Apr 08, 2019 6:33:17 PM org.apache.catalina.startup.HostConfig deployDirectory
INFO: Deploying web application directory C:\Users\DazedFury\Documents\Penn-State\Spring-2019\SWENG 465\Project\ReservationService\tomcat\apache-tomcat-7.0.93-windows-x64\apache-tomcat-7.0.93\webapps\examples
Apr 08, 2019 6:33:17 PM org.apache.catalina.startup.TldConfig execute
INFO: At least one JAR was scanned for TLDs yet contained no TLDs. Enable debug logging for this logger for a complete list of JARs that were scanned but no TLDs were found in them. Skipping unneeded JARs during scanning can improve startup time and JSP compilation time.
Apr 08, 2019 6:33:18 PM org.apache.catalina.startup.HostConfig deployDirectory
INFO: Deployment of web application directory C:\Users\DazedFury\Documents\Penn-State\Spring-2019\SWENG 465\Project\ReservationService\tomcat\apache-tomcat-7.0.93-windows-x64\apache-tomcat-7.0.93\webapps\examples has finished in 554 ms
Apr 08, 2019 6:33:18 PM org.apache.catalina.startup.HostConfig deployDirectory
INFO: Deploying web application directory C:\Users\DazedFury\Documents\Penn-State\Spring-2019\SWENG 465\Project\ReservationService\tomcat\apache-tomcat-7.0.93-windows-x64\apache-tomcat-7.0.93\webapps\host-manager
Apr 08, 2019 6:33:18 PM org.apache.catalina.startup.TldConfig execute
INFO: At least one JAR was scanned for TLDs yet contained no TLDs. Enable debug logging for this logger for a complete list of JARs that were scanned but no TLDs were found in them. Skipping unneeded JARs during scanning can improve startup time and JSP compilation time.
Apr 08, 2019 6:33:18 PM org.apache.catalina.startup.HostConfig deployDirectory
INFO: Deployment of web application directory C:\Users\DazedFury\Documents\Penn-State\Spring-2019\SWENG 465\Project\ReservationService\tomcat\apache-tomcat-7.0.93-windows-x64\apache-tomcat-7.0.93\webapps\host-manager has finished in 301 ms
Apr 08, 2019 6:33:18 PM org.apache.catalina.startup.HostConfig deployDirectory
INFO: Deploying web application directory C:\Users\DazedFury\Documents\Penn-State\Spring-2019\SWENG 465\Project\ReservationService\tomcat\apache-tomcat-7.0.93-windows-x64\apache-tomcat-7.0.93\webapps\manager
Apr 08, 2019 6:33:18 PM org.apache.catalina.startup.TldConfig execute
INFO: At least one JAR was scanned for TLDs yet contained no TLDs. Enable debug logging for this logger for a complete list of JARs that were scanned but no TLDs were found in them. Skipping unneeded JARs during scanning can improve startup time and JSP compilation time.
Apr 08, 2019 6:33:18 PM org.apache.catalina.startup.HostConfig deployDirectory
INFO: Deployment of web application directory C:\Users\DazedFury\Documents\Penn-State\Spring-2019\SWENG 465\Project\ReservationService\tomcat\apache-tomcat-7.0.93-windows-x64\apache-tomcat-7.0.93\webapps\manager has finished in 287 ms
Apr 08, 2019 6:33:18 PM org.apache.catalina.startup.HostConfig deployDirectory
INFO: Deploying web application directory C:\Users\DazedFury\Documents\Penn-State\Spring-2019\SWENG 465\Project\ReservationService\tomcat\apache-tomcat-7.0.93-windows-x64\apache-tomcat-7.0.93\webapps\ROOT
Apr 08, 2019 6:33:18 PM org.apache.catalina.startup.TldConfig execute
INFO: At least one JAR was scanned for TLDs yet contained no TLDs. Enable debug logging for this logger for a complete list of JARs that were scanned but no TLDs were found in them. Skipping unneeded JARs during scanning can improve startup time and JSP compilation time.
Apr 08, 2019 6:33:18 PM org.apache.catalina.startup.HostConfig deployDirectory
INFO: Deployment of web application directory C:\Users\DazedFury\Documents\Penn-State\Spring-2019\SWENG 465\Project\ReservationService\tomcat\apache-tomcat-7.0.93-windows-x64\apache-tomcat-7.0.93\webapps\ROOT has finished in 297 ms
Apr 08, 2019 6:33:18 PM org.apache.coyote.AbstractProtocol start
INFO: Starting ProtocolHandler ["http-apr-8081"]
Apr 08, 2019 6:33:18 PM org.apache.coyote.AbstractProtocol start
INFO: Starting ProtocolHandler ["ajp-apr-8009"]
Apr 08, 2019 6:33:18 PM org.apache.catalina.startup.Catalina start
INFO: Server startup in 3195 ms
Apr 08, 2019 6:49:16 PM org.apache.catalina.startup.VersionLoggerListener log
INFO: Server version:        Apache Tomcat/7.0.93
Apr 08, 2019 6:49:16 PM org.apache.catalina.startup.VersionLoggerListener log
INFO: Server built:          Feb 16 2019 17:13:17 UTC
Apr 08, 2019 6:49:16 PM org.apache.catalina.startup.VersionLoggerListener log
INFO: Server number:         7.0.93.0
Apr 08, 2019 6:49:16 PM org.apache.catalina.startup.VersionLoggerListener log
INFO: OS Name:               Windows 10
Apr 08, 2019 6:49:16 PM org.apache.catalina.startup.VersionLoggerListener log
INFO: OS Version:            10.0
Apr 08, 2019 6:49:16 PM org.apache.catalina.startup.VersionLoggerListener log
INFO: Architecture:          amd64
Apr 08, 2019 6:49:16 PM org.apache.catalina.startup.VersionLoggerListener log
INFO: Java Home:             C:\Program Files\Java\jdk1.8.0_151\jre
Apr 08, 2019 6:49:16 PM org.apache.catalina.startup.VersionLoggerListener log
INFO: JVM Version:           1.8.0_151-b12
Apr 08, 2019 6:49:16 PM org.apache.catalina.startup.VersionLoggerListener log
INFO: JVM Vendor:            Oracle Corporation
Apr 08, 2019 6:49:16 PM org.apache.catalina.startup.VersionLoggerListener log
INFO: CATALINA_BASE:         C:\Users\DazedFury\Documents\Penn-State\Spring-2019\SWENG 465\Project\ReservationService\tomcat\apache-tomcat-7.0.93-windows-x64\apache-tomcat-7.0.93
Apr 08, 2019 6:49:16 PM org.apache.catalina.startup.VersionLoggerListener log
INFO: CATALINA_HOME:         C:\Users\DazedFury\Documents\Penn-State\Spring-2019\SWENG 465\Project\ReservationService\tomcat\apache-tomcat-7.0.93-windows-x64\apache-tomcat-7.0.93
Apr 08, 2019 6:49:16 PM org.apache.catalina.startup.VersionLoggerListener log
INFO: Command line argument: -Djava.util.logging.config.file=C:\Users\DazedFury\Documents\Penn-State\Spring-2019\SWENG 465\Project\ReservationService\tomcat\apache-tomcat-7.0.93-windows-x64\apache-tomcat-7.0.93\conf\logging.properties
Apr 08, 2019 6:49:16 PM org.apache.catalina.startup.VersionLoggerListener log
INFO: Command line argument: -Djava.util.logging.manager=org.apache.juli.ClassLoaderLogManager
Apr 08, 2019 6:49:16 PM org.apache.catalina.startup.VersionLoggerListener log
INFO: Command line argument: -Dhttp.nonProxyHosts=localhost|127.0.0.1|IPhone-8S
Apr 08, 2019 6:49:16 PM org.apache.catalina.startup.VersionLoggerListener log
INFO: Command line argument: -Djdk.tls.ephemeralDHKeySize=2048
Apr 08, 2019 6:49:16 PM org.apache.catalina.startup.VersionLoggerListener log
INFO: Command line argument: -Dignore.endorsed.dirs=
Apr 08, 2019 6:49:16 PM org.apache.catalina.startup.VersionLoggerListener log
INFO: Command line argument: -Dcatalina.base=C:\Users\DazedFury\Documents\Penn-State\Spring-2019\SWENG 465\Project\ReservationService\tomcat\apache-tomcat-7.0.93-windows-x64\apache-tomcat-7.0.93
Apr 08, 2019 6:49:16 PM org.apache.catalina.startup.VersionLoggerListener log
INFO: Command line argument: -Dcatalina.home=C:\Users\DazedFury\Documents\Penn-State\Spring-2019\SWENG 465\Project\ReservationService\tomcat\apache-tomcat-7.0.93-windows-x64\apache-tomcat-7.0.93
Apr 08, 2019 6:49:16 PM org.apache.catalina.startup.VersionLoggerListener log
INFO: Command line argument: -Djava.io.tmpdir=C:\Users\DazedFury\Documents\Penn-State\Spring-2019\SWENG 465\Project\ReservationService\tomcat\apache-tomcat-7.0.93-windows-x64\apache-tomcat-7.0.93\temp
Apr 08, 2019 6:49:16 PM org.apache.catalina.core.AprLifecycleListener lifecycleEvent
INFO: Loaded APR based Apache Tomcat Native library 1.2.21 using APR version 1.6.5.
Apr 08, 2019 6:49:16 PM org.apache.catalina.core.AprLifecycleListener lifecycleEvent
INFO: APR capabilities: IPv6 [true], sendfile [true], accept filters [false], random [true].
Apr 08, 2019 6:49:16 PM org.apache.catalina.core.AprLifecycleListener initializeSSL
INFO: OpenSSL successfully initialized (OpenSSL 1.1.1a  20 Nov 2018)
Apr 08, 2019 6:49:17 PM org.apache.coyote.AbstractProtocol init
INFO: Initializing ProtocolHandler ["http-apr-8081"]
Apr 08, 2019 6:49:17 PM org.apache.coyote.AbstractProtocol init
INFO: Initializing ProtocolHandler ["ajp-apr-8009"]
Apr 08, 2019 6:49:17 PM org.apache.catalina.startup.Catalina load
INFO: Initialization processed in 563 ms
Apr 08, 2019 6:49:17 PM org.apache.catalina.core.StandardService startInternal
INFO: Starting service Catalina
Apr 08, 2019 6:49:17 PM org.apache.catalina.core.StandardEngine startInternal
INFO: Starting Servlet Engine: Apache Tomcat/7.0.93
Apr 08, 2019 6:49:17 PM org.apache.catalina.startup.HostConfig deployWAR
INFO: Deploying web application archive C:\Users\DazedFury\Documents\Penn-State\Spring-2019\SWENG 465\Project\ReservationService\tomcat\apache-tomcat-7.0.93-windows-x64\apache-tomcat-7.0.93\webapps\calc.war
Apr 08, 2019 6:49:17 PM org.apache.catalina.startup.TldConfig execute
INFO: At least one JAR was scanned for TLDs yet contained no TLDs. Enable debug logging for this logger for a complete list of JARs that were scanned but no TLDs were found in them. Skipping unneeded JARs during scanning can improve startup time and JSP compilation time.
Apr 08, 2019 6:49:17 PM org.apache.catalina.util.SessionIdGeneratorBase createSecureRandom
WARNING: Creation of SecureRandom instance for session ID generation using [SHA1PRNG] took [260] milliseconds.
Apr 08, 2019 6:49:17 PM org.apache.catalina.startup.HostConfig deployWAR
INFO: Deployment of web application archive C:\Users\DazedFury\Documents\Penn-State\Spring-2019\SWENG 465\Project\ReservationService\tomcat\apache-tomcat-7.0.93-windows-x64\apache-tomcat-7.0.93\webapps\calc.war has finished in 883 ms
Apr 08, 2019 6:49:17 PM org.apache.catalina.startup.HostConfig deployWAR
INFO: Deploying web application archive C:\Users\DazedFury\Documents\Penn-State\Spring-2019\SWENG 465\Project\ReservationService\tomcat\apache-tomcat-7.0.93-windows-x64\apache-tomcat-7.0.93\webapps\database_service.war
Apr 08, 2019 6:49:18 PM org.apache.catalina.startup.TldConfig execute
INFO: At least one JAR was scanned for TLDs yet contained no TLDs. Enable debug logging for this logger for a complete list of JARs that were scanned but no TLDs were found in them. Skipping unneeded JARs during scanning can improve startup time and JSP compilation time.
Apr 08, 2019 6:49:18 PM org.apache.catalina.startup.HostConfig deployWAR
INFO: Deployment of web application archive C:\Users\DazedFury\Documents\Penn-State\Spring-2019\SWENG 465\Project\ReservationService\tomcat\apache-tomcat-7.0.93-windows-x64\apache-tomcat-7.0.93\webapps\database_service.war has finished in 396 ms
Apr 08, 2019 6:49:18 PM org.apache.catalina.startup.HostConfig deployWAR
INFO: Deploying web application archive C:\Users\DazedFury\Documents\Penn-State\Spring-2019\SWENG 465\Project\ReservationService\tomcat\apache-tomcat-7.0.93-windows-x64\apache-tomcat-7.0.93\webapps\flight_service.war
Apr 08, 2019 6:49:18 PM org.apache.catalina.startup.TldConfig execute
INFO: At least one JAR was scanned for TLDs yet contained no TLDs. Enable debug logging for this logger for a complete list of JARs that were scanned but no TLDs were found in them. Skipping unneeded JARs during scanning can improve startup time and JSP compilation time.
Apr 08, 2019 6:49:18 PM org.apache.catalina.startup.HostConfig deployWAR
INFO: Deployment of web application archive C:\Users\DazedFury\Documents\Penn-State\Spring-2019\SWENG 465\Project\ReservationService\tomcat\apache-tomcat-7.0.93-windows-x64\apache-tomcat-7.0.93\webapps\flight_service.war has finished in 370 ms
Apr 08, 2019 6:49:18 PM org.apache.catalina.startup.HostConfig deployDirectory
INFO: Deploying web application directory C:\Users\DazedFury\Documents\Penn-State\Spring-2019\SWENG 465\Project\ReservationService\tomcat\apache-tomcat-7.0.93-windows-x64\apache-tomcat-7.0.93\webapps\docs
Apr 08, 2019 6:49:19 PM org.apache.catalina.startup.TldConfig execute
INFO: At least one JAR was scanned for TLDs yet contained no TLDs. Enable debug logging for this logger for a complete list of JARs that were scanned but no TLDs were found in them. Skipping unneeded JARs during scanning can improve startup time and JSP compilation time.
Apr 08, 2019 6:49:19 PM org.apache.catalina.startup.HostConfig deployDirectory
INFO: Deployment of web application directory C:\Users\DazedFury\Documents\Penn-State\Spring-2019\SWENG 465\Project\ReservationService\tomcat\apache-tomcat-7.0.93-windows-x64\apache-tomcat-7.0.93\webapps\docs has finished in 366 ms
Apr 08, 2019 6:49:19 PM org.apache.catalina.startup.HostConfig deployDirectory
INFO: Deploying web application directory C:\Users\DazedFury\Documents\Penn-State\Spring-2019\SWENG 465\Project\ReservationService\tomcat\apache-tomcat-7.0.93-windows-x64\apache-tomcat-7.0.93\webapps\examples
Apr 08, 2019 6:49:19 PM org.apache.catalina.startup.TldConfig execute
INFO: At least one JAR was scanned for TLDs yet contained no TLDs. Enable debug logging for this logger for a complete list of JARs that were scanned but no TLDs were found in them. Skipping unneeded JARs during scanning can improve startup time and JSP compilation time.
Apr 08, 2019 6:49:19 PM org.apache.catalina.startup.HostConfig deployDirectory
INFO: Deployment of web application directory C:\Users\DazedFury\Documents\Penn-State\Spring-2019\SWENG 465\Project\ReservationService\tomcat\apache-tomcat-7.0.93-windows-x64\apache-tomcat-7.0.93\webapps\examples has finished in 564 ms
Apr 08, 2019 6:49:19 PM org.apache.catalina.startup.HostConfig deployDirectory
INFO: Deploying web application directory C:\Users\DazedFury\Documents\Penn-State\Spring-2019\SWENG 465\Project\ReservationService\tomcat\apache-tomcat-7.0.93-windows-x64\apache-tomcat-7.0.93\webapps\host-manager
Apr 08, 2019 6:49:20 PM org.apache.catalina.startup.TldConfig execute
INFO: At least one JAR was scanned for TLDs yet contained no TLDs. Enable debug logging for this logger for a complete list of JARs that were scanned but no TLDs were found in them. Skipping unneeded JARs during scanning can improve startup time and JSP compilation time.
Apr 08, 2019 6:49:20 PM org.apache.catalina.startup.HostConfig deployDirectory
INFO: Deployment of web application directory C:\Users\DazedFury\Documents\Penn-State\Spring-2019\SWENG 465\Project\ReservationService\tomcat\apache-tomcat-7.0.93-windows-x64\apache-tomcat-7.0.93\webapps\host-manager has finished in 356 ms
Apr 08, 2019 6:49:20 PM org.apache.catalina.startup.HostConfig deployDirectory
INFO: Deploying web application directory C:\Users\DazedFury\Documents\Penn-State\Spring-2019\SWENG 465\Project\ReservationService\tomcat\apache-tomcat-7.0.93-windows-x64\apache-tomcat-7.0.93\webapps\manager
Apr 08, 2019 6:49:20 PM org.apache.catalina.startup.TldConfig execute
INFO: At least one JAR was scanned for TLDs yet contained no TLDs. Enable debug logging for this logger for a complete list of JARs that were scanned but no TLDs were found in them. Skipping unneeded JARs during scanning can improve startup time and JSP compilation time.
Apr 08, 2019 6:49:20 PM org.apache.catalina.startup.HostConfig deployDirectory
INFO: Deployment of web application directory C:\Users\DazedFury\Documents\Penn-State\Spring-2019\SWENG 465\Project\ReservationService\tomcat\apache-tomcat-7.0.93-windows-x64\apache-tomcat-7.0.93\webapps\manager has finished in 310 ms
Apr 08, 2019 6:49:20 PM org.apache.catalina.startup.HostConfig deployDirectory
INFO: Deploying web application directory C:\Users\DazedFury\Documents\Penn-State\Spring-2019\SWENG 465\Project\ReservationService\tomcat\apache-tomcat-7.0.93-windows-x64\apache-tomcat-7.0.93\webapps\ROOT
Apr 08, 2019 6:49:20 PM org.apache.catalina.startup.TldConfig execute
INFO: At least one JAR was scanned for TLDs yet contained no TLDs. Enable debug logging for this logger for a complete list of JARs that were scanned but no TLDs were found in them. Skipping unneeded JARs during scanning can improve startup time and JSP compilation time.
Apr 08, 2019 6:49:20 PM org.apache.catalina.startup.HostConfig deployDirectory
INFO: Deployment of web application directory C:\Users\DazedFury\Documents\Penn-State\Spring-2019\SWENG 465\Project\ReservationService\tomcat\apache-tomcat-7.0.93-windows-x64\apache-tomcat-7.0.93\webapps\ROOT has finished in 295 ms
Apr 08, 2019 6:49:20 PM org.apache.coyote.AbstractProtocol start
INFO: Starting ProtocolHandler ["http-apr-8081"]
Apr 08, 2019 6:49:20 PM org.apache.coyote.AbstractProtocol start
INFO: Starting ProtocolHandler ["ajp-apr-8009"]
Apr 08, 2019 6:49:20 PM org.apache.catalina.startup.Catalina start
INFO: Server startup in 3621 ms
Apr 08, 2019 6:50:32 PM org.apache.catalina.core.StandardServer await
INFO: A valid shutdown command was received via the shutdown port. Stopping the Server instance.
Apr 08, 2019 6:50:32 PM org.apache.coyote.AbstractProtocol pause
INFO: Pausing ProtocolHandler ["http-apr-8081"]
Apr 08, 2019 6:50:32 PM org.apache.coyote.AbstractProtocol pause
INFO: Pausing ProtocolHandler ["ajp-apr-8009"]
Apr 08, 2019 6:50:32 PM org.apache.catalina.core.StandardService stopInternal
INFO: Stopping service Catalina
Apr 08, 2019 6:50:32 PM org.apache.coyote.AbstractProtocol stop
INFO: Stopping ProtocolHandler ["http-apr-8081"]
Apr 08, 2019 6:50:32 PM org.apache.coyote.AbstractProtocol stop
INFO: Stopping ProtocolHandler ["ajp-apr-8009"]
Apr 08, 2019 6:50:32 PM org.apache.coyote.AbstractProtocol destroy
INFO: Destroying ProtocolHandler ["http-apr-8081"]
Apr 08, 2019 6:50:32 PM org.apache.coyote.AbstractProtocol destroy
INFO: Destroying ProtocolHandler ["ajp-apr-8009"]
