Apr 08, 2019 6:33:18 PM org.apache.catalina.core.ApplicationContext log
INFO: ContextListener: contextInitialized()
Apr 08, 2019 6:33:18 PM org.apache.catalina.core.ApplicationContext log
INFO: SessionListener: contextInitialized()
Apr 08, 2019 6:33:18 PM org.apache.catalina.core.ApplicationContext log
INFO: ContextListener: attributeAdded('StockTicker', 'async.Stockticker@37d52023')
Apr 08, 2019 6:33:18 PM org.apache.catalina.core.ApplicationContext log
INFO: ContextListener: attributeAdded('org.apache.jasper.compiler.TldLocationsCache', 'org.apache.jasper.compiler.TldLocationsCache@b9c62ab')
Apr 08, 2019 6:49:18 PM org.apache.catalina.core.ApplicationContext log
INFO: Marking servlet Flight as unavailable
Apr 08, 2019 6:49:18 PM org.apache.catalina.core.StandardContext loadOnStartup
SEVERE: Servlet [Flight] in web application [/flight_service] threw load() exception
java.lang.ClassNotFoundException: services.flight_service.FService
	at org.apache.catalina.loader.WebappClassLoaderBase.loadClass(WebappClassLoaderBase.java:1955)
	at org.apache.catalina.loader.WebappClassLoaderBase.loadClass(WebappClassLoaderBase.java:1798)
	at org.apache.catalina.core.DefaultInstanceManager.loadClass(DefaultInstanceManager.java:536)
	at org.apache.catalina.core.DefaultInstanceManager.loadClassMaybePrivileged(DefaultInstanceManager.java:518)
	at org.apache.catalina.core.DefaultInstanceManager.newInstance(DefaultInstanceManager.java:148)
	at org.apache.catalina.core.StandardWrapper.loadServlet(StandardWrapper.java:1127)
	at org.apache.catalina.core.StandardWrapper.load(StandardWrapper.java:1066)
	at org.apache.catalina.core.StandardContext.loadOnStartup(StandardContext.java:5433)
	at org.apache.catalina.core.StandardContext.startInternal(StandardContext.java:5731)
	at org.apache.catalina.util.LifecycleBase.start(LifecycleBase.java:145)
	at org.apache.catalina.core.ContainerBase.addChildInternal(ContainerBase.java:1018)
	at org.apache.catalina.core.ContainerBase.addChild(ContainerBase.java:994)
	at org.apache.catalina.core.StandardHost.addChild(StandardHost.java:652)
	at org.apache.catalina.startup.HostConfig.deployWAR(HostConfig.java:1127)
	at org.apache.catalina.startup.HostConfig$DeployWar.run(HostConfig.java:2021)
	at java.util.concurrent.Executors$RunnableAdapter.call(Executors.java:511)
	at java.util.concurrent.FutureTask.run(FutureTask.java:266)
	at java.util.concurrent.ThreadPoolExecutor.runWorker(ThreadPoolExecutor.java:1149)
	at java.util.concurrent.ThreadPoolExecutor$Worker.run(ThreadPoolExecutor.java:624)
	at java.lang.Thread.run(Thread.java:748)

Apr 08, 2019 6:49:19 PM org.apache.catalina.core.ApplicationContext log
INFO: ContextListener: contextInitialized()
Apr 08, 2019 6:49:19 PM org.apache.catalina.core.ApplicationContext log
INFO: SessionListener: contextInitialized()
Apr 08, 2019 6:49:19 PM org.apache.catalina.core.ApplicationContext log
INFO: ContextListener: attributeAdded('StockTicker', 'async.Stockticker@1f3f839d')
Apr 08, 2019 6:49:19 PM org.apache.catalina.core.ApplicationContext log
INFO: ContextListener: attributeAdded('org.apache.jasper.compiler.TldLocationsCache', 'org.apache.jasper.compiler.TldLocationsCache@3ceb4d25')
Apr 08, 2019 6:50:32 PM org.apache.catalina.core.ApplicationContext log
INFO: SessionListener: contextDestroyed()
Apr 08, 2019 6:50:32 PM org.apache.catalina.core.ApplicationContext log
INFO: ContextListener: contextDestroyed()
