Apr 25, 2019 10:05:11 PM org.apache.catalina.startup.VersionLoggerListener log
INFO: Server version:        Apache Tomcat/7.0.93
Apr 25, 2019 10:05:11 PM org.apache.catalina.startup.VersionLoggerListener log
INFO: Server built:          Feb 16 2019 17:13:17 UTC
Apr 25, 2019 10:05:11 PM org.apache.catalina.startup.VersionLoggerListener log
INFO: Server number:         7.0.93.0
Apr 25, 2019 10:05:11 PM org.apache.catalina.startup.VersionLoggerListener log
INFO: OS Name:               Windows 10
Apr 25, 2019 10:05:11 PM org.apache.catalina.startup.VersionLoggerListener log
INFO: OS Version:            10.0
Apr 25, 2019 10:05:11 PM org.apache.catalina.startup.VersionLoggerListener log
INFO: Architecture:          amd64
Apr 25, 2019 10:05:11 PM org.apache.catalina.startup.VersionLoggerListener log
INFO: Java Home:             C:\Program Files\Java\JDK\jre
Apr 25, 2019 10:05:11 PM org.apache.catalina.startup.VersionLoggerListener log
INFO: JVM Version:           1.8.0_144-b01
Apr 25, 2019 10:05:11 PM org.apache.catalina.startup.VersionLoggerListener log
INFO: JVM Vendor:            Oracle Corporation
Apr 25, 2019 10:05:11 PM org.apache.catalina.startup.VersionLoggerListener log
INFO: CATALINA_BASE:         C:\Users\CJR5662\Documents\Net\ReservationService\tomcat\tomcathome
Apr 25, 2019 10:05:11 PM org.apache.catalina.startup.VersionLoggerListener log
INFO: CATALINA_HOME:         C:\Users\CJR5662\Documents\Net\ReservationService\tomcat\tomcathome
Apr 25, 2019 10:05:11 PM org.apache.catalina.startup.VersionLoggerListener log
INFO: Command line argument: -Djava.util.logging.config.file=C:\Users\CJR5662\Documents\Net\ReservationService\tomcat\tomcathome\conf\logging.properties
Apr 25, 2019 10:05:11 PM org.apache.catalina.startup.VersionLoggerListener log
INFO: Command line argument: -Djava.util.logging.manager=org.apache.juli.ClassLoaderLogManager
Apr 25, 2019 10:05:11 PM org.apache.catalina.startup.VersionLoggerListener log
INFO: Command line argument: -Dhttp.nonProxyHosts=localhost|127.0.0.1|REMOTE92
Apr 25, 2019 10:05:11 PM org.apache.catalina.startup.VersionLoggerListener log
INFO: Command line argument: -Djdk.tls.ephemeralDHKeySize=2048
Apr 25, 2019 10:05:11 PM org.apache.catalina.startup.VersionLoggerListener log
INFO: Command line argument: -Dignore.endorsed.dirs=
Apr 25, 2019 10:05:11 PM org.apache.catalina.startup.VersionLoggerListener log
INFO: Command line argument: -Dcatalina.base=C:\Users\CJR5662\Documents\Net\ReservationService\tomcat\tomcathome
Apr 25, 2019 10:05:11 PM org.apache.catalina.startup.VersionLoggerListener log
INFO: Command line argument: -Dcatalina.home=C:\Users\CJR5662\Documents\Net\ReservationService\tomcat\tomcathome
Apr 25, 2019 10:05:11 PM org.apache.catalina.startup.VersionLoggerListener log
INFO: Command line argument: -Djava.io.tmpdir=C:\Users\CJR5662\Documents\Net\ReservationService\tomcat\tomcathome\temp
Apr 25, 2019 10:05:11 PM org.apache.catalina.core.AprLifecycleListener lifecycleEvent
INFO: Loaded APR based Apache Tomcat Native library 1.2.21 using APR version 1.6.5.
Apr 25, 2019 10:05:11 PM org.apache.catalina.core.AprLifecycleListener lifecycleEvent
INFO: APR capabilities: IPv6 [true], sendfile [true], accept filters [false], random [true].
Apr 25, 2019 10:05:11 PM org.apache.catalina.core.AprLifecycleListener initializeSSL
INFO: OpenSSL successfully initialized (OpenSSL 1.1.1a  20 Nov 2018)
Apr 25, 2019 10:05:11 PM org.apache.coyote.AbstractProtocol init
INFO: Initializing ProtocolHandler ["http-apr-8080"]
Apr 25, 2019 10:05:11 PM org.apache.coyote.AbstractProtocol init
INFO: Initializing ProtocolHandler ["http-nio-8443"]
Apr 25, 2019 10:05:12 PM org.apache.tomcat.util.net.NioSelectorPool getSharedSelector
INFO: Using a shared selector for servlet write/read
Apr 25, 2019 10:05:12 PM org.apache.coyote.AbstractProtocol init
INFO: Initializing ProtocolHandler ["ajp-apr-8009"]
Apr 25, 2019 10:05:12 PM org.apache.catalina.startup.Catalina load
INFO: Initialization processed in 1093 ms
Apr 25, 2019 10:05:12 PM org.apache.catalina.core.StandardService startInternal
INFO: Starting service Catalina
Apr 25, 2019 10:05:12 PM org.apache.catalina.core.StandardEngine startInternal
INFO: Starting Servlet Engine: Apache Tomcat/7.0.93
Apr 25, 2019 10:05:12 PM org.apache.catalina.startup.HostConfig deployWAR
INFO: Deploying web application archive C:\Users\CJR5662\Documents\Net\ReservationService\tomcat\tomcathome\webapps\calc.war
Apr 25, 2019 10:05:13 PM org.apache.catalina.startup.TldConfig execute
INFO: At least one JAR was scanned for TLDs yet contained no TLDs. Enable debug logging for this logger for a complete list of JARs that were scanned but no TLDs were found in them. Skipping unneeded JARs during scanning can improve startup time and JSP compilation time.
Apr 25, 2019 10:05:13 PM org.apache.catalina.startup.HostConfig deployWAR
INFO: Deployment of web application archive C:\Users\CJR5662\Documents\Net\ReservationService\tomcat\tomcathome\webapps\calc.war has finished in 1,055 ms
Apr 25, 2019 10:05:13 PM org.apache.catalina.startup.HostConfig deployWAR
INFO: Deploying web application archive C:\Users\CJR5662\Documents\Net\ReservationService\tomcat\tomcathome\webapps\database_service.war
Apr 25, 2019 10:05:13 PM org.apache.catalina.startup.TldConfig execute
INFO: At least one JAR was scanned for TLDs yet contained no TLDs. Enable debug logging for this logger for a complete list of JARs that were scanned but no TLDs were found in them. Skipping unneeded JARs during scanning can improve startup time and JSP compilation time.
Apr 25, 2019 10:05:14 PM org.apache.catalina.startup.HostConfig deployWAR
INFO: Deployment of web application archive C:\Users\CJR5662\Documents\Net\ReservationService\tomcat\tomcathome\webapps\database_service.war has finished in 709 ms
Apr 25, 2019 10:05:14 PM org.apache.catalina.startup.HostConfig deployWAR
INFO: Deploying web application archive C:\Users\CJR5662\Documents\Net\ReservationService\tomcat\tomcathome\webapps\flight_service.war
Apr 25, 2019 10:05:14 PM org.apache.catalina.startup.TldConfig execute
INFO: At least one JAR was scanned for TLDs yet contained no TLDs. Enable debug logging for this logger for a complete list of JARs that were scanned but no TLDs were found in them. Skipping unneeded JARs during scanning can improve startup time and JSP compilation time.
Apr 25, 2019 10:05:14 PM org.apache.catalina.startup.HostConfig deployWAR
INFO: Deployment of web application archive C:\Users\CJR5662\Documents\Net\ReservationService\tomcat\tomcathome\webapps\flight_service.war has finished in 337 ms
Apr 25, 2019 10:05:14 PM org.apache.catalina.startup.HostConfig deployWAR
INFO: Deploying web application archive C:\Users\CJR5662\Documents\Net\ReservationService\tomcat\tomcathome\webapps\hotel_service.war
Apr 25, 2019 10:05:14 PM org.apache.catalina.startup.TldConfig execute
INFO: At least one JAR was scanned for TLDs yet contained no TLDs. Enable debug logging for this logger for a complete list of JARs that were scanned but no TLDs were found in them. Skipping unneeded JARs during scanning can improve startup time and JSP compilation time.
Apr 25, 2019 10:05:14 PM org.apache.catalina.startup.HostConfig deployWAR
INFO: Deployment of web application archive C:\Users\CJR5662\Documents\Net\ReservationService\tomcat\tomcathome\webapps\hotel_service.war has finished in 349 ms
Apr 25, 2019 10:05:14 PM org.apache.catalina.startup.HostConfig deployWAR
INFO: Deploying web application archive C:\Users\CJR5662\Documents\Net\ReservationService\tomcat\tomcathome\webapps\orchestrator_service.war
Apr 25, 2019 10:05:15 PM org.apache.catalina.startup.TldConfig execute
INFO: At least one JAR was scanned for TLDs yet contained no TLDs. Enable debug logging for this logger for a complete list of JARs that were scanned but no TLDs were found in them. Skipping unneeded JARs during scanning can improve startup time and JSP compilation time.
Apr 25, 2019 10:05:15 PM org.apache.catalina.startup.HostConfig deployWAR
INFO: Deployment of web application archive C:\Users\CJR5662\Documents\Net\ReservationService\tomcat\tomcathome\webapps\orchestrator_service.war has finished in 335 ms
Apr 25, 2019 10:05:15 PM org.apache.catalina.startup.HostConfig deployWAR
INFO: Deploying web application archive C:\Users\CJR5662\Documents\Net\ReservationService\tomcat\tomcathome\webapps\vehicle_service.war
Apr 25, 2019 10:05:15 PM org.apache.catalina.startup.TldConfig execute
INFO: At least one JAR was scanned for TLDs yet contained no TLDs. Enable debug logging for this logger for a complete list of JARs that were scanned but no TLDs were found in them. Skipping unneeded JARs during scanning can improve startup time and JSP compilation time.
Apr 25, 2019 10:05:15 PM org.apache.catalina.startup.HostConfig deployWAR
INFO: Deployment of web application archive C:\Users\CJR5662\Documents\Net\ReservationService\tomcat\tomcathome\webapps\vehicle_service.war has finished in 307 ms
Apr 25, 2019 10:05:15 PM org.apache.catalina.startup.HostConfig deployDirectory
INFO: Deploying web application directory C:\Users\CJR5662\Documents\Net\ReservationService\tomcat\tomcathome\webapps\docs
Apr 25, 2019 10:05:15 PM org.apache.catalina.startup.TldConfig execute
INFO: At least one JAR was scanned for TLDs yet contained no TLDs. Enable debug logging for this logger for a complete list of JARs that were scanned but no TLDs were found in them. Skipping unneeded JARs during scanning can improve startup time and JSP compilation time.
Apr 25, 2019 10:05:15 PM org.apache.catalina.startup.HostConfig deployDirectory
INFO: Deployment of web application directory C:\Users\CJR5662\Documents\Net\ReservationService\tomcat\tomcathome\webapps\docs has finished in 244 ms
Apr 25, 2019 10:05:15 PM org.apache.catalina.startup.HostConfig deployDirectory
INFO: Deploying web application directory C:\Users\CJR5662\Documents\Net\ReservationService\tomcat\tomcathome\webapps\examples
Apr 25, 2019 10:05:16 PM org.apache.catalina.startup.TldConfig execute
INFO: At least one JAR was scanned for TLDs yet contained no TLDs. Enable debug logging for this logger for a complete list of JARs that were scanned but no TLDs were found in them. Skipping unneeded JARs during scanning can improve startup time and JSP compilation time.
Apr 25, 2019 10:05:16 PM org.apache.catalina.startup.HostConfig deployDirectory
INFO: Deployment of web application directory C:\Users\CJR5662\Documents\Net\ReservationService\tomcat\tomcathome\webapps\examples has finished in 488 ms
Apr 25, 2019 10:05:16 PM org.apache.catalina.startup.HostConfig deployDirectory
INFO: Deploying web application directory C:\Users\CJR5662\Documents\Net\ReservationService\tomcat\tomcathome\webapps\host-manager
Apr 25, 2019 10:05:16 PM org.apache.catalina.startup.TldConfig execute
INFO: At least one JAR was scanned for TLDs yet contained no TLDs. Enable debug logging for this logger for a complete list of JARs that were scanned but no TLDs were found in them. Skipping unneeded JARs during scanning can improve startup time and JSP compilation time.
Apr 25, 2019 10:05:16 PM org.apache.catalina.startup.HostConfig deployDirectory
INFO: Deployment of web application directory C:\Users\CJR5662\Documents\Net\ReservationService\tomcat\tomcathome\webapps\host-manager has finished in 347 ms
Apr 25, 2019 10:05:16 PM org.apache.catalina.startup.HostConfig deployDirectory
INFO: Deploying web application directory C:\Users\CJR5662\Documents\Net\ReservationService\tomcat\tomcathome\webapps\manager
Apr 25, 2019 10:05:16 PM org.apache.catalina.startup.TldConfig execute
INFO: At least one JAR was scanned for TLDs yet contained no TLDs. Enable debug logging for this logger for a complete list of JARs that were scanned but no TLDs were found in them. Skipping unneeded JARs during scanning can improve startup time and JSP compilation time.
Apr 25, 2019 10:05:16 PM org.apache.catalina.startup.HostConfig deployDirectory
INFO: Deployment of web application directory C:\Users\CJR5662\Documents\Net\ReservationService\tomcat\tomcathome\webapps\manager has finished in 239 ms
Apr 25, 2019 10:05:16 PM org.apache.catalina.startup.HostConfig deployDirectory
INFO: Deploying web application directory C:\Users\CJR5662\Documents\Net\ReservationService\tomcat\tomcathome\webapps\ROOT
Apr 25, 2019 10:05:16 PM org.apache.catalina.startup.TldConfig execute
INFO: At least one JAR was scanned for TLDs yet contained no TLDs. Enable debug logging for this logger for a complete list of JARs that were scanned but no TLDs were found in them. Skipping unneeded JARs during scanning can improve startup time and JSP compilation time.
Apr 25, 2019 10:05:16 PM org.apache.catalina.startup.HostConfig deployDirectory
INFO: Deployment of web application directory C:\Users\CJR5662\Documents\Net\ReservationService\tomcat\tomcathome\webapps\ROOT has finished in 234 ms
Apr 25, 2019 10:05:16 PM org.apache.coyote.AbstractProtocol start
INFO: Starting ProtocolHandler ["http-apr-8080"]
Apr 25, 2019 10:05:16 PM org.apache.coyote.AbstractProtocol start
INFO: Starting ProtocolHandler ["http-nio-8443"]
Apr 25, 2019 10:05:16 PM org.apache.coyote.AbstractProtocol start
INFO: Starting ProtocolHandler ["ajp-apr-8009"]
Apr 25, 2019 10:05:16 PM org.apache.catalina.startup.Catalina start
INFO: Server startup in 4802 ms
Apr 25, 2019 10:05:45 PM services.orchestrator_service.Client.UUIDHandler getHeaders
INFO: getHeaders
Apr 25, 2019 10:05:45 PM services.orchestrator_service.Client.UUIDHandler handleMessage
INFO: handleMessage
Apr 25, 2019 10:05:46 PM services.orchestrator_service.Client.UUIDHandler handleMessage
INFO: handleMessage
Apr 25, 2019 10:05:46 PM services.orchestrator_service.Client.UUIDHandler close
INFO: close
Apr 25, 2019 10:06:21 PM services.orchestrator_service.Client.UUIDHandler getHeaders
INFO: getHeaders
Apr 25, 2019 10:06:21 PM services.orchestrator_service.Client.UUIDHandler handleMessage
INFO: handleMessage
Apr 25, 2019 10:06:21 PM services.orchestrator_service.Client.UUIDHandler handleFault
INFO: handleFault
Apr 25, 2019 10:06:21 PM services.orchestrator_service.Client.UUIDHandler close
INFO: close
Apr 25, 2019 10:06:22 PM services.orchestrator_service.Client.UUIDHandler getHeaders
INFO: getHeaders
Apr 25, 2019 10:06:22 PM services.orchestrator_service.Client.UUIDHandler handleMessage
INFO: handleMessage
Apr 25, 2019 10:06:22 PM services.orchestrator_service.Client.UUIDHandler handleFault
INFO: handleFault
Apr 25, 2019 10:06:22 PM services.orchestrator_service.Client.UUIDHandler close
INFO: close
Apr 25, 2019 10:06:28 PM org.apache.coyote.http11.AbstractHttp11Processor process
INFO: Error parsing HTTP request header
 Note: further occurrences of HTTP header parsing errors will be logged at DEBUG level.
java.lang.IllegalArgumentException: Invalid character found in the HTTP protocol
	at org.apache.coyote.http11.InternalNioInputBuffer.parseRequestLine(InternalNioInputBuffer.java:380)
	at org.apache.coyote.http11.AbstractHttp11Processor.process(AbstractHttp11Processor.java:1050)
	at org.apache.coyote.AbstractProtocol$AbstractConnectionHandler.process(AbstractProtocol.java:637)
	at org.apache.tomcat.util.net.NioEndpoint$SocketProcessor.doRun(NioEndpoint.java:1780)
	at org.apache.tomcat.util.net.NioEndpoint$SocketProcessor.run(NioEndpoint.java:1739)
	at java.util.concurrent.ThreadPoolExecutor.runWorker(ThreadPoolExecutor.java:1149)
	at java.util.concurrent.ThreadPoolExecutor$Worker.run(ThreadPoolExecutor.java:624)
	at org.apache.tomcat.util.threads.TaskThread$WrappingRunnable.run(TaskThread.java:61)
	at java.lang.Thread.run(Thread.java:748)

Apr 25, 2019 10:06:31 PM services.orchestrator_service.Client.UUIDHandler getHeaders
INFO: getHeaders
Apr 25, 2019 10:06:31 PM services.orchestrator_service.Client.UUIDHandler handleMessage
INFO: handleMessage
Apr 25, 2019 10:06:31 PM services.orchestrator_service.Client.UUIDHandler handleMessage
INFO: handleMessage
Apr 25, 2019 10:06:31 PM services.orchestrator_service.Client.UUIDHandler close
INFO: close
Apr 25, 2019 10:08:17 PM org.apache.catalina.core.StandardServer await
INFO: A valid shutdown command was received via the shutdown port. Stopping the Server instance.
Apr 25, 2019 10:08:17 PM org.apache.coyote.AbstractProtocol pause
INFO: Pausing ProtocolHandler ["http-apr-8080"]
Apr 25, 2019 10:08:17 PM org.apache.coyote.AbstractProtocol pause
INFO: Pausing ProtocolHandler ["http-nio-8443"]
Apr 25, 2019 10:08:17 PM org.apache.coyote.AbstractProtocol pause
INFO: Pausing ProtocolHandler ["ajp-apr-8009"]
Apr 25, 2019 10:08:17 PM org.apache.catalina.core.StandardService stopInternal
INFO: Stopping service Catalina
Apr 25, 2019 10:08:17 PM org.apache.coyote.AbstractProtocol stop
INFO: Stopping ProtocolHandler ["http-apr-8080"]
Apr 25, 2019 10:08:17 PM org.apache.coyote.AbstractProtocol stop
INFO: Stopping ProtocolHandler ["http-nio-8443"]
Apr 25, 2019 10:08:17 PM org.apache.coyote.AbstractProtocol stop
INFO: Stopping ProtocolHandler ["ajp-apr-8009"]
Apr 25, 2019 10:08:17 PM org.apache.coyote.AbstractProtocol destroy
INFO: Destroying ProtocolHandler ["http-apr-8080"]
Apr 25, 2019 10:08:17 PM org.apache.coyote.AbstractProtocol destroy
INFO: Destroying ProtocolHandler ["http-nio-8443"]
Apr 25, 2019 10:08:17 PM org.apache.coyote.AbstractProtocol destroy
INFO: Destroying ProtocolHandler ["ajp-apr-8009"]
Apr 25, 2019 10:34:47 PM org.apache.catalina.startup.VersionLoggerListener log
INFO: Server version:        Apache Tomcat/7.0.93
Apr 25, 2019 10:34:47 PM org.apache.catalina.startup.VersionLoggerListener log
INFO: Server built:          Feb 16 2019 17:13:17 UTC
Apr 25, 2019 10:34:47 PM org.apache.catalina.startup.VersionLoggerListener log
INFO: Server number:         7.0.93.0
Apr 25, 2019 10:34:47 PM org.apache.catalina.startup.VersionLoggerListener log
INFO: OS Name:               Windows 10
Apr 25, 2019 10:34:47 PM org.apache.catalina.startup.VersionLoggerListener log
INFO: OS Version:            10.0
Apr 25, 2019 10:34:47 PM org.apache.catalina.startup.VersionLoggerListener log
INFO: Architecture:          amd64
Apr 25, 2019 10:34:47 PM org.apache.catalina.startup.VersionLoggerListener log
INFO: Java Home:             C:\Program Files\Java\JDK\jre
Apr 25, 2019 10:34:47 PM org.apache.catalina.startup.VersionLoggerListener log
INFO: JVM Version:           1.8.0_144-b01
Apr 25, 2019 10:34:47 PM org.apache.catalina.startup.VersionLoggerListener log
INFO: JVM Vendor:            Oracle Corporation
Apr 25, 2019 10:34:47 PM org.apache.catalina.startup.VersionLoggerListener log
INFO: CATALINA_BASE:         C:\Users\CJR5662\Documents\Net\ReservationService\tomcat\tomcathome
Apr 25, 2019 10:34:47 PM org.apache.catalina.startup.VersionLoggerListener log
INFO: CATALINA_HOME:         C:\Users\CJR5662\Documents\Net\ReservationService\tomcat\tomcathome
Apr 25, 2019 10:34:47 PM org.apache.catalina.startup.VersionLoggerListener log
INFO: Command line argument: -Djava.util.logging.config.file=C:\Users\CJR5662\Documents\Net\ReservationService\tomcat\tomcathome\conf\logging.properties
Apr 25, 2019 10:34:47 PM org.apache.catalina.startup.VersionLoggerListener log
INFO: Command line argument: -Djava.util.logging.manager=org.apache.juli.ClassLoaderLogManager
Apr 25, 2019 10:34:47 PM org.apache.catalina.startup.VersionLoggerListener log
INFO: Command line argument: -Dhttp.nonProxyHosts=localhost|127.0.0.1|REMOTE92
Apr 25, 2019 10:34:47 PM org.apache.catalina.startup.VersionLoggerListener log
INFO: Command line argument: -Djdk.tls.ephemeralDHKeySize=2048
Apr 25, 2019 10:34:47 PM org.apache.catalina.startup.VersionLoggerListener log
INFO: Command line argument: -Dignore.endorsed.dirs=
Apr 25, 2019 10:34:47 PM org.apache.catalina.startup.VersionLoggerListener log
INFO: Command line argument: -Dcatalina.base=C:\Users\CJR5662\Documents\Net\ReservationService\tomcat\tomcathome
Apr 25, 2019 10:34:47 PM org.apache.catalina.startup.VersionLoggerListener log
INFO: Command line argument: -Dcatalina.home=C:\Users\CJR5662\Documents\Net\ReservationService\tomcat\tomcathome
Apr 25, 2019 10:34:47 PM org.apache.catalina.startup.VersionLoggerListener log
INFO: Command line argument: -Djava.io.tmpdir=C:\Users\CJR5662\Documents\Net\ReservationService\tomcat\tomcathome\temp
Apr 25, 2019 10:34:47 PM org.apache.catalina.core.AprLifecycleListener lifecycleEvent
INFO: Loaded APR based Apache Tomcat Native library 1.2.21 using APR version 1.6.5.
Apr 25, 2019 10:34:47 PM org.apache.catalina.core.AprLifecycleListener lifecycleEvent
INFO: APR capabilities: IPv6 [true], sendfile [true], accept filters [false], random [true].
Apr 25, 2019 10:34:47 PM org.apache.catalina.core.AprLifecycleListener initializeSSL
INFO: OpenSSL successfully initialized (OpenSSL 1.1.1a  20 Nov 2018)
Apr 25, 2019 10:34:47 PM org.apache.coyote.AbstractProtocol init
INFO: Initializing ProtocolHandler ["http-apr-8080"]
Apr 25, 2019 10:34:47 PM org.apache.coyote.AbstractProtocol init
INFO: Initializing ProtocolHandler ["http-nio-8443"]
Apr 25, 2019 10:34:47 PM org.apache.tomcat.util.net.NioSelectorPool getSharedSelector
INFO: Using a shared selector for servlet write/read
Apr 25, 2019 10:34:47 PM org.apache.coyote.AbstractProtocol init
INFO: Initializing ProtocolHandler ["ajp-apr-8009"]
Apr 25, 2019 10:34:47 PM org.apache.catalina.startup.Catalina load
INFO: Initialization processed in 757 ms
Apr 25, 2019 10:34:47 PM org.apache.catalina.core.StandardService startInternal
INFO: Starting service Catalina
Apr 25, 2019 10:34:47 PM org.apache.catalina.core.StandardEngine startInternal
INFO: Starting Servlet Engine: Apache Tomcat/7.0.93
Apr 25, 2019 10:34:48 PM org.apache.catalina.startup.HostConfig deployWAR
INFO: Deploying web application archive C:\Users\CJR5662\Documents\Net\ReservationService\tomcat\tomcathome\webapps\calc.war
Apr 25, 2019 10:34:48 PM org.apache.catalina.startup.TldConfig execute
INFO: At least one JAR was scanned for TLDs yet contained no TLDs. Enable debug logging for this logger for a complete list of JARs that were scanned but no TLDs were found in them. Skipping unneeded JARs during scanning can improve startup time and JSP compilation time.
Apr 25, 2019 10:34:48 PM org.apache.catalina.startup.HostConfig deployWAR
INFO: Deployment of web application archive C:\Users\CJR5662\Documents\Net\ReservationService\tomcat\tomcathome\webapps\calc.war has finished in 689 ms
Apr 25, 2019 10:34:48 PM org.apache.catalina.startup.HostConfig deployWAR
INFO: Deploying web application archive C:\Users\CJR5662\Documents\Net\ReservationService\tomcat\tomcathome\webapps\database_service.war
Apr 25, 2019 10:34:49 PM org.apache.catalina.startup.TldConfig execute
INFO: At least one JAR was scanned for TLDs yet contained no TLDs. Enable debug logging for this logger for a complete list of JARs that were scanned but no TLDs were found in them. Skipping unneeded JARs during scanning can improve startup time and JSP compilation time.
Apr 25, 2019 10:34:49 PM org.apache.catalina.startup.HostConfig deployWAR
INFO: Deployment of web application archive C:\Users\CJR5662\Documents\Net\ReservationService\tomcat\tomcathome\webapps\database_service.war has finished in 829 ms
Apr 25, 2019 10:34:49 PM org.apache.catalina.startup.HostConfig deployWAR
INFO: Deploying web application archive C:\Users\CJR5662\Documents\Net\ReservationService\tomcat\tomcathome\webapps\flight_service.war
Apr 25, 2019 10:34:49 PM org.apache.catalina.startup.TldConfig execute
INFO: At least one JAR was scanned for TLDs yet contained no TLDs. Enable debug logging for this logger for a complete list of JARs that were scanned but no TLDs were found in them. Skipping unneeded JARs during scanning can improve startup time and JSP compilation time.
Apr 25, 2019 10:34:49 PM org.apache.catalina.startup.HostConfig deployWAR
INFO: Deployment of web application archive C:\Users\CJR5662\Documents\Net\ReservationService\tomcat\tomcathome\webapps\flight_service.war has finished in 336 ms
Apr 25, 2019 10:34:49 PM org.apache.catalina.startup.HostConfig deployWAR
INFO: Deploying web application archive C:\Users\CJR5662\Documents\Net\ReservationService\tomcat\tomcathome\webapps\hotel_service.war
Apr 25, 2019 10:34:50 PM org.apache.catalina.startup.TldConfig execute
INFO: At least one JAR was scanned for TLDs yet contained no TLDs. Enable debug logging for this logger for a complete list of JARs that were scanned but no TLDs were found in them. Skipping unneeded JARs during scanning can improve startup time and JSP compilation time.
Apr 25, 2019 10:34:50 PM org.apache.catalina.startup.HostConfig deployWAR
INFO: Deployment of web application archive C:\Users\CJR5662\Documents\Net\ReservationService\tomcat\tomcathome\webapps\hotel_service.war has finished in 348 ms
Apr 25, 2019 10:34:50 PM org.apache.catalina.startup.HostConfig deployWAR
INFO: Deploying web application archive C:\Users\CJR5662\Documents\Net\ReservationService\tomcat\tomcathome\webapps\orchestrator_service.war
Apr 25, 2019 10:34:50 PM org.apache.catalina.startup.TldConfig execute
INFO: At least one JAR was scanned for TLDs yet contained no TLDs. Enable debug logging for this logger for a complete list of JARs that were scanned but no TLDs were found in them. Skipping unneeded JARs during scanning can improve startup time and JSP compilation time.
Apr 25, 2019 10:34:50 PM org.apache.catalina.startup.HostConfig deployWAR
INFO: Deployment of web application archive C:\Users\CJR5662\Documents\Net\ReservationService\tomcat\tomcathome\webapps\orchestrator_service.war has finished in 348 ms
Apr 25, 2019 10:34:50 PM org.apache.catalina.startup.HostConfig deployWAR
INFO: Deploying web application archive C:\Users\CJR5662\Documents\Net\ReservationService\tomcat\tomcathome\webapps\vehicle_service.war
Apr 25, 2019 10:34:50 PM org.apache.catalina.startup.TldConfig execute
INFO: At least one JAR was scanned for TLDs yet contained no TLDs. Enable debug logging for this logger for a complete list of JARs that were scanned but no TLDs were found in them. Skipping unneeded JARs during scanning can improve startup time and JSP compilation time.
Apr 25, 2019 10:34:50 PM org.apache.catalina.startup.HostConfig deployWAR
INFO: Deployment of web application archive C:\Users\CJR5662\Documents\Net\ReservationService\tomcat\tomcathome\webapps\vehicle_service.war has finished in 344 ms
Apr 25, 2019 10:34:50 PM org.apache.catalina.startup.HostConfig deployDirectory
INFO: Deploying web application directory C:\Users\CJR5662\Documents\Net\ReservationService\tomcat\tomcathome\webapps\docs
Apr 25, 2019 10:34:51 PM org.apache.catalina.startup.TldConfig execute
INFO: At least one JAR was scanned for TLDs yet contained no TLDs. Enable debug logging for this logger for a complete list of JARs that were scanned but no TLDs were found in them. Skipping unneeded JARs during scanning can improve startup time and JSP compilation time.
Apr 25, 2019 10:34:51 PM org.apache.catalina.startup.HostConfig deployDirectory
INFO: Deployment of web application directory C:\Users\CJR5662\Documents\Net\ReservationService\tomcat\tomcathome\webapps\docs has finished in 277 ms
Apr 25, 2019 10:34:51 PM org.apache.catalina.startup.HostConfig deployDirectory
INFO: Deploying web application directory C:\Users\CJR5662\Documents\Net\ReservationService\tomcat\tomcathome\webapps\examples
Apr 25, 2019 10:34:51 PM org.apache.catalina.startup.TldConfig execute
INFO: At least one JAR was scanned for TLDs yet contained no TLDs. Enable debug logging for this logger for a complete list of JARs that were scanned but no TLDs were found in them. Skipping unneeded JARs during scanning can improve startup time and JSP compilation time.
Apr 25, 2019 10:34:51 PM org.apache.catalina.startup.HostConfig deployDirectory
INFO: Deployment of web application directory C:\Users\CJR5662\Documents\Net\ReservationService\tomcat\tomcathome\webapps\examples has finished in 500 ms
Apr 25, 2019 10:34:51 PM org.apache.catalina.startup.HostConfig deployDirectory
INFO: Deploying web application directory C:\Users\CJR5662\Documents\Net\ReservationService\tomcat\tomcathome\webapps\host-manager
Apr 25, 2019 10:34:52 PM org.apache.catalina.startup.TldConfig execute
INFO: At least one JAR was scanned for TLDs yet contained no TLDs. Enable debug logging for this logger for a complete list of JARs that were scanned but no TLDs were found in them. Skipping unneeded JARs during scanning can improve startup time and JSP compilation time.
Apr 25, 2019 10:34:52 PM org.apache.catalina.startup.HostConfig deployDirectory
INFO: Deployment of web application directory C:\Users\CJR5662\Documents\Net\ReservationService\tomcat\tomcathome\webapps\host-manager has finished in 347 ms
Apr 25, 2019 10:34:52 PM org.apache.catalina.startup.HostConfig deployDirectory
INFO: Deploying web application directory C:\Users\CJR5662\Documents\Net\ReservationService\tomcat\tomcathome\webapps\manager
Apr 25, 2019 10:34:52 PM org.apache.catalina.startup.TldConfig execute
INFO: At least one JAR was scanned for TLDs yet contained no TLDs. Enable debug logging for this logger for a complete list of JARs that were scanned but no TLDs were found in them. Skipping unneeded JARs during scanning can improve startup time and JSP compilation time.
Apr 25, 2019 10:34:52 PM org.apache.catalina.startup.HostConfig deployDirectory
INFO: Deployment of web application directory C:\Users\CJR5662\Documents\Net\ReservationService\tomcat\tomcathome\webapps\manager has finished in 243 ms
Apr 25, 2019 10:34:52 PM org.apache.catalina.startup.HostConfig deployDirectory
INFO: Deploying web application directory C:\Users\CJR5662\Documents\Net\ReservationService\tomcat\tomcathome\webapps\ROOT
Apr 25, 2019 10:34:52 PM org.apache.catalina.startup.TldConfig execute
INFO: At least one JAR was scanned for TLDs yet contained no TLDs. Enable debug logging for this logger for a complete list of JARs that were scanned but no TLDs were found in them. Skipping unneeded JARs during scanning can improve startup time and JSP compilation time.
Apr 25, 2019 10:34:52 PM org.apache.catalina.startup.HostConfig deployDirectory
INFO: Deployment of web application directory C:\Users\CJR5662\Documents\Net\ReservationService\tomcat\tomcathome\webapps\ROOT has finished in 231 ms
Apr 25, 2019 10:34:52 PM org.apache.coyote.AbstractProtocol start
INFO: Starting ProtocolHandler ["http-apr-8080"]
Apr 25, 2019 10:34:52 PM org.apache.coyote.AbstractProtocol start
INFO: Starting ProtocolHandler ["http-nio-8443"]
Apr 25, 2019 10:34:52 PM org.apache.coyote.AbstractProtocol start
INFO: Starting ProtocolHandler ["ajp-apr-8009"]
Apr 25, 2019 10:34:52 PM org.apache.catalina.startup.Catalina start
INFO: Server startup in 4672 ms
Apr 25, 2019 10:35:05 PM services.orchestrator_service.Client.UUIDHandler getHeaders
INFO: getHeaders
Apr 25, 2019 10:35:06 PM services.orchestrator_service.Client.UUIDHandler handleMessage
INFO: handleMessage
Apr 25, 2019 10:35:06 PM services.orchestrator_service.Client.UUIDHandler handleMessage
INFO: handleMessage
Apr 25, 2019 10:35:06 PM services.orchestrator_service.Client.UUIDHandler close
INFO: close
Apr 25, 2019 10:35:14 PM org.apache.coyote.http11.AbstractHttp11Processor process
INFO: Error parsing HTTP request header
 Note: further occurrences of HTTP header parsing errors will be logged at DEBUG level.
java.lang.IllegalArgumentException: Invalid character found in the request target. The valid characters are defined in RFC 7230 and RFC 3986
	at org.apache.coyote.http11.InternalNioInputBuffer.parseRequestLine(InternalNioInputBuffer.java:321)
	at org.apache.coyote.http11.AbstractHttp11Processor.process(AbstractHttp11Processor.java:1050)
	at org.apache.coyote.AbstractProtocol$AbstractConnectionHandler.process(AbstractProtocol.java:637)
	at org.apache.tomcat.util.net.NioEndpoint$SocketProcessor.doRun(NioEndpoint.java:1780)
	at org.apache.tomcat.util.net.NioEndpoint$SocketProcessor.run(NioEndpoint.java:1739)
	at java.util.concurrent.ThreadPoolExecutor.runWorker(ThreadPoolExecutor.java:1149)
	at java.util.concurrent.ThreadPoolExecutor$Worker.run(ThreadPoolExecutor.java:624)
	at org.apache.tomcat.util.threads.TaskThread$WrappingRunnable.run(TaskThread.java:61)
	at java.lang.Thread.run(Thread.java:748)

Apr 25, 2019 10:35:42 PM services.orchestrator_service.Client.UUIDHandler getHeaders
INFO: getHeaders
Apr 25, 2019 10:35:42 PM services.orchestrator_service.Client.UUIDHandler handleMessage
INFO: handleMessage
Apr 25, 2019 10:35:42 PM services.orchestrator_service.Client.UUIDHandler handleMessage
INFO: handleMessage
Apr 25, 2019 10:35:42 PM services.orchestrator_service.Client.UUIDHandler close
INFO: close
Apr 25, 2019 10:37:34 PM services.orchestrator_service.Client.UUIDHandler getHeaders
INFO: getHeaders
Apr 25, 2019 10:37:34 PM services.orchestrator_service.Client.UUIDHandler handleMessage
INFO: handleMessage
Apr 25, 2019 10:37:34 PM services.orchestrator_service.Client.UUIDHandler handleMessage
INFO: handleMessage
Apr 25, 2019 10:37:34 PM services.orchestrator_service.Client.UUIDHandler close
INFO: close
Apr 25, 2019 10:43:09 PM services.orchestrator_service.Client.UUIDHandler getHeaders
INFO: getHeaders
Apr 25, 2019 10:43:09 PM services.orchestrator_service.Client.UUIDHandler handleMessage
INFO: handleMessage
Apr 25, 2019 10:43:09 PM services.orchestrator_service.Client.UUIDHandler handleMessage
INFO: handleMessage
Apr 25, 2019 10:43:09 PM services.orchestrator_service.Client.UUIDHandler close
INFO: close
Apr 25, 2019 10:47:14 PM services.orchestrator_service.Client.UUIDHandler getHeaders
INFO: getHeaders
Apr 25, 2019 10:47:14 PM services.orchestrator_service.Client.UUIDHandler handleMessage
INFO: handleMessage
Apr 25, 2019 10:47:14 PM services.orchestrator_service.Client.UUIDHandler handleMessage
INFO: handleMessage
Apr 25, 2019 10:47:14 PM services.orchestrator_service.Client.UUIDHandler close
INFO: close
Apr 25, 2019 10:49:15 PM services.orchestrator_service.Client.UUIDHandler getHeaders
INFO: getHeaders
Apr 25, 2019 10:49:15 PM services.orchestrator_service.Client.UUIDHandler handleMessage
INFO: handleMessage
Apr 25, 2019 10:49:15 PM services.orchestrator_service.Client.UUIDHandler handleMessage
INFO: handleMessage
Apr 25, 2019 10:49:15 PM services.orchestrator_service.Client.UUIDHandler close
INFO: close
Apr 25, 2019 10:55:56 PM org.apache.catalina.core.StandardServer await
INFO: A valid shutdown command was received via the shutdown port. Stopping the Server instance.
Apr 25, 2019 10:55:56 PM org.apache.coyote.AbstractProtocol pause
INFO: Pausing ProtocolHandler ["http-apr-8080"]
Apr 25, 2019 10:55:56 PM org.apache.coyote.AbstractProtocol pause
INFO: Pausing ProtocolHandler ["http-nio-8443"]
Apr 25, 2019 10:55:56 PM org.apache.coyote.AbstractProtocol pause
INFO: Pausing ProtocolHandler ["ajp-apr-8009"]
Apr 25, 2019 10:55:56 PM org.apache.catalina.core.StandardService stopInternal
INFO: Stopping service Catalina
Apr 25, 2019 10:55:56 PM org.apache.coyote.AbstractProtocol stop
INFO: Stopping ProtocolHandler ["http-apr-8080"]
Apr 25, 2019 10:55:56 PM org.apache.coyote.AbstractProtocol stop
INFO: Stopping ProtocolHandler ["http-nio-8443"]
Apr 25, 2019 10:55:56 PM org.apache.coyote.AbstractProtocol stop
INFO: Stopping ProtocolHandler ["ajp-apr-8009"]
Apr 25, 2019 10:55:56 PM org.apache.coyote.AbstractProtocol destroy
INFO: Destroying ProtocolHandler ["http-apr-8080"]
Apr 25, 2019 10:55:56 PM org.apache.coyote.AbstractProtocol destroy
INFO: Destroying ProtocolHandler ["http-nio-8443"]
Apr 25, 2019 10:55:56 PM org.apache.coyote.AbstractProtocol destroy
INFO: Destroying ProtocolHandler ["ajp-apr-8009"]
Apr 25, 2019 10:56:20 PM org.apache.catalina.startup.VersionLoggerListener log
INFO: Server version:        Apache Tomcat/7.0.93
Apr 25, 2019 10:56:20 PM org.apache.catalina.startup.VersionLoggerListener log
INFO: Server built:          Feb 16 2019 17:13:17 UTC
Apr 25, 2019 10:56:20 PM org.apache.catalina.startup.VersionLoggerListener log
INFO: Server number:         7.0.93.0
Apr 25, 2019 10:56:20 PM org.apache.catalina.startup.VersionLoggerListener log
INFO: OS Name:               Windows 10
Apr 25, 2019 10:56:20 PM org.apache.catalina.startup.VersionLoggerListener log
INFO: OS Version:            10.0
Apr 25, 2019 10:56:20 PM org.apache.catalina.startup.VersionLoggerListener log
INFO: Architecture:          amd64
Apr 25, 2019 10:56:20 PM org.apache.catalina.startup.VersionLoggerListener log
INFO: Java Home:             C:\Program Files\Java\JDK\jre
Apr 25, 2019 10:56:20 PM org.apache.catalina.startup.VersionLoggerListener log
INFO: JVM Version:           1.8.0_144-b01
Apr 25, 2019 10:56:20 PM org.apache.catalina.startup.VersionLoggerListener log
INFO: JVM Vendor:            Oracle Corporation
Apr 25, 2019 10:56:20 PM org.apache.catalina.startup.VersionLoggerListener log
INFO: CATALINA_BASE:         C:\Users\CJR5662\Documents\Net\ReservationService\tomcat\tomcathome
Apr 25, 2019 10:56:20 PM org.apache.catalina.startup.VersionLoggerListener log
INFO: CATALINA_HOME:         C:\Users\CJR5662\Documents\Net\ReservationService\tomcat\tomcathome
Apr 25, 2019 10:56:20 PM org.apache.catalina.startup.VersionLoggerListener log
INFO: Command line argument: -Djava.util.logging.config.file=C:\Users\CJR5662\Documents\Net\ReservationService\tomcat\tomcathome\conf\logging.properties
Apr 25, 2019 10:56:20 PM org.apache.catalina.startup.VersionLoggerListener log
INFO: Command line argument: -Djava.util.logging.manager=org.apache.juli.ClassLoaderLogManager
Apr 25, 2019 10:56:20 PM org.apache.catalina.startup.VersionLoggerListener log
INFO: Command line argument: -Dhttp.nonProxyHosts=localhost|127.0.0.1|REMOTE92
Apr 25, 2019 10:56:20 PM org.apache.catalina.startup.VersionLoggerListener log
INFO: Command line argument: -Djdk.tls.ephemeralDHKeySize=2048
Apr 25, 2019 10:56:20 PM org.apache.catalina.startup.VersionLoggerListener log
INFO: Command line argument: -Dignore.endorsed.dirs=
Apr 25, 2019 10:56:20 PM org.apache.catalina.startup.VersionLoggerListener log
INFO: Command line argument: -Dcatalina.base=C:\Users\CJR5662\Documents\Net\ReservationService\tomcat\tomcathome
Apr 25, 2019 10:56:20 PM org.apache.catalina.startup.VersionLoggerListener log
INFO: Command line argument: -Dcatalina.home=C:\Users\CJR5662\Documents\Net\ReservationService\tomcat\tomcathome
Apr 25, 2019 10:56:20 PM org.apache.catalina.startup.VersionLoggerListener log
INFO: Command line argument: -Djava.io.tmpdir=C:\Users\CJR5662\Documents\Net\ReservationService\tomcat\tomcathome\temp
Apr 25, 2019 10:56:20 PM org.apache.catalina.core.AprLifecycleListener lifecycleEvent
INFO: Loaded APR based Apache Tomcat Native library 1.2.21 using APR version 1.6.5.
Apr 25, 2019 10:56:20 PM org.apache.catalina.core.AprLifecycleListener lifecycleEvent
INFO: APR capabilities: IPv6 [true], sendfile [true], accept filters [false], random [true].
Apr 25, 2019 10:56:20 PM org.apache.catalina.core.AprLifecycleListener initializeSSL
INFO: OpenSSL successfully initialized (OpenSSL 1.1.1a  20 Nov 2018)
Apr 25, 2019 10:56:20 PM org.apache.coyote.AbstractProtocol init
INFO: Initializing ProtocolHandler ["http-apr-8080"]
Apr 25, 2019 10:56:20 PM org.apache.coyote.AbstractProtocol init
INFO: Initializing ProtocolHandler ["http-nio-8443"]
Apr 25, 2019 10:56:21 PM org.apache.tomcat.util.net.NioSelectorPool getSharedSelector
INFO: Using a shared selector for servlet write/read
Apr 25, 2019 10:56:21 PM org.apache.coyote.AbstractProtocol init
INFO: Initializing ProtocolHandler ["ajp-apr-8009"]
Apr 25, 2019 10:56:21 PM org.apache.catalina.startup.Catalina load
INFO: Initialization processed in 798 ms
Apr 25, 2019 10:56:21 PM org.apache.catalina.core.StandardService startInternal
INFO: Starting service Catalina
Apr 25, 2019 10:56:21 PM org.apache.catalina.core.StandardEngine startInternal
INFO: Starting Servlet Engine: Apache Tomcat/7.0.93
Apr 25, 2019 10:56:21 PM org.apache.catalina.startup.HostConfig deployWAR
INFO: Deploying web application archive C:\Users\CJR5662\Documents\Net\ReservationService\tomcat\tomcathome\webapps\calc.war
Apr 25, 2019 10:56:21 PM org.apache.catalina.startup.TldConfig execute
INFO: At least one JAR was scanned for TLDs yet contained no TLDs. Enable debug logging for this logger for a complete list of JARs that were scanned but no TLDs were found in them. Skipping unneeded JARs during scanning can improve startup time and JSP compilation time.
Apr 25, 2019 10:56:21 PM org.apache.catalina.startup.HostConfig deployWAR
INFO: Deployment of web application archive C:\Users\CJR5662\Documents\Net\ReservationService\tomcat\tomcathome\webapps\calc.war has finished in 662 ms
Apr 25, 2019 10:56:21 PM org.apache.catalina.startup.HostConfig deployWAR
INFO: Deploying web application archive C:\Users\CJR5662\Documents\Net\ReservationService\tomcat\tomcathome\webapps\database_service.war
Apr 25, 2019 10:56:22 PM org.apache.catalina.startup.TldConfig execute
INFO: At least one JAR was scanned for TLDs yet contained no TLDs. Enable debug logging for this logger for a complete list of JARs that were scanned but no TLDs were found in them. Skipping unneeded JARs during scanning can improve startup time and JSP compilation time.
Apr 25, 2019 10:56:22 PM org.apache.catalina.startup.HostConfig deployWAR
INFO: Deployment of web application archive C:\Users\CJR5662\Documents\Net\ReservationService\tomcat\tomcathome\webapps\database_service.war has finished in 634 ms
Apr 25, 2019 10:56:22 PM org.apache.catalina.startup.HostConfig deployWAR
INFO: Deploying web application archive C:\Users\CJR5662\Documents\Net\ReservationService\tomcat\tomcathome\webapps\flight_service.war
Apr 25, 2019 10:56:22 PM org.apache.catalina.startup.TldConfig execute
INFO: At least one JAR was scanned for TLDs yet contained no TLDs. Enable debug logging for this logger for a complete list of JARs that were scanned but no TLDs were found in them. Skipping unneeded JARs during scanning can improve startup time and JSP compilation time.
Apr 25, 2019 10:56:22 PM org.apache.catalina.startup.HostConfig deployWAR
INFO: Deployment of web application archive C:\Users\CJR5662\Documents\Net\ReservationService\tomcat\tomcathome\webapps\flight_service.war has finished in 334 ms
Apr 25, 2019 10:56:22 PM org.apache.catalina.startup.HostConfig deployWAR
INFO: Deploying web application archive C:\Users\CJR5662\Documents\Net\ReservationService\tomcat\tomcathome\webapps\hotel_service.war
Apr 25, 2019 10:56:23 PM org.apache.catalina.startup.TldConfig execute
INFO: At least one JAR was scanned for TLDs yet contained no TLDs. Enable debug logging for this logger for a complete list of JARs that were scanned but no TLDs were found in them. Skipping unneeded JARs during scanning can improve startup time and JSP compilation time.
Apr 25, 2019 10:56:23 PM org.apache.catalina.startup.HostConfig deployWAR
INFO: Deployment of web application archive C:\Users\CJR5662\Documents\Net\ReservationService\tomcat\tomcathome\webapps\hotel_service.war has finished in 370 ms
Apr 25, 2019 10:56:23 PM org.apache.catalina.startup.HostConfig deployWAR
INFO: Deploying web application archive C:\Users\CJR5662\Documents\Net\ReservationService\tomcat\tomcathome\webapps\orchestrator_service.war
Apr 25, 2019 10:56:23 PM org.apache.catalina.startup.TldConfig execute
INFO: At least one JAR was scanned for TLDs yet contained no TLDs. Enable debug logging for this logger for a complete list of JARs that were scanned but no TLDs were found in them. Skipping unneeded JARs during scanning can improve startup time and JSP compilation time.
Apr 25, 2019 10:56:23 PM org.apache.catalina.startup.HostConfig deployWAR
INFO: Deployment of web application archive C:\Users\CJR5662\Documents\Net\ReservationService\tomcat\tomcathome\webapps\orchestrator_service.war has finished in 360 ms
Apr 25, 2019 10:56:23 PM org.apache.catalina.startup.HostConfig deployWAR
INFO: Deploying web application archive C:\Users\CJR5662\Documents\Net\ReservationService\tomcat\tomcathome\webapps\vehicle_service.war
Apr 25, 2019 10:56:23 PM org.apache.catalina.startup.TldConfig execute
INFO: At least one JAR was scanned for TLDs yet contained no TLDs. Enable debug logging for this logger for a complete list of JARs that were scanned but no TLDs were found in them. Skipping unneeded JARs during scanning can improve startup time and JSP compilation time.
Apr 25, 2019 10:56:23 PM org.apache.catalina.startup.HostConfig deployWAR
INFO: Deployment of web application archive C:\Users\CJR5662\Documents\Net\ReservationService\tomcat\tomcathome\webapps\vehicle_service.war has finished in 352 ms
Apr 25, 2019 10:56:23 PM org.apache.catalina.startup.HostConfig deployDirectory
INFO: Deploying web application directory C:\Users\CJR5662\Documents\Net\ReservationService\tomcat\tomcathome\webapps\docs
Apr 25, 2019 10:56:24 PM org.apache.catalina.startup.TldConfig execute
INFO: At least one JAR was scanned for TLDs yet contained no TLDs. Enable debug logging for this logger for a complete list of JARs that were scanned but no TLDs were found in them. Skipping unneeded JARs during scanning can improve startup time and JSP compilation time.
Apr 25, 2019 10:56:24 PM org.apache.catalina.startup.HostConfig deployDirectory
INFO: Deployment of web application directory C:\Users\CJR5662\Documents\Net\ReservationService\tomcat\tomcathome\webapps\docs has finished in 280 ms
Apr 25, 2019 10:56:24 PM org.apache.catalina.startup.HostConfig deployDirectory
INFO: Deploying web application directory C:\Users\CJR5662\Documents\Net\ReservationService\tomcat\tomcathome\webapps\examples
Apr 25, 2019 10:56:24 PM org.apache.catalina.startup.TldConfig execute
INFO: At least one JAR was scanned for TLDs yet contained no TLDs. Enable debug logging for this logger for a complete list of JARs that were scanned but no TLDs were found in them. Skipping unneeded JARs during scanning can improve startup time and JSP compilation time.
Apr 25, 2019 10:56:24 PM org.apache.catalina.startup.HostConfig deployDirectory
INFO: Deployment of web application directory C:\Users\CJR5662\Documents\Net\ReservationService\tomcat\tomcathome\webapps\examples has finished in 495 ms
Apr 25, 2019 10:56:24 PM org.apache.catalina.startup.HostConfig deployDirectory
INFO: Deploying web application directory C:\Users\CJR5662\Documents\Net\ReservationService\tomcat\tomcathome\webapps\host-manager
Apr 25, 2019 10:56:24 PM org.apache.catalina.startup.TldConfig execute
INFO: At least one JAR was scanned for TLDs yet contained no TLDs. Enable debug logging for this logger for a complete list of JARs that were scanned but no TLDs were found in them. Skipping unneeded JARs during scanning can improve startup time and JSP compilation time.
Apr 25, 2019 10:56:24 PM org.apache.catalina.startup.HostConfig deployDirectory
INFO: Deployment of web application directory C:\Users\CJR5662\Documents\Net\ReservationService\tomcat\tomcathome\webapps\host-manager has finished in 336 ms
Apr 25, 2019 10:56:24 PM org.apache.catalina.startup.HostConfig deployDirectory
INFO: Deploying web application directory C:\Users\CJR5662\Documents\Net\ReservationService\tomcat\tomcathome\webapps\manager
Apr 25, 2019 10:56:25 PM org.apache.catalina.startup.TldConfig execute
INFO: At least one JAR was scanned for TLDs yet contained no TLDs. Enable debug logging for this logger for a complete list of JARs that were scanned but no TLDs were found in them. Skipping unneeded JARs during scanning can improve startup time and JSP compilation time.
Apr 25, 2019 10:56:25 PM org.apache.catalina.startup.HostConfig deployDirectory
INFO: Deployment of web application directory C:\Users\CJR5662\Documents\Net\ReservationService\tomcat\tomcathome\webapps\manager has finished in 229 ms
Apr 25, 2019 10:56:25 PM org.apache.catalina.startup.HostConfig deployDirectory
INFO: Deploying web application directory C:\Users\CJR5662\Documents\Net\ReservationService\tomcat\tomcathome\webapps\ROOT
Apr 25, 2019 10:56:25 PM org.apache.catalina.startup.TldConfig execute
INFO: At least one JAR was scanned for TLDs yet contained no TLDs. Enable debug logging for this logger for a complete list of JARs that were scanned but no TLDs were found in them. Skipping unneeded JARs during scanning can improve startup time and JSP compilation time.
Apr 25, 2019 10:56:25 PM org.apache.catalina.startup.HostConfig deployDirectory
INFO: Deployment of web application directory C:\Users\CJR5662\Documents\Net\ReservationService\tomcat\tomcathome\webapps\ROOT has finished in 233 ms
Apr 25, 2019 10:56:25 PM org.apache.coyote.AbstractProtocol start
INFO: Starting ProtocolHandler ["http-apr-8080"]
Apr 25, 2019 10:56:25 PM org.apache.coyote.AbstractProtocol start
INFO: Starting ProtocolHandler ["http-nio-8443"]
Apr 25, 2019 10:56:25 PM org.apache.coyote.AbstractProtocol start
INFO: Starting ProtocolHandler ["ajp-apr-8009"]
Apr 25, 2019 10:56:25 PM org.apache.catalina.startup.Catalina start
INFO: Server startup in 4384 ms
Apr 25, 2019 10:57:24 PM services.orchestrator_service.Client.UUIDHandler getHeaders
INFO: getHeaders
Apr 25, 2019 10:57:24 PM services.orchestrator_service.Client.UUIDHandler handleMessage
INFO: handleMessage
Apr 25, 2019 10:57:24 PM services.orchestrator_service.Client.UUIDHandler handleMessage
INFO: handleMessage
Apr 25, 2019 10:57:24 PM services.orchestrator_service.Client.UUIDHandler close
INFO: close
Apr 25, 2019 10:58:09 PM org.apache.catalina.core.StandardServer await
INFO: A valid shutdown command was received via the shutdown port. Stopping the Server instance.
Apr 25, 2019 10:58:09 PM org.apache.coyote.AbstractProtocol pause
INFO: Pausing ProtocolHandler ["http-apr-8080"]
Apr 25, 2019 10:58:09 PM org.apache.coyote.AbstractProtocol pause
INFO: Pausing ProtocolHandler ["http-nio-8443"]
Apr 25, 2019 10:58:09 PM org.apache.coyote.AbstractProtocol pause
INFO: Pausing ProtocolHandler ["ajp-apr-8009"]
Apr 25, 2019 10:58:09 PM org.apache.catalina.core.StandardService stopInternal
INFO: Stopping service Catalina
Apr 25, 2019 10:58:09 PM org.apache.coyote.AbstractProtocol stop
INFO: Stopping ProtocolHandler ["http-apr-8080"]
Apr 25, 2019 10:58:09 PM org.apache.coyote.AbstractProtocol stop
INFO: Stopping ProtocolHandler ["http-nio-8443"]
Apr 25, 2019 10:58:09 PM org.apache.coyote.AbstractProtocol stop
INFO: Stopping ProtocolHandler ["ajp-apr-8009"]
Apr 25, 2019 10:58:09 PM org.apache.coyote.AbstractProtocol destroy
INFO: Destroying ProtocolHandler ["http-apr-8080"]
Apr 25, 2019 10:58:09 PM org.apache.coyote.AbstractProtocol destroy
INFO: Destroying ProtocolHandler ["http-nio-8443"]
Apr 25, 2019 10:58:09 PM org.apache.coyote.AbstractProtocol destroy
INFO: Destroying ProtocolHandler ["ajp-apr-8009"]
Apr 25, 2019 11:00:57 PM org.apache.catalina.startup.VersionLoggerListener log
INFO: Server version:        Apache Tomcat/7.0.93
Apr 25, 2019 11:00:57 PM org.apache.catalina.startup.VersionLoggerListener log
INFO: Server built:          Feb 16 2019 17:13:17 UTC
Apr 25, 2019 11:00:57 PM org.apache.catalina.startup.VersionLoggerListener log
INFO: Server number:         7.0.93.0
Apr 25, 2019 11:00:57 PM org.apache.catalina.startup.VersionLoggerListener log
INFO: OS Name:               Windows 10
Apr 25, 2019 11:00:57 PM org.apache.catalina.startup.VersionLoggerListener log
INFO: OS Version:            10.0
Apr 25, 2019 11:00:57 PM org.apache.catalina.startup.VersionLoggerListener log
INFO: Architecture:          amd64
Apr 25, 2019 11:00:57 PM org.apache.catalina.startup.VersionLoggerListener log
INFO: Java Home:             C:\Program Files\Java\JDK\jre
Apr 25, 2019 11:00:57 PM org.apache.catalina.startup.VersionLoggerListener log
INFO: JVM Version:           1.8.0_144-b01
Apr 25, 2019 11:00:57 PM org.apache.catalina.startup.VersionLoggerListener log
INFO: JVM Vendor:            Oracle Corporation
Apr 25, 2019 11:00:57 PM org.apache.catalina.startup.VersionLoggerListener log
INFO: CATALINA_BASE:         C:\Users\CJR5662\Documents\Net\ReservationService\tomcat\tomcathome
Apr 25, 2019 11:00:57 PM org.apache.catalina.startup.VersionLoggerListener log
INFO: CATALINA_HOME:         C:\Users\CJR5662\Documents\Net\ReservationService\tomcat\tomcathome
Apr 25, 2019 11:00:57 PM org.apache.catalina.startup.VersionLoggerListener log
INFO: Command line argument: -Djava.util.logging.config.file=C:\Users\CJR5662\Documents\Net\ReservationService\tomcat\tomcathome\conf\logging.properties
Apr 25, 2019 11:00:57 PM org.apache.catalina.startup.VersionLoggerListener log
INFO: Command line argument: -Djava.util.logging.manager=org.apache.juli.ClassLoaderLogManager
Apr 25, 2019 11:00:57 PM org.apache.catalina.startup.VersionLoggerListener log
INFO: Command line argument: -Dhttp.nonProxyHosts=localhost|127.0.0.1|REMOTE92
Apr 25, 2019 11:00:57 PM org.apache.catalina.startup.VersionLoggerListener log
INFO: Command line argument: -Djdk.tls.ephemeralDHKeySize=2048
Apr 25, 2019 11:00:57 PM org.apache.catalina.startup.VersionLoggerListener log
INFO: Command line argument: -Dignore.endorsed.dirs=
Apr 25, 2019 11:00:57 PM org.apache.catalina.startup.VersionLoggerListener log
INFO: Command line argument: -Dcatalina.base=C:\Users\CJR5662\Documents\Net\ReservationService\tomcat\tomcathome
Apr 25, 2019 11:00:57 PM org.apache.catalina.startup.VersionLoggerListener log
INFO: Command line argument: -Dcatalina.home=C:\Users\CJR5662\Documents\Net\ReservationService\tomcat\tomcathome
Apr 25, 2019 11:00:57 PM org.apache.catalina.startup.VersionLoggerListener log
INFO: Command line argument: -Djava.io.tmpdir=C:\Users\CJR5662\Documents\Net\ReservationService\tomcat\tomcathome\temp
Apr 25, 2019 11:00:57 PM org.apache.catalina.core.AprLifecycleListener lifecycleEvent
INFO: Loaded APR based Apache Tomcat Native library 1.2.21 using APR version 1.6.5.
Apr 25, 2019 11:00:57 PM org.apache.catalina.core.AprLifecycleListener lifecycleEvent
INFO: APR capabilities: IPv6 [true], sendfile [true], accept filters [false], random [true].
Apr 25, 2019 11:00:57 PM org.apache.catalina.core.AprLifecycleListener initializeSSL
INFO: OpenSSL successfully initialized (OpenSSL 1.1.1a  20 Nov 2018)
Apr 25, 2019 11:00:57 PM org.apache.coyote.AbstractProtocol init
INFO: Initializing ProtocolHandler ["http-apr-8080"]
Apr 25, 2019 11:00:57 PM org.apache.coyote.AbstractProtocol init
INFO: Initializing ProtocolHandler ["http-nio-8443"]
Apr 25, 2019 11:00:58 PM org.apache.tomcat.util.net.NioSelectorPool getSharedSelector
INFO: Using a shared selector for servlet write/read
Apr 25, 2019 11:00:58 PM org.apache.coyote.AbstractProtocol init
INFO: Initializing ProtocolHandler ["ajp-apr-8009"]
Apr 25, 2019 11:00:58 PM org.apache.catalina.startup.Catalina load
INFO: Initialization processed in 776 ms
Apr 25, 2019 11:00:58 PM org.apache.catalina.core.StandardService startInternal
INFO: Starting service Catalina
Apr 25, 2019 11:00:58 PM org.apache.catalina.core.StandardEngine startInternal
INFO: Starting Servlet Engine: Apache Tomcat/7.0.93
Apr 25, 2019 11:00:58 PM org.apache.catalina.startup.HostConfig deployWAR
INFO: Deploying web application archive C:\Users\CJR5662\Documents\Net\ReservationService\tomcat\tomcathome\webapps\calc.war
Apr 25, 2019 11:00:58 PM org.apache.catalina.startup.TldConfig execute
INFO: At least one JAR was scanned for TLDs yet contained no TLDs. Enable debug logging for this logger for a complete list of JARs that were scanned but no TLDs were found in them. Skipping unneeded JARs during scanning can improve startup time and JSP compilation time.
Apr 25, 2019 11:00:58 PM org.apache.catalina.startup.HostConfig deployWAR
INFO: Deployment of web application archive C:\Users\CJR5662\Documents\Net\ReservationService\tomcat\tomcathome\webapps\calc.war has finished in 692 ms
Apr 25, 2019 11:00:58 PM org.apache.catalina.startup.HostConfig deployWAR
INFO: Deploying web application archive C:\Users\CJR5662\Documents\Net\ReservationService\tomcat\tomcathome\webapps\database_service.war
Apr 25, 2019 11:00:59 PM org.apache.catalina.startup.TldConfig execute
INFO: At least one JAR was scanned for TLDs yet contained no TLDs. Enable debug logging for this logger for a complete list of JARs that were scanned but no TLDs were found in them. Skipping unneeded JARs during scanning can improve startup time and JSP compilation time.
Apr 25, 2019 11:00:59 PM org.apache.catalina.startup.HostConfig deployWAR
INFO: Deployment of web application archive C:\Users\CJR5662\Documents\Net\ReservationService\tomcat\tomcathome\webapps\database_service.war has finished in 658 ms
Apr 25, 2019 11:00:59 PM org.apache.catalina.startup.HostConfig deployWAR
INFO: Deploying web application archive C:\Users\CJR5662\Documents\Net\ReservationService\tomcat\tomcathome\webapps\flight_service.war
Apr 25, 2019 11:00:59 PM org.apache.catalina.startup.TldConfig execute
INFO: At least one JAR was scanned for TLDs yet contained no TLDs. Enable debug logging for this logger for a complete list of JARs that were scanned but no TLDs were found in them. Skipping unneeded JARs during scanning can improve startup time and JSP compilation time.
Apr 25, 2019 11:00:59 PM org.apache.catalina.startup.HostConfig deployWAR
INFO: Deployment of web application archive C:\Users\CJR5662\Documents\Net\ReservationService\tomcat\tomcathome\webapps\flight_service.war has finished in 337 ms
Apr 25, 2019 11:00:59 PM org.apache.catalina.startup.HostConfig deployWAR
INFO: Deploying web application archive C:\Users\CJR5662\Documents\Net\ReservationService\tomcat\tomcathome\webapps\hotel_service.war
Apr 25, 2019 11:01:00 PM org.apache.catalina.startup.TldConfig execute
INFO: At least one JAR was scanned for TLDs yet contained no TLDs. Enable debug logging for this logger for a complete list of JARs that were scanned but no TLDs were found in them. Skipping unneeded JARs during scanning can improve startup time and JSP compilation time.
Apr 25, 2019 11:01:00 PM org.apache.catalina.startup.HostConfig deployWAR
INFO: Deployment of web application archive C:\Users\CJR5662\Documents\Net\ReservationService\tomcat\tomcathome\webapps\hotel_service.war has finished in 352 ms
Apr 25, 2019 11:01:00 PM org.apache.catalina.startup.HostConfig deployWAR
INFO: Deploying web application archive C:\Users\CJR5662\Documents\Net\ReservationService\tomcat\tomcathome\webapps\orchestrator_service.war
Apr 25, 2019 11:01:00 PM org.apache.catalina.startup.TldConfig execute
INFO: At least one JAR was scanned for TLDs yet contained no TLDs. Enable debug logging for this logger for a complete list of JARs that were scanned but no TLDs were found in them. Skipping unneeded JARs during scanning can improve startup time and JSP compilation time.
Apr 25, 2019 11:01:00 PM org.apache.catalina.startup.HostConfig deployWAR
INFO: Deployment of web application archive C:\Users\CJR5662\Documents\Net\ReservationService\tomcat\tomcathome\webapps\orchestrator_service.war has finished in 342 ms
Apr 25, 2019 11:01:00 PM org.apache.catalina.startup.HostConfig deployWAR
INFO: Deploying web application archive C:\Users\CJR5662\Documents\Net\ReservationService\tomcat\tomcathome\webapps\vehicle_service.war
Apr 25, 2019 11:01:00 PM org.apache.catalina.startup.TldConfig execute
INFO: At least one JAR was scanned for TLDs yet contained no TLDs. Enable debug logging for this logger for a complete list of JARs that were scanned but no TLDs were found in them. Skipping unneeded JARs during scanning can improve startup time and JSP compilation time.
Apr 25, 2019 11:01:00 PM org.apache.catalina.startup.HostConfig deployWAR
INFO: Deployment of web application archive C:\Users\CJR5662\Documents\Net\ReservationService\tomcat\tomcathome\webapps\vehicle_service.war has finished in 342 ms
Apr 25, 2019 11:01:00 PM org.apache.catalina.startup.HostConfig deployDirectory
INFO: Deploying web application directory C:\Users\CJR5662\Documents\Net\ReservationService\tomcat\tomcathome\webapps\docs
Apr 25, 2019 11:01:01 PM org.apache.catalina.startup.TldConfig execute
INFO: At least one JAR was scanned for TLDs yet contained no TLDs. Enable debug logging for this logger for a complete list of JARs that were scanned but no TLDs were found in them. Skipping unneeded JARs during scanning can improve startup time and JSP compilation time.
Apr 25, 2019 11:01:01 PM org.apache.catalina.startup.HostConfig deployDirectory
INFO: Deployment of web application directory C:\Users\CJR5662\Documents\Net\ReservationService\tomcat\tomcathome\webapps\docs has finished in 279 ms
Apr 25, 2019 11:01:01 PM org.apache.catalina.startup.HostConfig deployDirectory
INFO: Deploying web application directory C:\Users\CJR5662\Documents\Net\ReservationService\tomcat\tomcathome\webapps\examples
Apr 25, 2019 11:01:01 PM org.apache.catalina.startup.TldConfig execute
INFO: At least one JAR was scanned for TLDs yet contained no TLDs. Enable debug logging for this logger for a complete list of JARs that were scanned but no TLDs were found in them. Skipping unneeded JARs during scanning can improve startup time and JSP compilation time.
Apr 25, 2019 11:01:01 PM org.apache.catalina.startup.HostConfig deployDirectory
INFO: Deployment of web application directory C:\Users\CJR5662\Documents\Net\ReservationService\tomcat\tomcathome\webapps\examples has finished in 500 ms
Apr 25, 2019 11:01:01 PM org.apache.catalina.startup.HostConfig deployDirectory
INFO: Deploying web application directory C:\Users\CJR5662\Documents\Net\ReservationService\tomcat\tomcathome\webapps\host-manager
Apr 25, 2019 11:01:02 PM org.apache.catalina.startup.TldConfig execute
INFO: At least one JAR was scanned for TLDs yet contained no TLDs. Enable debug logging for this logger for a complete list of JARs that were scanned but no TLDs were found in them. Skipping unneeded JARs during scanning can improve startup time and JSP compilation time.
Apr 25, 2019 11:01:02 PM org.apache.catalina.startup.HostConfig deployDirectory
INFO: Deployment of web application directory C:\Users\CJR5662\Documents\Net\ReservationService\tomcat\tomcathome\webapps\host-manager has finished in 336 ms
Apr 25, 2019 11:01:02 PM org.apache.catalina.startup.HostConfig deployDirectory
INFO: Deploying web application directory C:\Users\CJR5662\Documents\Net\ReservationService\tomcat\tomcathome\webapps\manager
Apr 25, 2019 11:01:02 PM org.apache.catalina.startup.TldConfig execute
INFO: At least one JAR was scanned for TLDs yet contained no TLDs. Enable debug logging for this logger for a complete list of JARs that were scanned but no TLDs were found in them. Skipping unneeded JARs during scanning can improve startup time and JSP compilation time.
Apr 25, 2019 11:01:02 PM org.apache.catalina.startup.HostConfig deployDirectory
INFO: Deployment of web application directory C:\Users\CJR5662\Documents\Net\ReservationService\tomcat\tomcathome\webapps\manager has finished in 241 ms
Apr 25, 2019 11:01:02 PM org.apache.catalina.startup.HostConfig deployDirectory
INFO: Deploying web application directory C:\Users\CJR5662\Documents\Net\ReservationService\tomcat\tomcathome\webapps\ROOT
Apr 25, 2019 11:01:02 PM org.apache.catalina.startup.TldConfig execute
INFO: At least one JAR was scanned for TLDs yet contained no TLDs. Enable debug logging for this logger for a complete list of JARs that were scanned but no TLDs were found in them. Skipping unneeded JARs during scanning can improve startup time and JSP compilation time.
Apr 25, 2019 11:01:02 PM org.apache.catalina.startup.HostConfig deployDirectory
INFO: Deployment of web application directory C:\Users\CJR5662\Documents\Net\ReservationService\tomcat\tomcathome\webapps\ROOT has finished in 243 ms
Apr 25, 2019 11:01:02 PM org.apache.coyote.AbstractProtocol start
INFO: Starting ProtocolHandler ["http-apr-8080"]
Apr 25, 2019 11:01:02 PM org.apache.coyote.AbstractProtocol start
INFO: Starting ProtocolHandler ["http-nio-8443"]
Apr 25, 2019 11:01:02 PM org.apache.coyote.AbstractProtocol start
INFO: Starting ProtocolHandler ["ajp-apr-8009"]
Apr 25, 2019 11:01:02 PM org.apache.catalina.startup.Catalina start
INFO: Server startup in 4509 ms
Apr 25, 2019 11:01:29 PM services.orchestrator_service.Client.UUIDHandler getHeaders
INFO: getHeaders
Apr 25, 2019 11:01:29 PM services.orchestrator_service.Client.UUIDHandler handleMessage
INFO: handleMessage
Apr 25, 2019 11:01:30 PM services.orchestrator_service.Client.UUIDHandler handleMessage
INFO: handleMessage
Apr 25, 2019 11:01:30 PM services.orchestrator_service.Client.UUIDHandler close
INFO: close
Apr 25, 2019 11:01:30 PM services.orchestrator_service.Client.UUIDHandler getHeaders
INFO: getHeaders
Apr 25, 2019 11:01:30 PM services.orchestrator_service.Client.UUIDHandler handleMessage
INFO: handleMessage
Apr 25, 2019 11:01:30 PM services.orchestrator_service.Client.UUIDHandler handleMessage
INFO: handleMessage
Apr 25, 2019 11:01:30 PM services.orchestrator_service.Client.UUIDHandler close
INFO: close
Apr 25, 2019 11:01:39 PM services.orchestrator_service.Client.UUIDHandler getHeaders
INFO: getHeaders
Apr 25, 2019 11:01:39 PM services.orchestrator_service.Client.UUIDHandler handleMessage
INFO: handleMessage
Apr 25, 2019 11:01:39 PM services.orchestrator_service.Client.UUIDHandler handleFault
INFO: handleFault
Apr 25, 2019 11:01:39 PM services.orchestrator_service.Client.UUIDHandler close
INFO: close
Apr 25, 2019 11:01:39 PM services.orchestrator_service.Client.UUIDHandler getHeaders
INFO: getHeaders
Apr 25, 2019 11:01:39 PM services.orchestrator_service.Client.UUIDHandler handleMessage
INFO: handleMessage
Apr 25, 2019 11:01:39 PM services.orchestrator_service.Client.UUIDHandler handleFault
INFO: handleFault
Apr 25, 2019 11:01:39 PM services.orchestrator_service.Client.UUIDHandler close
INFO: close
Apr 25, 2019 11:01:58 PM org.apache.catalina.core.StandardServer await
INFO: A valid shutdown command was received via the shutdown port. Stopping the Server instance.
Apr 25, 2019 11:01:58 PM org.apache.coyote.AbstractProtocol pause
INFO: Pausing ProtocolHandler ["http-apr-8080"]
Apr 25, 2019 11:01:58 PM org.apache.coyote.AbstractProtocol pause
INFO: Pausing ProtocolHandler ["http-nio-8443"]
Apr 25, 2019 11:01:58 PM org.apache.coyote.AbstractProtocol pause
INFO: Pausing ProtocolHandler ["ajp-apr-8009"]
Apr 25, 2019 11:01:58 PM org.apache.catalina.core.StandardService stopInternal
INFO: Stopping service Catalina
Apr 25, 2019 11:01:58 PM org.apache.coyote.AbstractProtocol stop
INFO: Stopping ProtocolHandler ["http-apr-8080"]
Apr 25, 2019 11:01:58 PM org.apache.coyote.AbstractProtocol stop
INFO: Stopping ProtocolHandler ["http-nio-8443"]
Apr 25, 2019 11:01:58 PM org.apache.coyote.AbstractProtocol stop
INFO: Stopping ProtocolHandler ["ajp-apr-8009"]
Apr 25, 2019 11:01:58 PM org.apache.coyote.AbstractProtocol destroy
INFO: Destroying ProtocolHandler ["http-apr-8080"]
Apr 25, 2019 11:01:58 PM org.apache.coyote.AbstractProtocol destroy
INFO: Destroying ProtocolHandler ["http-nio-8443"]
Apr 25, 2019 11:01:58 PM org.apache.coyote.AbstractProtocol destroy
INFO: Destroying ProtocolHandler ["ajp-apr-8009"]
